{"numTotalTestSuites":2,"numPassedTestSuites":2,"numFailedTestSuites":0,"numPendingTestSuites":0,"numTotalTests":3,"numPassedTests":3,"numFailedTests":0,"numPendingTests":0,"numTodoTests":0,"snapshot":{"added":0,"failure":false,"filesAdded":0,"filesRemoved":0,"filesRemovedList":[],"filesUnmatched":0,"filesUpdated":0,"matched":0,"total":0,"unchecked":0,"uncheckedKeysByFile":[],"unmatched":0,"updated":0,"didUpdate":false},"startTime":1779782169774,"success":true,"testResults":[{"assertionResults":[{"ancestorTitles":["completion evaluation (T10591)"],"fullName":"completion evaluation (T10591) returns unsatisfied text, evidence, and child criteria","status":"passed","title":"returns unsatisfied text, evidence, and child criteria","duration":91.31347100000005,"failureMessages":[],"meta":{},"tags":[]},{"ancestorTitles":["completion evaluation (T10591)"],"fullName":"completion evaluation (T10591) treats a cancelled child as satisfied only when explicitly waived","status":"passed","title":"treats a cancelled child as satisfied only when explicitly waived","duration":67.03035599999987,"failureMessages":[],"meta":{},"tags":[]},{"ancestorTitles":["completion evaluation (T10591)"],"fullName":"completion evaluation (T10591) detects stale completion when an already-done parent has unsatisfied criteria","status":"passed","title":"detects stale completion when an already-done parent has unsatisfied criteria","duration":62.8996259999999,"failureMessages":[],"meta":{},"tags":[]}],"startTime":1779782171472,"endTime":1779782171692.8997,"status":"passed","message":"","name":"/home/keatonhoskins/.local/share/cleo/worktrees/1e3146b7352ba279/T10591/packages/core/src/tasks/__tests__/completion-evaluation.test.ts"}]}