{"numTotalTestSuites":2,"numPassedTestSuites":2,"numFailedTestSuites":0,"numPendingTestSuites":0,"numTotalTests":3,"numPassedTests":3,"numFailedTests":0,"numPendingTests":0,"numTodoTests":0,"snapshot":{"added":0,"failure":false,"filesAdded":0,"filesRemoved":0,"filesRemovedList":[],"filesUnmatched":0,"filesUpdated":0,"matched":0,"total":0,"unchecked":0,"uncheckedKeysByFile":[],"unmatched":0,"updated":0,"didUpdate":false},"startTime":1779782285756,"success":true,"testResults":[{"assertionResults":[{"ancestorTitles":["completion evaluation (T10591)"],"fullName":"completion evaluation (T10591) returns unsatisfied text, evidence, and child criteria","status":"passed","title":"returns unsatisfied text, evidence, and child criteria","duration":99.79577300000005,"failureMessages":[],"meta":{},"tags":[]},{"ancestorTitles":["completion evaluation (T10591)"],"fullName":"completion evaluation (T10591) treats a cancelled child as satisfied only when explicitly waived","status":"passed","title":"treats a cancelled child as satisfied only when explicitly waived","duration":73.99147500000004,"failureMessages":[],"meta":{},"tags":[]},{"ancestorTitles":["completion evaluation (T10591)"],"fullName":"completion evaluation (T10591) detects stale completion when an already-done parent has unsatisfied criteria","status":"passed","title":"detects stale completion when an already-done parent has unsatisfied criteria","duration":71.21913900000004,"failureMessages":[],"meta":{},"tags":[]}],"startTime":1779782287699,"endTime":1779782287944.2192,"status":"passed","message":"","name":"/mnt/projects/cleocode/packages/core/src/tasks/__tests__/completion-evaluation.test.ts"}]}