{"numTotalTestSuites":11,"numPassedTestSuites":11,"numFailedTestSuites":0,"numPendingTestSuites":0,"numTotalTests":27,"numPassedTests":27,"numFailedTests":0,"numPendingTests":0,"numTodoTests":0,"snapshot":{"added":0,"failure":false,"filesAdded":0,"filesRemoved":0,"filesRemovedList":[],"filesUnmatched":0,"filesUpdated":0,"matched":0,"total":0,"unchecked":0,"uncheckedKeysByFile":[],"unmatched":0,"updated":0,"didUpdate":false},"startTime":1779801454108,"success":true,"testResults":[{"assertionResults":[{"ancestorTitles":["projectMvi"],"fullName":"projectMvi keeps the allow-listed task fields","status":"passed","title":"keeps the allow-listed task fields","duration":1.186616000000015,"failureMessages":[],"meta":{},"tags":[]},{"ancestorTitles":["projectMvi"],"fullName":"projectMvi drops description / verification / acceptance / labels under task mode","status":"passed","title":"drops description / verification / acceptance / labels under task mode","duration":0.17535100000000625,"failureMessages":[],"meta":{},"tags":[]},{"ancestorTitles":["projectMvi"],"fullName":"projectMvi keeps childRollup on epic kind but drops it on task kind","status":"passed","title":"keeps childRollup on epic kind but drops it on task kind","duration":0.1392500000000041,"failureMessages":[],"meta":{},"tags":[]},{"ancestorTitles":["projectMvi"],"fullName":"projectMvi keeps allow-listed doc fields and drops the rest","status":"passed","title":"keeps allow-listed doc fields and drops the rest","duration":0.1179079999999999,"failureMessages":[],"meta":{},"tags":[]},{"ancestorTitles":["projectMvi"],"fullName":"projectMvi passes records through unchanged for unknown kind","status":"passed","title":"passes records through unchanged for unknown kind","duration":0.0661839999999927,"failureMessages":[],"meta":{},"tags":[]},{"ancestorTitles":["projectMviList"],"fullName":"projectMviList projects every element of an array","status":"passed","title":"projects every element of an array","duration":0.532652000000013,"failureMessages":[],"meta":{},"tags":[]},{"ancestorTitles":["projectMviList"],"fullName":"projectMviList returns an empty array unchanged in shape","status":"passed","title":"returns an empty array unchanged in shape","duration":0.11355299999999602,"failureMessages":[],"meta":{},"tags":[]},{"ancestorTitles":["resolveProjectionMode"],"fullName":"resolveProjectionMode returns mvi when the opt-out signal is absent","status":"passed","title":"returns mvi when the opt-out signal is absent","duration":0.09741399999998634,"failureMessages":[],"meta":{},"tags":[]},{"ancestorTitles":["resolveProjectionMode"],"fullName":"resolveProjectionMode returns full when the opt-out signal is true","status":"passed","title":"returns full when the opt-out signal is true","duration":0.07583900000000199,"failureMessages":[],"meta":{},"tags":[]},{"ancestorTitles":["PROJECTION_PLANS — SSoT for read ops"],"fullName":"PROJECTION_PLANS — SSoT for read ops declares plans for the T9922 acceptance ops","status":"passed","title":"declares plans for the T9922 acceptance ops","duration":0.12507700000000455,"failureMessages":[],"meta":{},"tags":[]},{"ancestorTitles":["PROJECTION_PLANS — SSoT for read ops"],"fullName":"PROJECTION_PLANS — SSoT for read ops does not project mutate ops by default","status":"passed","title":"does not project mutate ops by default","duration":0.06857500000000982,"failureMessages":[],"meta":{},"tags":[]},{"ancestorTitles":["applyProjectionPlan"],"fullName":"applyProjectionPlan projects tasks.show data.task under mvi mode while preserving relation counts","status":"passed","title":"projects tasks.show data.task under mvi mode while preserving relation counts","duration":0.1722300000000132,"failureMessages":[],"meta":{},"tags":[]},{"ancestorTitles":["applyProjectionPlan"],"fullName":"applyProjectionPlan is a no-op under full mode","status":"passed","title":"is a no-op under full mode","duration":0.04724000000001638,"failureMessages":[],"meta":{},"tags":[]},{"ancestorTitles":["applyProjectionPlan"],"fullName":"applyProjectionPlan projects every element of tasks.list data.tasks","status":"passed","title":"projects every element of tasks.list data.tasks","duration":0.13889599999998836,"failureMessages":[],"meta":{},"tags":[]},{"ancestorTitles":["applyProjectionPlan"],"fullName":"applyProjectionPlan projects every element of tasks.find data.results","status":"passed","title":"projects every element of tasks.find data.results","duration":0.05670599999999126,"failureMessages":[],"meta":{},"tags":[]},{"ancestorTitles":["applyProjectionPlan"],"fullName":"applyProjectionPlan projects docs.list data.attachments","status":"passed","title":"projects docs.list data.attachments","duration":0.05799500000000535,"failureMessages":[],"meta":{},"tags":[]},{"ancestorTitles":["applyProjectionPlan"],"fullName":"applyProjectionPlan projects docs.fetch data.metadata","status":"passed","title":"projects docs.fetch data.metadata","duration":0.06927500000000464,"failureMessages":[],"meta":{},"tags":[]},{"ancestorTitles":["applyProjectionPlan"],"fullName":"applyProjectionPlan returns data unchanged when the operation has no plan","status":"passed","title":"returns data unchanged when the operation has no plan","duration":0.0393190000000061,"failureMessages":[],"meta":{},"tags":[]},{"ancestorTitles":["applyProjectionPlan"],"fullName":"applyProjectionPlan is safe when the target path is missing from the envelope","status":"passed","title":"is safe when the target path is missing from the envelope","duration":0.030327999999997246,"failureMessages":[],"meta":{},"tags":[]},{"ancestorTitles":["applyProjectionPlan"],"fullName":"applyProjectionPlan passes through null / undefined / primitive data","status":"passed","title":"passes through null / undefined / primitive data","duration":0.04871599999998466,"failureMessages":[],"meta":{},"tags":[]}],"startTime":1779801455771,"endTime":1779801455774.172,"status":"passed","message":"","name":"/mnt/projects/cleocode/packages/core/src/dispatch/__tests__/mvi-projection.test.ts"},{"assertionResults":[{"ancestorTitles":["taskShowWithHistory","without --history flag"],"fullName":"taskShowWithHistory without --history flag returns success with task but no history key","status":"passed","title":"returns success with task but no history key","duration":2.2243190000001505,"failureMessages":[],"meta":{},"tags":[]},{"ancestorTitles":["taskShowWithHistory","with --history flag"],"fullName":"taskShowWithHistory with --history flag returns success with task and history array when pipeline exists","status":"passed","title":"returns success with task and history array when pipeline exists","duration":0.9134899999999107,"failureMessages":[],"meta":{},"tags":[]},{"ancestorTitles":["taskShowWithHistory","with --history flag"],"fullName":"taskShowWithHistory with --history flag history entries have the required shape","status":"passed","title":"history entries have the required shape","duration":0.956277,"failureMessages":[],"meta":{},"tags":[]},{"ancestorTitles":["taskShowWithHistory","with --history flag"],"fullName":"taskShowWithHistory with --history flag maps completedAt and outputFile from lifecycle status","status":"passed","title":"maps completedAt and outputFile from lifecycle status","duration":0.3890799999999217,"failureMessages":[],"meta":{},"tags":[]},{"ancestorTitles":["taskShowWithHistory","with --history flag"],"fullName":"taskShowWithHistory with --history flag returns history: [] when task has no pipeline (not an error)","status":"passed","title":"returns history: [] when task has no pipeline (not an error)","duration":0.35540900000000875,"failureMessages":[],"meta":{},"tags":[]},{"ancestorTitles":["taskShowWithHistory","with --history flag"],"fullName":"taskShowWithHistory with --history flag returns history: [] for uninitialized pipeline","status":"passed","title":"returns history: [] for uninitialized pipeline","duration":0.31690100000014354,"failureMessages":[],"meta":{},"tags":[]},{"ancestorTitles":["taskShowWithHistory","taskShowOperation --relations"],"fullName":"taskShowWithHistory taskShowOperation --relations returns compact counts by default and expands relation/doc lists when requested","status":"passed","title":"returns compact counts by default and expands relation/doc lists when requested","duration":0.463551999999936,"failureMessages":[],"meta":{},"tags":[]}],"startTime":1779801456863,"endTime":1779801456868.4636,"status":"passed","message":"","name":"/mnt/projects/cleocode/packages/core/src/tasks/__tests__/task-show-history.test.ts"}]}