{"numTotalTestSuites":25,"numPassedTestSuites":25,"numFailedTestSuites":0,"numPendingTestSuites":0,"numTotalTests":89,"numPassedTests":89,"numFailedTests":0,"numPendingTests":0,"numTodoTests":0,"snapshot":{"added":0,"failure":false,"filesAdded":0,"filesRemoved":0,"filesRemovedList":[],"filesUnmatched":0,"filesUpdated":0,"matched":0,"total":0,"unchecked":0,"uncheckedKeysByFile":[],"unmatched":0,"updated":0,"didUpdate":false},"startTime":1779858161310,"success":true,"testResults":[{"assertionResults":[{"ancestorTitles":["getCleoDirAbsolute — root-cause chokepoint (T9803 / D009)","AC-2 (regression): refuses fallback ONLY when inside a worktree"],"fullName":"getCleoDirAbsolute — root-cause chokepoint (T9803 / D009) AC-2 (regression): refuses fallback ONLY when inside a worktree THROWS when called from a directory with a worktree gitlink (.git as FILE)","status":"passed","title":"THROWS when called from a directory with a worktree gitlink (.git as FILE)","duration":3.8955470000000787,"failureMessages":[],"meta":{},"tags":[]},{"ancestorTitles":["getCleoDirAbsolute — root-cause chokepoint (T9803 / D009)","AC-2 (regression): refuses fallback ONLY when inside a worktree"],"fullName":"getCleoDirAbsolute — root-cause chokepoint (T9803 / D009) AC-2 (regression): refuses fallback ONLY when inside a worktree does NOT create an orphan .cleo/ when inside a worktree on throw","status":"passed","title":"does NOT create an orphan .cleo/ when inside a worktree on throw","duration":0.9960159999991447,"failureMessages":[],"meta":{},"tags":[]},{"ancestorTitles":["getCleoDirAbsolute — root-cause chokepoint (T9803 / D009)","AC-2 (regression): refuses fallback ONLY when inside a worktree"],"fullName":"getCleoDirAbsolute — root-cause chokepoint (T9803 / D009) AC-2 (regression): refuses fallback ONLY when inside a worktree ALLOWS fallback when no .git ancestor exists (clean test fixture)","status":"passed","title":"ALLOWS fallback when no .git ancestor exists (clean test fixture)","duration":0.3947580000003654,"failureMessages":[],"meta":{},"tags":[]},{"ancestorTitles":["getCleoDirAbsolute — root-cause chokepoint (T9803 / D009)","AC bootstrap: explicit opt-in restores legacy fallback"],"fullName":"getCleoDirAbsolute — root-cause chokepoint (T9803 / D009) AC bootstrap: explicit opt-in restores legacy fallback returns <cwd>/.cleo when called with { bootstrap: true }","status":"passed","title":"returns <cwd>/.cleo when called with { bootstrap: true }","duration":0.2685510000001159,"failureMessages":[],"meta":{},"tags":[]},{"ancestorTitles":["getCleoDirAbsolute — root-cause chokepoint (T9803 / D009)","AC bootstrap: explicit opt-in restores legacy fallback"],"fullName":"getCleoDirAbsolute — root-cause chokepoint (T9803 / D009) AC bootstrap: explicit opt-in restores legacy fallback does NOT auto-create the directory on bootstrap-mode read","status":"passed","title":"does NOT auto-create the directory on bootstrap-mode read","duration":0.23146600000018225,"failureMessages":[],"meta":{},"tags":[]},{"ancestorTitles":["getCleoDirAbsolute — root-cause chokepoint (T9803 / D009)","AC bootstrap: explicit opt-in restores legacy fallback"],"fullName":"getCleoDirAbsolute — root-cause chokepoint (T9803 / D009) AC bootstrap: explicit opt-in restores legacy fallback falls back to process.cwd() when cwd is omitted under bootstrap","status":"passed","title":"falls back to process.cwd() when cwd is omitted under bootstrap","duration":54.6161919999995,"failureMessages":[],"meta":{},"tags":[]},{"ancestorTitles":["getCleoDirAbsolute — root-cause chokepoint (T9803 / D009)","AC-3 (three-worktree-deep): nested simulated worktrees stay clean"],"fullName":"getCleoDirAbsolute — root-cause chokepoint (T9803 / D009) AC-3 (three-worktree-deep): nested simulated worktrees stay clean does NOT create .cleo/ in any of 3 nested worktree-like dirs","status":"passed","title":"does NOT create .cleo/ in any of 3 nested worktree-like dirs","duration":1.0923439999996845,"failureMessages":[],"meta":{},"tags":[]},{"ancestorTitles":["getCleoDirAbsolute — root-cause chokepoint (T9803 / D009)","AC SSoT: absolute CLEO_DIR bypass still wins"],"fullName":"getCleoDirAbsolute — root-cause chokepoint (T9803 / D009) AC SSoT: absolute CLEO_DIR bypass still wins returns CLEO_DIR verbatim when it is absolute (no walk, no throw)","status":"passed","title":"returns CLEO_DIR verbatim when it is absolute (no walk, no throw)","duration":0.21078399999987596,"failureMessages":[],"meta":{},"tags":[]}],"startTime":1779858168148,"endTime":1779858168210.2107,"status":"passed","message":"","name":"/mnt/projects/cleocode/packages/core/src/__tests__/paths-rootcause-chokepoint.test.ts"},{"assertionResults":[{"ancestorTitles":["getCleoHome"],"fullName":"getCleoHome defaults to OS-appropriate env-paths data dir","status":"passed","title":"defaults to OS-appropriate env-paths data dir","duration":1.1292510000002949,"failureMessages":[],"meta":{},"tags":[]},{"ancestorTitles":["getCleoHome"],"fullName":"getCleoHome respects CLEO_HOME env var","status":"passed","title":"respects CLEO_HOME env var","duration":0.17719600000054925,"failureMessages":[],"meta":{},"tags":[]},{"ancestorTitles":["getCleoDir"],"fullName":"getCleoDir defaults to .cleo","status":"passed","title":"defaults to .cleo","duration":0.128922999999304,"failureMessages":[],"meta":{},"tags":[]},{"ancestorTitles":["getCleoDir"],"fullName":"getCleoDir respects CLEO_DIR env var","status":"passed","title":"respects CLEO_DIR env var","duration":0.10569399999985762,"failureMessages":[],"meta":{},"tags":[]},{"ancestorTitles":["getCleoDirAbsolute"],"fullName":"getCleoDirAbsolute resolves relative path against cwd (bootstrap mode)","status":"passed","title":"resolves relative path against cwd (bootstrap mode)","duration":0.536366000000271,"failureMessages":[],"meta":{},"tags":[]},{"ancestorTitles":["getCleoDirAbsolute"],"fullName":"getCleoDirAbsolute throws when called from inside a worktree without bootstrap (T9803)","status":"passed","title":"throws when called from inside a worktree without bootstrap (T9803)","duration":0.9217869999993127,"failureMessages":[],"meta":{},"tags":[]},{"ancestorTitles":["getCleoDirAbsolute"],"fullName":"getCleoDirAbsolute returns absolute CLEO_DIR as-is","status":"passed","title":"returns absolute CLEO_DIR as-is","duration":0.10935799999970186,"failureMessages":[],"meta":{},"tags":[]},{"ancestorTitles":["getProjectRoot"],"fullName":"getProjectRoot returns the directory containing .cleo/ when called with that directory","status":"passed","title":"returns the directory containing .cleo/ when called with that directory","duration":0.5279609999997774,"failureMessages":[],"meta":{},"tags":[]},{"ancestorTitles":["getProjectRoot"],"fullName":"getProjectRoot respects CLEO_ROOT env var — bypasses walk entirely","status":"passed","title":"respects CLEO_ROOT env var — bypasses walk entirely","duration":0.7295789999998306,"failureMessages":[],"meta":{},"tags":[]},{"ancestorTitles":["getProjectRoot — worktree gitlink resolution (T11034)"],"fullName":"getProjectRoot — worktree gitlink resolution (T11034) resolves to main repo from worktree root (start-level gitlink)","status":"passed","title":"resolves to main repo from worktree root (start-level gitlink)","duration":0.5721189999994749,"failureMessages":[],"meta":{},"tags":[]},{"ancestorTitles":["getProjectRoot — worktree gitlink resolution (T11034)"],"fullName":"getProjectRoot — worktree gitlink resolution (T11034) resolves to main repo from worktree subdirectory (ancestor-walk gitlink)","status":"passed","title":"resolves to main repo from worktree subdirectory (ancestor-walk gitlink)","duration":0.6061879999997473,"failureMessages":[],"meta":{},"tags":[]},{"ancestorTitles":["getProjectRoot — worktree gitlink resolution (T11034)"],"fullName":"getProjectRoot — worktree gitlink resolution (T11034) resolves to main repo from deeply nested worktree subdirectory","status":"passed","title":"resolves to main repo from deeply nested worktree subdirectory","duration":0.7176210000006904,"failureMessages":[],"meta":{},"tags":[]},{"ancestorTitles":["getProjectRoot — worktree gitlink resolution (T11034)"],"fullName":"getProjectRoot — worktree gitlink resolution (T11034) getCleoDirAbsolute from worktree subdirectory returns parent project .cleo","status":"passed","title":"getCleoDirAbsolute from worktree subdirectory returns parent project .cleo","duration":0.6595590000006268,"failureMessages":[],"meta":{},"tags":[]},{"ancestorTitles":["getProjectRoot — worktree gitlink resolution (T11034)"],"fullName":"getProjectRoot — worktree gitlink resolution (T11034) getCleoDirAbsolute from worktree root returns parent project .cleo","status":"passed","title":"getCleoDirAbsolute from worktree root returns parent project .cleo","duration":0.43820599999980914,"failureMessages":[],"meta":{},"tags":[]},{"ancestorTitles":["getProjectRoot — worktree gitlink resolution (T11034)"],"fullName":"getProjectRoot — worktree gitlink resolution (T11034) still throws for worktree whose gitlink points to non-existent main repo","status":"passed","title":"still throws for worktree whose gitlink points to non-existent main repo","duration":0.7112209999995684,"failureMessages":[],"meta":{},"tags":[]},{"ancestorTitles":["getProjectRoot — worktree gitlink resolution (T11034)"],"fullName":"getProjectRoot — worktree gitlink resolution (T11034) still throws for worktree with unparseable gitlink content","status":"passed","title":"still throws for worktree with unparseable gitlink content","duration":0.5769260000006398,"failureMessages":[],"meta":{},"tags":[]},{"ancestorTitles":["getProjectRoot — worktree gitlink resolution (T11034)"],"fullName":"getProjectRoot — worktree gitlink resolution (T11034) does not create .cleo/ inside worktree during resolution","status":"passed","title":"does not create .cleo/ inside worktree during resolution","duration":0.965132999999696,"failureMessages":[],"meta":{},"tags":[]},{"ancestorTitles":["resolveProjectPath"],"fullName":"resolveProjectPath returns absolute paths unchanged","status":"passed","title":"returns absolute paths unchanged","duration":0.3248309999999037,"failureMessages":[],"meta":{},"tags":[]},{"ancestorTitles":["resolveProjectPath"],"fullName":"resolveProjectPath resolves relative paths against project root","status":"passed","title":"resolves relative paths against project root","duration":0.24397899999985384,"failureMessages":[],"meta":{},"tags":[]},{"ancestorTitles":["resolveProjectPath"],"fullName":"resolveProjectPath expands tilde to home directory","status":"passed","title":"expands tilde to home directory","duration":0.4478579999995418,"failureMessages":[],"meta":{},"tags":[]},{"ancestorTitles":["path helper functions"],"fullName":"path helper functions getTodoPath returns correct path","status":"passed","title":"getTodoPath returns correct path","duration":0.15968400000019756,"failureMessages":[],"meta":{},"tags":[]},{"ancestorTitles":["path helper functions"],"fullName":"path helper functions getConfigPath returns correct path","status":"passed","title":"getConfigPath returns correct path","duration":0.10062800000014249,"failureMessages":[],"meta":{},"tags":[]},{"ancestorTitles":["path helper functions"],"fullName":"path helper functions getBackupDir returns correct path","status":"passed","title":"getBackupDir returns correct path","duration":0.07432100000005448,"failureMessages":[],"meta":{},"tags":[]},{"ancestorTitles":["path helper functions"],"fullName":"path helper functions getGlobalConfigPath returns correct path","status":"passed","title":"getGlobalConfigPath returns correct path","duration":0.126669999999649,"failureMessages":[],"meta":{},"tags":[]},{"ancestorTitles":["getAgentOutputsDir"],"fullName":"getAgentOutputsDir returns default when no config exists","status":"passed","title":"returns default when no config exists","duration":0.3121519999995144,"failureMessages":[],"meta":{},"tags":[]},{"ancestorTitles":["getAgentOutputsDir"],"fullName":"getAgentOutputsDir reads agentOutputs.directory from config","status":"passed","title":"reads agentOutputs.directory from config","duration":0.34954500000003463,"failureMessages":[],"meta":{},"tags":[]},{"ancestorTitles":["getAgentOutputsDir"],"fullName":"getAgentOutputsDir reads agentOutputs as plain string from config","status":"passed","title":"reads agentOutputs as plain string from config","duration":0.3062600000002931,"failureMessages":[],"meta":{},"tags":[]},{"ancestorTitles":["getAgentOutputsDir"],"fullName":"getAgentOutputsDir falls back to research.outputDir (deprecated)","status":"passed","title":"falls back to research.outputDir (deprecated)","duration":0.2898750000003929,"failureMessages":[],"meta":{},"tags":[]},{"ancestorTitles":["getAgentOutputsDir"],"fullName":"getAgentOutputsDir falls back to directories.agentOutputs (deprecated)","status":"passed","title":"falls back to directories.agentOutputs (deprecated)","duration":0.27821700000004057,"failureMessages":[],"meta":{},"tags":[]},{"ancestorTitles":["getAgentOutputsDir"],"fullName":"getAgentOutputsDir uses priority order: agentOutputs > research > directories","status":"passed","title":"uses priority order: agentOutputs > research > directories","duration":0.2890980000001946,"failureMessages":[],"meta":{},"tags":[]},{"ancestorTitles":["getAgentOutputsDir"],"fullName":"getAgentOutputsDir falls back to default on invalid config JSON","status":"passed","title":"falls back to default on invalid config JSON","duration":0.301155000000108,"failureMessages":[],"meta":{},"tags":[]},{"ancestorTitles":["getAgentOutputsAbsolute"],"fullName":"getAgentOutputsAbsolute resolves default to absolute path","status":"passed","title":"resolves default to absolute path","duration":0.3414649999995163,"failureMessages":[],"meta":{},"tags":[]},{"ancestorTitles":["getAgentOutputsAbsolute"],"fullName":"getAgentOutputsAbsolute returns absolute config path as-is","status":"passed","title":"returns absolute config path as-is","duration":0.3006760000007489,"failureMessages":[],"meta":{},"tags":[]},{"ancestorTitles":["getManifestPath — core/paths"],"fullName":"getManifestPath — core/paths returns default manifest path","status":"passed","title":"returns default manifest path","duration":0.4057759999996051,"failureMessages":[],"meta":{},"tags":[]},{"ancestorTitles":["getManifestPath — core/paths"],"fullName":"getManifestPath — core/paths respects custom output directory","status":"passed","title":"respects custom output directory","duration":0.3451939999995375,"failureMessages":[],"meta":{},"tags":[]},{"ancestorTitles":["getManifestPath — core/paths"],"fullName":"getManifestPath — core/paths respects custom manifest filename","status":"passed","title":"respects custom manifest filename","duration":0.3268900000002759,"failureMessages":[],"meta":{},"tags":[]},{"ancestorTitles":["getManifestArchivePath"],"fullName":"getManifestArchivePath returns default archive path","status":"passed","title":"returns default archive path","duration":0.530069999999796,"failureMessages":[],"meta":{},"tags":[]},{"ancestorTitles":["resolveCanonicalCleoDir"],"fullName":"resolveCanonicalCleoDir returns canonical .cleo/ path for a known projectId (AC3)","status":"passed","title":"returns canonical .cleo/ path for a known projectId (AC3)","duration":7.256875000000036,"failureMessages":[],"meta":{},"tags":[]},{"ancestorTitles":["resolveCanonicalCleoDir"],"fullName":"resolveCanonicalCleoDir looks up projectId in nexus registry (AC2)","status":"passed","title":"looks up projectId in nexus registry (AC2)","duration":10.159097000000656,"failureMessages":[],"meta":{},"tags":[]},{"ancestorTitles":["resolveCanonicalCleoDir"],"fullName":"resolveCanonicalCleoDir throws E_PROJECT_NOT_FOUND when projectId not in registry (AC4)","status":"passed","title":"throws E_PROJECT_NOT_FOUND when projectId not in registry (AC4)","duration":6.892007000000376,"failureMessages":[],"meta":{},"tags":[]},{"ancestorTitles":["resolveCanonicalCleoDir"],"fullName":"resolveCanonicalCleoDir throws E_PROJECT_NOT_FOUND when nexus.db does not exist","status":"passed","title":"throws E_PROJECT_NOT_FOUND when nexus.db does not exist","duration":0.25968899999952555,"failureMessages":[],"meta":{},"tags":[]},{"ancestorTitles":["resolveCanonicalCleoDir"],"fullName":"resolveCanonicalCleoDir returns same path for same projectId regardless of caller location (AC5)","status":"passed","title":"returns same path for same projectId regardless of caller location (AC5)","duration":6.793231999999989,"failureMessages":[],"meta":{},"tags":[]},{"ancestorTitles":["isAbsolutePath"],"fullName":"isAbsolutePath recognizes POSIX absolute paths","status":"passed","title":"recognizes POSIX absolute paths","duration":0.08350400000017544,"failureMessages":[],"meta":{},"tags":[]},{"ancestorTitles":["isAbsolutePath"],"fullName":"isAbsolutePath recognizes Windows drive letter paths","status":"passed","title":"recognizes Windows drive letter paths","duration":0.04787099999975908,"failureMessages":[],"meta":{},"tags":[]},{"ancestorTitles":["isAbsolutePath"],"fullName":"isAbsolutePath recognizes UNC paths","status":"passed","title":"recognizes UNC paths","duration":0.02804500000002008,"failureMessages":[],"meta":{},"tags":[]},{"ancestorTitles":["isAbsolutePath"],"fullName":"isAbsolutePath rejects relative paths","status":"passed","title":"rejects relative paths","duration":0.0500529999999344,"failureMessages":[],"meta":{},"tags":[]},{"ancestorTitles":["getCleoDirAbsolute — T11022 deprecation + strict mode"],"fullName":"getCleoDirAbsolute — T11022 deprecation + strict mode throws E_CWD_WALKUP_FORBIDDEN when CLEO_PATHS_STRICT=1 (AC2)","status":"passed","title":"throws E_CWD_WALKUP_FORBIDDEN when CLEO_PATHS_STRICT=1 (AC2)","duration":0.17789799999991374,"failureMessages":[],"meta":{},"tags":[]},{"ancestorTitles":["getCleoDirAbsolute — T11022 deprecation + strict mode"],"fullName":"getCleoDirAbsolute — T11022 deprecation + strict mode CLEO_PATHS_STRICT=1 error message includes resolveProjectByCwd + resolveCanonicalCleoDir (AC2)","status":"passed","title":"CLEO_PATHS_STRICT=1 error message includes resolveProjectByCwd + resolveCanonicalCleoDir (AC2)","duration":0.09490499999992608,"failureMessages":[],"meta":{},"tags":[]},{"ancestorTitles":["getCleoDirAbsolute — T11022 deprecation + strict mode"],"fullName":"getCleoDirAbsolute — T11022 deprecation + strict mode absolute CLEO_DIR passes through silently even with CLEO_PATHS_STRICT=1 (AC3)","status":"passed","title":"absolute CLEO_DIR passes through silently even with CLEO_PATHS_STRICT=1 (AC3)","duration":0.06742099999974016,"failureMessages":[],"meta":{},"tags":[]},{"ancestorTitles":["getCleoDirAbsolute — T11022 deprecation + strict mode"],"fullName":"getCleoDirAbsolute — T11022 deprecation + strict mode bootstrap=true skips deprecation and strict mode (AC3)","status":"passed","title":"bootstrap=true skips deprecation and strict mode (AC3)","duration":0.12995500000033644,"failureMessages":[],"meta":{},"tags":[]},{"ancestorTitles":["getCleoDirAbsolute — T11022 deprecation + strict mode"],"fullName":"getCleoDirAbsolute — T11022 deprecation + strict mode emits deprecation warning when CLEO_DEBUG is set, at most once per process (AC1/AC4)","status":"passed","title":"emits deprecation warning when CLEO_DEBUG is set, at most once per process (AC1/AC4)","duration":0.9008020000001125,"failureMessages":[],"meta":{},"tags":[]},{"ancestorTitles":["getCleoDirAbsolute — T11022 deprecation + strict mode"],"fullName":"getCleoDirAbsolute — T11022 deprecation + strict mode does NOT emit deprecation warning when CLEO_DEBUG is not set (AC1)","status":"passed","title":"does NOT emit deprecation warning when CLEO_DEBUG is not set (AC1)","duration":0.3370359999998982,"failureMessages":[],"meta":{},"tags":[]},{"ancestorTitles":["getCleoDirAbsolute — T11022 deprecation + strict mode"],"fullName":"getCleoDirAbsolute — T11022 deprecation + strict mode CLEO_PATHS_STRICT=1 throws before any deprecation warning (AC2)","status":"passed","title":"CLEO_PATHS_STRICT=1 throws before any deprecation warning (AC2)","duration":0.22026999999980035,"failureMessages":[],"meta":{},"tags":[]},{"ancestorTitles":["getCleoDirAbsolute — T11022 deprecation + strict mode"],"fullName":"getCleoDirAbsolute — T11022 deprecation + strict mode bootstrap=true does NOT emit deprecation warning (AC3)","status":"passed","title":"bootstrap=true does NOT emit deprecation warning (AC3)","duration":0.16630499999973836,"failureMessages":[],"meta":{},"tags":[]},{"ancestorTitles":["resolveProjectByCwd"],"fullName":"resolveProjectByCwd reads project-info.json from CWD (AC2)","status":"passed","title":"reads project-info.json from CWD (AC2)","duration":5.502394000000095,"failureMessages":[],"meta":{},"tags":[]},{"ancestorTitles":["resolveProjectByCwd"],"fullName":"resolveProjectByCwd walks up ancestors to find project-info.json (AC2 + AC6)","status":"passed","title":"walks up ancestors to find project-info.json (AC2 + AC6)","duration":4.5088310000001,"failureMessages":[],"meta":{},"tags":[]},{"ancestorTitles":["resolveProjectByCwd"],"fullName":"resolveProjectByCwd stops at first .cleo/project-info.json hit (AC6)","status":"passed","title":"stops at first .cleo/project-info.json hit (AC6)","duration":4.413944000000811,"failureMessages":[],"meta":{},"tags":[]},{"ancestorTitles":["resolveProjectByCwd"],"fullName":"resolveProjectByCwd falls back to nexus registry when no local project-info.json (AC3)","status":"passed","title":"falls back to nexus registry when no local project-info.json (AC3)","duration":7.547645999999986,"failureMessages":[],"meta":{},"tags":[]},{"ancestorTitles":["resolveProjectByCwd"],"fullName":"resolveProjectByCwd nexus fallback walks up ancestors for path match (AC3)","status":"passed","title":"nexus fallback walks up ancestors for path match (AC3)","duration":9.089219999999841,"failureMessages":[],"meta":{},"tags":[]},{"ancestorTitles":["resolveProjectByCwd"],"fullName":"resolveProjectByCwd returns canonical projectId string (AC4)","status":"passed","title":"returns canonical projectId string (AC4)","duration":4.401339000000007,"failureMessages":[],"meta":{},"tags":[]},{"ancestorTitles":["resolveProjectByCwd"],"fullName":"resolveProjectByCwd throws with remediation hint when no project found (AC5)","status":"passed","title":"throws with remediation hint when no project found (AC5)","duration":0.5769360000003871,"failureMessages":[],"meta":{},"tags":[]},{"ancestorTitles":["resolveProjectByCwd"],"fullName":"resolveProjectByCwd throws CleoError with NEXUS_PROJECT_NOT_FOUND exit code (AC5)","status":"passed","title":"throws CleoError with NEXUS_PROJECT_NOT_FOUND exit code (AC5)","duration":0.35276100000010047,"failureMessages":[],"meta":{},"tags":[]},{"ancestorTitles":["ID-Aware Path Resolver — resolveProjectByCwd + resolveCanonicalCleoDir (T11029)"],"fullName":"ID-Aware Path Resolver — resolveProjectByCwd + resolveCanonicalCleoDir (T11029) ID-aware describe block exists covering resolveProjectByCwd + resolveCanonicalCleoDir (AC1)","status":"passed","title":"ID-aware describe block exists covering resolveProjectByCwd + resolveCanonicalCleoDir (AC1)","duration":0.18225399999937508,"failureMessages":[],"meta":{},"tags":[]},{"ancestorTitles":["ID-Aware Path Resolver — resolveProjectByCwd + resolveCanonicalCleoDir (T11029)"],"fullName":"ID-Aware Path Resolver — resolveProjectByCwd + resolveCanonicalCleoDir (T11029) returns correct projectId when CWD is at project root with project-info.json (AC2)","status":"passed","title":"returns correct projectId when CWD is at project root with project-info.json (AC2)","duration":4.079434000000219,"failureMessages":[],"meta":{},"tags":[]},{"ancestorTitles":["ID-Aware Path Resolver — resolveProjectByCwd + resolveCanonicalCleoDir (T11029)"],"fullName":"ID-Aware Path Resolver — resolveProjectByCwd + resolveCanonicalCleoDir (T11029) resolves to parent project projectId when CWD is in subdirectory (AC3)","status":"passed","title":"resolves to parent project projectId when CWD is in subdirectory (AC3)","duration":3.914767000000211,"failureMessages":[],"meta":{},"tags":[]},{"ancestorTitles":["ID-Aware Path Resolver — resolveProjectByCwd + resolveCanonicalCleoDir (T11029)"],"fullName":"ID-Aware Path Resolver — resolveProjectByCwd + resolveCanonicalCleoDir (T11029) resolves to parent projectId from deeply nested subdirectory (AC3)","status":"passed","title":"resolves to parent projectId from deeply nested subdirectory (AC3)","duration":4.014918999999281,"failureMessages":[],"meta":{},"tags":[]},{"ancestorTitles":["ID-Aware Path Resolver — resolveProjectByCwd + resolveCanonicalCleoDir (T11029)"],"fullName":"ID-Aware Path Resolver — resolveProjectByCwd + resolveCanonicalCleoDir (T11029) resolves to a projectId (does not throw) from worktree root via gitlink (AC4)","status":"passed","title":"resolves to a projectId (does not throw) from worktree root via gitlink (AC4)","duration":4.35896799999955,"failureMessages":[],"meta":{},"tags":[]},{"ancestorTitles":["ID-Aware Path Resolver — resolveProjectByCwd + resolveCanonicalCleoDir (T11029)"],"fullName":"ID-Aware Path Resolver — resolveProjectByCwd + resolveCanonicalCleoDir (T11029) resolves to same projectId from main repo and worktree (AC4)","status":"passed","title":"resolves to same projectId from main repo and worktree (AC4)","duration":7.204996999999821,"failureMessages":[],"meta":{},"tags":[]},{"ancestorTitles":["ID-Aware Path Resolver — resolveProjectByCwd + resolveCanonicalCleoDir (T11029)"],"fullName":"ID-Aware Path Resolver — resolveProjectByCwd + resolveCanonicalCleoDir (T11029) throws with \"cleo init\" remediation hint when no CLEO project found (AC5)","status":"passed","title":"throws with \"cleo init\" remediation hint when no CLEO project found (AC5)","duration":0.4272270000001299,"failureMessages":[],"meta":{},"tags":[]},{"ancestorTitles":["ID-Aware Path Resolver — resolveProjectByCwd + resolveCanonicalCleoDir (T11029)"],"fullName":"ID-Aware Path Resolver — resolveProjectByCwd + resolveCanonicalCleoDir (T11029) throws with correct error code when no project found (AC5)","status":"passed","title":"throws with correct error code when no project found (AC5)","duration":0.2845579999993788,"failureMessages":[],"meta":{},"tags":[]},{"ancestorTitles":["ID-Aware Path Resolver — resolveProjectByCwd + resolveCanonicalCleoDir (T11029)"],"fullName":"ID-Aware Path Resolver — resolveProjectByCwd + resolveCanonicalCleoDir (T11029) resolveCanonicalCleoDir returns .cleo/ path for registered projectId (AC6)","status":"passed","title":"resolveCanonicalCleoDir returns .cleo/ path for registered projectId (AC6)","duration":10.370059000000765,"failureMessages":[],"meta":{},"tags":[]},{"ancestorTitles":["ID-Aware Path Resolver — resolveProjectByCwd + resolveCanonicalCleoDir (T11029)"],"fullName":"ID-Aware Path Resolver — resolveProjectByCwd + resolveCanonicalCleoDir (T11029) resolveCanonicalCleoDir resolves multiple registered projects correctly (AC6)","status":"passed","title":"resolveCanonicalCleoDir resolves multiple registered projects correctly (AC6)","duration":10.14200400000027,"failureMessages":[],"meta":{},"tags":[]},{"ancestorTitles":["ID-Aware Path Resolver — resolveProjectByCwd + resolveCanonicalCleoDir (T11029)"],"fullName":"ID-Aware Path Resolver — resolveProjectByCwd + resolveCanonicalCleoDir (T11029) resolveCanonicalCleoDir throws E_PROJECT_NOT_FOUND for unknown projectId (AC7)","status":"passed","title":"resolveCanonicalCleoDir throws E_PROJECT_NOT_FOUND for unknown projectId (AC7)","duration":7.29599700000017,"failureMessages":[],"meta":{},"tags":[]},{"ancestorTitles":["ID-Aware Path Resolver — resolveProjectByCwd + resolveCanonicalCleoDir (T11029)"],"fullName":"ID-Aware Path Resolver — resolveProjectByCwd + resolveCanonicalCleoDir (T11029) resolveCanonicalCleoDir throws when nexus.db does not exist (AC7)","status":"passed","title":"resolveCanonicalCleoDir throws when nexus.db does not exist (AC7)","duration":0.28359700000055454,"failureMessages":[],"meta":{},"tags":[]},{"ancestorTitles":["ID-Aware Path Resolver — resolveProjectByCwd + resolveCanonicalCleoDir (T11029)"],"fullName":"ID-Aware Path Resolver — resolveProjectByCwd + resolveCanonicalCleoDir (T11029) full ID-aware chain: resolveProjectByCwd → resolveCanonicalCleoDir returns correct .cleo/ (AC2)","status":"passed","title":"full ID-aware chain: resolveProjectByCwd → resolveCanonicalCleoDir returns correct .cleo/ (AC2)","duration":11.953364999999394,"failureMessages":[],"meta":{},"tags":[]},{"ancestorTitles":["ID-Aware Path Resolver — resolveProjectByCwd + resolveCanonicalCleoDir (T11029)"],"fullName":"ID-Aware Path Resolver — resolveProjectByCwd + resolveCanonicalCleoDir (T11029) resolveCanonicalCleoDir returns stable path across multiple calls (AC7)","status":"passed","title":"resolveCanonicalCleoDir returns stable path across multiple calls (AC7)","duration":7.889674000000014,"failureMessages":[],"meta":{},"tags":[]}],"startTime":1779858168149,"endTime":1779858168306.8896,"status":"passed","message":"","name":"/mnt/projects/cleocode/packages/core/src/__tests__/paths.test.ts"},{"assertionResults":[{"ancestorTitles":["getCleoDirAbsolute T10287 regression — orphan .cleo/ in non-CLEO git repos"],"fullName":"getCleoDirAbsolute T10287 regression — orphan .cleo/ in non-CLEO git repos throws for a non-CLEO git repo with real .git/ directory","status":"passed","title":"throws for a non-CLEO git repo with real .git/ directory","duration":3.785276999999951,"failureMessages":[],"meta":{},"tags":[]},{"ancestorTitles":["getCleoDirAbsolute T10287 regression — orphan .cleo/ in non-CLEO git repos"],"fullName":"getCleoDirAbsolute T10287 regression — orphan .cleo/ in non-CLEO git repos throws for a git worktree with .git as a gitlink file","status":"passed","title":"throws for a git worktree with .git as a gitlink file","duration":1.9110319999999774,"failureMessages":[],"meta":{},"tags":[]},{"ancestorTitles":["getCleoDirAbsolute T10287 regression — orphan .cleo/ in non-CLEO git repos"],"fullName":"getCleoDirAbsolute T10287 regression — orphan .cleo/ in non-CLEO git repos allows fallback for a clean directory with no .git anywhere","status":"passed","title":"allows fallback for a clean directory with no .git anywhere","duration":0.5368659999994634,"failureMessages":[],"meta":{},"tags":[]},{"ancestorTitles":["getCleoDirAbsolute T10287 regression — orphan .cleo/ in non-CLEO git repos"],"fullName":"getCleoDirAbsolute T10287 regression — orphan .cleo/ in non-CLEO git repos allows fallback with { bootstrap: true } even inside a git repo","status":"passed","title":"allows fallback with { bootstrap: true } even inside a git repo","duration":0.3869720000002417,"failureMessages":[],"meta":{},"tags":[]},{"ancestorTitles":["getCleoDirAbsolute T10287 regression — orphan .cleo/ in non-CLEO git repos"],"fullName":"getCleoDirAbsolute T10287 regression — orphan .cleo/ in non-CLEO git repos throws when any ancestor has .git (not just the immediate parent)","status":"passed","title":"throws when any ancestor has .git (not just the immediate parent)","duration":1.0059400000000096,"failureMessages":[],"meta":{},"tags":[]}],"startTime":1779858168148,"endTime":1779858168156.0059,"status":"passed","message":"","name":"/mnt/projects/cleocode/packages/core/src/__tests__/t10287-orphan-cleo-regression.test.ts"}]}
