{"numTotalTestSuites":27,"numPassedTestSuites":27,"numFailedTestSuites":0,"numPendingTestSuites":0,"numTotalTests":98,"numPassedTests":98,"numFailedTests":0,"numPendingTests":0,"numTodoTests":0,"snapshot":{"added":0,"failure":false,"filesAdded":0,"filesRemoved":0,"filesRemovedList":[],"filesUnmatched":0,"filesUpdated":0,"matched":0,"total":0,"unchecked":0,"uncheckedKeysByFile":[],"unmatched":0,"updated":0,"didUpdate":false},"startTime":1779848880723,"success":true,"testResults":[{"assertionResults":[{"ancestorTitles":["cleo-paths"],"fullName":"cleo-paths getCleoHome defaults to env-paths data dir for \"cleo\"","status":"passed","title":"getCleoHome defaults to env-paths data dir for \"cleo\"","duration":1.355656000000181,"failureMessages":[],"meta":{},"tags":[]},{"ancestorTitles":["cleo-paths"],"fullName":"cleo-paths getCleoHome honours CLEO_HOME override","status":"passed","title":"getCleoHome honours CLEO_HOME override","duration":0.2001190000000861,"failureMessages":[],"meta":{},"tags":[]},{"ancestorTitles":["cleo-paths"],"fullName":"cleo-paths getCleoPlatformPaths returns the full PlatformPaths struct","status":"passed","title":"getCleoPlatformPaths returns the full PlatformPaths struct","duration":0.2644479999999021,"failureMessages":[],"meta":{},"tags":[]},{"ancestorTitles":["cleo-paths"],"fullName":"cleo-paths getCleoSystemInfo returns a SystemInfo snapshot with cleo paths","status":"passed","title":"getCleoSystemInfo returns a SystemInfo snapshot with cleo paths","duration":0.23731999999972686,"failureMessages":[],"meta":{},"tags":[]},{"ancestorTitles":["cleo-paths"],"fullName":"cleo-paths getCleoTemplatesTildePath returns ~-prefixed path under home","status":"passed","title":"getCleoTemplatesTildePath returns ~-prefixed path under home","duration":0.17440399999986766,"failureMessages":[],"meta":{},"tags":[]},{"ancestorTitles":["cleo-paths"],"fullName":"cleo-paths getCleoTemplatesTildePath returns absolute path when CLEO_HOME is outside home","status":"passed","title":"getCleoTemplatesTildePath returns absolute path when CLEO_HOME is outside home","duration":0.10475999999971464,"failureMessages":[],"meta":{},"tags":[]},{"ancestorTitles":["cleo-paths"],"fullName":"cleo-paths getCleoTemplatesTildePath converts paths under homedir to tilde form","status":"passed","title":"getCleoTemplatesTildePath converts paths under homedir to tilde form","duration":0.10437300000012328,"failureMessages":[],"meta":{},"tags":[]},{"ancestorTitles":["cleo-paths","getCanonicalTemplatesTildePath()"],"fullName":"cleo-paths getCanonicalTemplatesTildePath() always returns the stable ~/.cleo/templates path","status":"passed","title":"always returns the stable ~/.cleo/templates path","duration":0.0823179999997592,"failureMessages":[],"meta":{},"tags":[]},{"ancestorTitles":["cleo-paths","getCanonicalTemplatesTildePath()"],"fullName":"cleo-paths getCanonicalTemplatesTildePath() is immune to CLEO_HOME override","status":"passed","title":"is immune to CLEO_HOME override","duration":0.20243100000016057,"failureMessages":[],"meta":{},"tags":[]},{"ancestorTitles":["cleo-paths","getCanonicalTemplatesTildePath()"],"fullName":"cleo-paths getCanonicalTemplatesTildePath() is immune to CLEO_HOME outside home","status":"passed","title":"is immune to CLEO_HOME outside home","duration":0.16570799999999508,"failureMessages":[],"meta":{},"tags":[]},{"ancestorTitles":["cleo-paths","getCanonicalTemplatesTildePath()"],"fullName":"cleo-paths getCanonicalTemplatesTildePath() produces the correct @-reference for CLEO-INJECTION.md","status":"passed","title":"produces the correct @-reference for CLEO-INJECTION.md","duration":0.0797099999999773,"failureMessages":[],"meta":{},"tags":[]},{"ancestorTitles":["cleo-paths","resolveLegacyCleoDir()"],"fullName":"cleo-paths resolveLegacyCleoDir() returns the override when provided","status":"passed","title":"returns the override when provided","duration":0.10391500000014275,"failureMessages":[],"meta":{},"tags":[]},{"ancestorTitles":["cleo-paths","resolveLegacyCleoDir()"],"fullName":"cleo-paths resolveLegacyCleoDir() returns ~/.cleo when no override is provided","status":"passed","title":"returns ~/.cleo when no override is provided","duration":0.09128099999998085,"failureMessages":[],"meta":{},"tags":[]},{"ancestorTitles":["cleo-paths","resolveLegacyCleoDir()"],"fullName":"cleo-paths resolveLegacyCleoDir() returns ~/.cleo when override is undefined","status":"passed","title":"returns ~/.cleo when override is undefined","duration":0.07493599999997969,"failureMessages":[],"meta":{},"tags":[]},{"ancestorTitles":["cleo-paths","resolveLegacyCleoDir()"],"fullName":"cleo-paths resolveLegacyCleoDir() treats empty string override as falsy","status":"passed","title":"treats empty string override as falsy","duration":0.084280999999919,"failureMessages":[],"meta":{},"tags":[]},{"ancestorTitles":["cleo-paths","resolveLegacyCleoDir()"],"fullName":"cleo-paths resolveLegacyCleoDir() is immune to CLEO_HOME","status":"passed","title":"is immune to CLEO_HOME","duration":0.08483699999987948,"failureMessages":[],"meta":{},"tags":[]},{"ancestorTitles":["cleo-paths","resolveProjectByCwd()"],"fullName":"cleo-paths resolveProjectByCwd() resolves projectId and projectRoot from .cleo/project-info.json in cwd","status":"passed","title":"resolves projectId and projectRoot from .cleo/project-info.json in cwd","duration":0.6417820000001484,"failureMessages":[],"meta":{},"tags":[]},{"ancestorTitles":["cleo-paths","resolveProjectByCwd()"],"fullName":"cleo-paths resolveProjectByCwd() walks up ancestors to find .cleo/project-info.json","status":"passed","title":"walks up ancestors to find .cleo/project-info.json","duration":0.4273320000002059,"failureMessages":[],"meta":{},"tags":[]},{"ancestorTitles":["cleo-paths","resolveProjectByCwd()"],"fullName":"cleo-paths resolveProjectByCwd() returns null when no .cleo/project-info.json is found","status":"passed","title":"returns null when no .cleo/project-info.json is found","duration":0.20655799999985902,"failureMessages":[],"meta":{},"tags":[]},{"ancestorTitles":["cleo-paths","resolveProjectByCwd()"],"fullName":"cleo-paths resolveProjectByCwd() returns null when project-info.json has no projectId","status":"passed","title":"returns null when project-info.json has no projectId","duration":0.3657469999998284,"failureMessages":[],"meta":{},"tags":[]},{"ancestorTitles":["cleo-paths","resolveProjectByCwd()"],"fullName":"cleo-paths resolveProjectByCwd() returns null when project-info.json has empty projectId","status":"passed","title":"returns null when project-info.json has empty projectId","duration":0.32099399999970046,"failureMessages":[],"meta":{},"tags":[]},{"ancestorTitles":["cleo-paths","resolveProjectByCwd()"],"fullName":"cleo-paths resolveProjectByCwd() skips corrupt project-info.json and continues walking","status":"passed","title":"skips corrupt project-info.json and continues walking","duration":0.28485700000010183,"failureMessages":[],"meta":{},"tags":[]},{"ancestorTitles":["cleo-paths","resolveProjectByCwd()"],"fullName":"cleo-paths resolveProjectByCwd() finds valid ancestor when immediate .cleo has no projectId","status":"passed","title":"finds valid ancestor when immediate .cleo has no projectId","duration":0.3833089999998265,"failureMessages":[],"meta":{},"tags":[]},{"ancestorTitles":["cleo-paths","resolveProjectByCwd()"],"fullName":"cleo-paths resolveProjectByCwd() uses process.cwd() when no cwd argument","status":"passed","title":"uses process.cwd() when no cwd argument","duration":2.394988999999896,"failureMessages":[],"meta":{},"tags":[]},{"ancestorTitles":["cleo-paths","resolveCanonicalCleoDir()"],"fullName":"cleo-paths resolveCanonicalCleoDir() resolves .cleo dir from a known projectId","status":"passed","title":"resolves .cleo dir from a known projectId","duration":15.615881000000172,"failureMessages":[],"meta":{},"tags":[]},{"ancestorTitles":["cleo-paths","resolveCanonicalCleoDir()"],"fullName":"cleo-paths resolveCanonicalCleoDir() resolves another registered project","status":"passed","title":"resolves another registered project","duration":12.39300699999967,"failureMessages":[],"meta":{},"tags":[]},{"ancestorTitles":["cleo-paths","resolveCanonicalCleoDir()"],"fullName":"cleo-paths resolveCanonicalCleoDir() returns null for unknown projectId","status":"passed","title":"returns null for unknown projectId","duration":12.469981000000189,"failureMessages":[],"meta":{},"tags":[]},{"ancestorTitles":["cleo-paths","resolveCanonicalCleoDir()"],"fullName":"cleo-paths resolveCanonicalCleoDir() returns null when nexus.db does not exist","status":"passed","title":"returns null when nexus.db does not exist","duration":12.785102000000279,"failureMessages":[],"meta":{},"tags":[]}],"startTime":1779848886126,"endTime":1779848886187.7852,"status":"passed","message":"","name":"/mnt/projects/cleocode/packages/paths/src/__tests__/cleo-paths.test.ts"},{"assertionResults":[{"ancestorTitles":["getCleoHome"],"fullName":"getCleoHome defaults to OS-appropriate env-paths data dir","status":"passed","title":"defaults to OS-appropriate env-paths data dir","duration":2.344031000000541,"failureMessages":[],"meta":{},"tags":[]},{"ancestorTitles":["getCleoHome"],"fullName":"getCleoHome respects CLEO_HOME env var","status":"passed","title":"respects CLEO_HOME env var","duration":0.3621340000008786,"failureMessages":[],"meta":{},"tags":[]},{"ancestorTitles":["getCleoDir"],"fullName":"getCleoDir defaults to .cleo","status":"passed","title":"defaults to .cleo","duration":0.32013499999993655,"failureMessages":[],"meta":{},"tags":[]},{"ancestorTitles":["getCleoDir"],"fullName":"getCleoDir respects CLEO_DIR env var","status":"passed","title":"respects CLEO_DIR env var","duration":0.26937999999972817,"failureMessages":[],"meta":{},"tags":[]},{"ancestorTitles":["getCleoDirAbsolute"],"fullName":"getCleoDirAbsolute resolves relative path against cwd (bootstrap mode)","status":"passed","title":"resolves relative path against cwd (bootstrap mode)","duration":0.8716409999997268,"failureMessages":[],"meta":{},"tags":[]},{"ancestorTitles":["getCleoDirAbsolute"],"fullName":"getCleoDirAbsolute throws when called from inside a worktree without bootstrap (T9803)","status":"passed","title":"throws when called from inside a worktree without bootstrap (T9803)","duration":1.883466000000226,"failureMessages":[],"meta":{},"tags":[]},{"ancestorTitles":["getCleoDirAbsolute"],"fullName":"getCleoDirAbsolute returns absolute CLEO_DIR as-is","status":"passed","title":"returns absolute CLEO_DIR as-is","duration":0.23124000000007072,"failureMessages":[],"meta":{},"tags":[]},{"ancestorTitles":["getProjectRoot"],"fullName":"getProjectRoot returns the directory containing .cleo/ when called with that directory","status":"passed","title":"returns the directory containing .cleo/ when called with that directory","duration":0.9808700000003228,"failureMessages":[],"meta":{},"tags":[]},{"ancestorTitles":["getProjectRoot"],"fullName":"getProjectRoot respects CLEO_ROOT env var — bypasses walk entirely","status":"passed","title":"respects CLEO_ROOT env var — bypasses walk entirely","duration":0.5895530000007057,"failureMessages":[],"meta":{},"tags":[]},{"ancestorTitles":["getProjectRoot — worktree gitlink resolution (T11034)"],"fullName":"getProjectRoot — worktree gitlink resolution (T11034) resolves to main repo from worktree root (start-level gitlink)","status":"passed","title":"resolves to main repo from worktree root (start-level gitlink)","duration":1.1113820000000487,"failureMessages":[],"meta":{},"tags":[]},{"ancestorTitles":["getProjectRoot — worktree gitlink resolution (T11034)"],"fullName":"getProjectRoot — worktree gitlink resolution (T11034) resolves to main repo from worktree subdirectory (ancestor-walk gitlink)","status":"passed","title":"resolves to main repo from worktree subdirectory (ancestor-walk gitlink)","duration":1.1550509999997303,"failureMessages":[],"meta":{},"tags":[]},{"ancestorTitles":["getProjectRoot — worktree gitlink resolution (T11034)"],"fullName":"getProjectRoot — worktree gitlink resolution (T11034) resolves to main repo from deeply nested worktree subdirectory","status":"passed","title":"resolves to main repo from deeply nested worktree subdirectory","duration":1.1591979999993782,"failureMessages":[],"meta":{},"tags":[]},{"ancestorTitles":["getProjectRoot — worktree gitlink resolution (T11034)"],"fullName":"getProjectRoot — worktree gitlink resolution (T11034) getCleoDirAbsolute from worktree subdirectory returns parent project .cleo","status":"passed","title":"getCleoDirAbsolute from worktree subdirectory returns parent project .cleo","duration":1.0702000000001135,"failureMessages":[],"meta":{},"tags":[]},{"ancestorTitles":["getProjectRoot — worktree gitlink resolution (T11034)"],"fullName":"getProjectRoot — worktree gitlink resolution (T11034) getCleoDirAbsolute from worktree root returns parent project .cleo","status":"passed","title":"getCleoDirAbsolute from worktree root returns parent project .cleo","duration":0.8793900000000576,"failureMessages":[],"meta":{},"tags":[]},{"ancestorTitles":["getProjectRoot — worktree gitlink resolution (T11034)"],"fullName":"getProjectRoot — worktree gitlink resolution (T11034) still throws for worktree whose gitlink points to non-existent main repo","status":"passed","title":"still throws for worktree whose gitlink points to non-existent main repo","duration":1.3182980000001407,"failureMessages":[],"meta":{},"tags":[]},{"ancestorTitles":["getProjectRoot — worktree gitlink resolution (T11034)"],"fullName":"getProjectRoot — worktree gitlink resolution (T11034) still throws for worktree with unparseable gitlink content","status":"passed","title":"still throws for worktree with unparseable gitlink content","duration":0.6776639999998224,"failureMessages":[],"meta":{},"tags":[]},{"ancestorTitles":["getProjectRoot — worktree gitlink resolution (T11034)"],"fullName":"getProjectRoot — worktree gitlink resolution (T11034) does not create .cleo/ inside worktree during resolution","status":"passed","title":"does not create .cleo/ inside worktree during resolution","duration":0.9381619999994655,"failureMessages":[],"meta":{},"tags":[]},{"ancestorTitles":["resolveProjectPath"],"fullName":"resolveProjectPath returns absolute paths unchanged","status":"passed","title":"returns absolute paths unchanged","duration":0.6280690000003233,"failureMessages":[],"meta":{},"tags":[]},{"ancestorTitles":["resolveProjectPath"],"fullName":"resolveProjectPath resolves relative paths against project root","status":"passed","title":"resolves relative paths against project root","duration":0.5012749999996231,"failureMessages":[],"meta":{},"tags":[]},{"ancestorTitles":["resolveProjectPath"],"fullName":"resolveProjectPath expands tilde to home directory","status":"passed","title":"expands tilde to home directory","duration":0.4237470000007306,"failureMessages":[],"meta":{},"tags":[]},{"ancestorTitles":["path helper functions"],"fullName":"path helper functions getTodoPath returns correct path","status":"passed","title":"getTodoPath returns correct path","duration":0.24663999999938824,"failureMessages":[],"meta":{},"tags":[]},{"ancestorTitles":["path helper functions"],"fullName":"path helper functions getConfigPath returns correct path","status":"passed","title":"getConfigPath returns correct path","duration":0.20712400000047637,"failureMessages":[],"meta":{},"tags":[]},{"ancestorTitles":["path helper functions"],"fullName":"path helper functions getBackupDir returns correct path","status":"passed","title":"getBackupDir returns correct path","duration":0.20035300000017742,"failureMessages":[],"meta":{},"tags":[]},{"ancestorTitles":["path helper functions"],"fullName":"path helper functions getGlobalConfigPath returns correct path","status":"passed","title":"getGlobalConfigPath returns correct path","duration":0.23015399999985675,"failureMessages":[],"meta":{},"tags":[]},{"ancestorTitles":["getAgentOutputsDir"],"fullName":"getAgentOutputsDir returns default when no config exists","status":"passed","title":"returns default when no config exists","duration":0.5723450000004959,"failureMessages":[],"meta":{},"tags":[]},{"ancestorTitles":["getAgentOutputsDir"],"fullName":"getAgentOutputsDir reads agentOutputs.directory from config","status":"passed","title":"reads agentOutputs.directory from config","duration":0.6441939999995157,"failureMessages":[],"meta":{},"tags":[]},{"ancestorTitles":["getAgentOutputsDir"],"fullName":"getAgentOutputsDir reads agentOutputs as plain string from config","status":"passed","title":"reads agentOutputs as plain string from config","duration":0.5812479999995048,"failureMessages":[],"meta":{},"tags":[]},{"ancestorTitles":["getAgentOutputsDir"],"fullName":"getAgentOutputsDir falls back to research.outputDir (deprecated)","status":"passed","title":"falls back to research.outputDir (deprecated)","duration":0.555569000000105,"failureMessages":[],"meta":{},"tags":[]},{"ancestorTitles":["getAgentOutputsDir"],"fullName":"getAgentOutputsDir falls back to directories.agentOutputs (deprecated)","status":"passed","title":"falls back to directories.agentOutputs (deprecated)","duration":0.5591430000004038,"failureMessages":[],"meta":{},"tags":[]},{"ancestorTitles":["getAgentOutputsDir"],"fullName":"getAgentOutputsDir uses priority order: agentOutputs > research > directories","status":"passed","title":"uses priority order: agentOutputs > research > directories","duration":0.5509289999999964,"failureMessages":[],"meta":{},"tags":[]},{"ancestorTitles":["getAgentOutputsDir"],"fullName":"getAgentOutputsDir falls back to default on invalid config JSON","status":"passed","title":"falls back to default on invalid config JSON","duration":0.5303830000002563,"failureMessages":[],"meta":{},"tags":[]},{"ancestorTitles":["getAgentOutputsAbsolute"],"fullName":"getAgentOutputsAbsolute resolves default to absolute path","status":"passed","title":"resolves default to absolute path","duration":0.5817070000002786,"failureMessages":[],"meta":{},"tags":[]},{"ancestorTitles":["getAgentOutputsAbsolute"],"fullName":"getAgentOutputsAbsolute returns absolute config path as-is","status":"passed","title":"returns absolute config path as-is","duration":0.47888200000033976,"failureMessages":[],"meta":{},"tags":[]},{"ancestorTitles":["getManifestPath — core/paths"],"fullName":"getManifestPath — core/paths returns default manifest path","status":"passed","title":"returns default manifest path","duration":0.6266740000000937,"failureMessages":[],"meta":{},"tags":[]},{"ancestorTitles":["getManifestPath — core/paths"],"fullName":"getManifestPath — core/paths respects custom output directory","status":"passed","title":"respects custom output directory","duration":0.6010350000005928,"failureMessages":[],"meta":{},"tags":[]},{"ancestorTitles":["getManifestPath — core/paths"],"fullName":"getManifestPath — core/paths respects custom manifest filename","status":"passed","title":"respects custom manifest filename","duration":0.6494360000006054,"failureMessages":[],"meta":{},"tags":[]},{"ancestorTitles":["getManifestArchivePath"],"fullName":"getManifestArchivePath returns default archive path","status":"passed","title":"returns default archive path","duration":0.586978000000272,"failureMessages":[],"meta":{},"tags":[]},{"ancestorTitles":["isAbsolutePath"],"fullName":"isAbsolutePath recognizes POSIX absolute paths","status":"passed","title":"recognizes POSIX absolute paths","duration":0.11095800000020972,"failureMessages":[],"meta":{},"tags":[]},{"ancestorTitles":["isAbsolutePath"],"fullName":"isAbsolutePath recognizes Windows drive letter paths","status":"passed","title":"recognizes Windows drive letter paths","duration":0.09856000000036147,"failureMessages":[],"meta":{},"tags":[]},{"ancestorTitles":["isAbsolutePath"],"fullName":"isAbsolutePath recognizes UNC paths","status":"passed","title":"recognizes UNC paths","duration":0.07324499999958789,"failureMessages":[],"meta":{},"tags":[]},{"ancestorTitles":["isAbsolutePath"],"fullName":"isAbsolutePath rejects relative paths","status":"passed","title":"rejects relative paths","duration":0.10293699999965611,"failureMessages":[],"meta":{},"tags":[]}],"startTime":1779848888824,"endTime":1779848888851.1108,"status":"passed","message":"","name":"/mnt/projects/cleocode/packages/core/src/__tests__/paths.test.ts"},{"assertionResults":[{"ancestorTitles":["getCleoDirAbsolute T10287 regression — orphan .cleo/ in non-CLEO git repos"],"fullName":"getCleoDirAbsolute T10287 regression — orphan .cleo/ in non-CLEO git repos throws for a non-CLEO git repo with real .git/ directory","status":"passed","title":"throws for a non-CLEO git repo with real .git/ directory","duration":2.4140690000003815,"failureMessages":[],"meta":{},"tags":[]},{"ancestorTitles":["getCleoDirAbsolute T10287 regression — orphan .cleo/ in non-CLEO git repos"],"fullName":"getCleoDirAbsolute T10287 regression — orphan .cleo/ in non-CLEO git repos throws for a git worktree with .git as a gitlink file","status":"passed","title":"throws for a git worktree with .git as a gitlink file","duration":0.8375790000000052,"failureMessages":[],"meta":{},"tags":[]},{"ancestorTitles":["getCleoDirAbsolute T10287 regression — orphan .cleo/ in non-CLEO git repos"],"fullName":"getCleoDirAbsolute T10287 regression — orphan .cleo/ in non-CLEO git repos allows fallback for a clean directory with no .git anywhere","status":"passed","title":"allows fallback for a clean directory with no .git anywhere","duration":0.5104000000001179,"failureMessages":[],"meta":{},"tags":[]},{"ancestorTitles":["getCleoDirAbsolute T10287 regression — orphan .cleo/ in non-CLEO git repos"],"fullName":"getCleoDirAbsolute T10287 regression — orphan .cleo/ in non-CLEO git repos allows fallback with { bootstrap: true } even inside a git repo","status":"passed","title":"allows fallback with { bootstrap: true } even inside a git repo","duration":0.38233800000034535,"failureMessages":[],"meta":{},"tags":[]},{"ancestorTitles":["getCleoDirAbsolute T10287 regression — orphan .cleo/ in non-CLEO git repos"],"fullName":"getCleoDirAbsolute T10287 regression — orphan .cleo/ in non-CLEO git repos throws when any ancestor has .git (not just the immediate parent)","status":"passed","title":"throws when any ancestor has .git (not just the immediate parent)","duration":0.499456999999893,"failureMessages":[],"meta":{},"tags":[]}],"startTime":1779848888821,"endTime":1779848888825.4995,"status":"passed","message":"","name":"/mnt/projects/cleocode/packages/core/src/__tests__/t10287-orphan-cleo-regression.test.ts"},{"assertionResults":[{"ancestorTitles":["project-info.json inheritance at worktree provision (T11033)"],"fullName":"project-info.json inheritance at worktree provision (T11033) copies project-info.json into the worktree .cleo/ on creation","status":"passed","title":"copies project-info.json into the worktree .cleo/ on creation","duration":652.0298650000004,"failureMessages":[],"meta":{},"tags":[]},{"ancestorTitles":["project-info.json inheritance at worktree provision (T11033)"],"fullName":"project-info.json inheritance at worktree provision (T11033) preserves the inherited projectId across spawns","status":"passed","title":"preserves the inherited projectId across spawns","duration":202.94217900000058,"failureMessages":[],"meta":{},"tags":[]},{"ancestorTitles":["project-info.json inheritance at worktree provision (T11033)"],"fullName":"project-info.json inheritance at worktree provision (T11033) gets the correct projectInfo from inside the worktree","status":"passed","title":"gets the correct projectInfo from inside the worktree","duration":93.51890600000024,"failureMessages":[],"meta":{},"tags":[]},{"ancestorTitles":["project-info.json inheritance at worktree provision (T11033)"],"fullName":"project-info.json inheritance at worktree provision (T11033) getProjectInfoSync returns matching identity from worktree","status":"passed","title":"getProjectInfoSync returns matching identity from worktree","duration":92.6285969999999,"failureMessages":[],"meta":{},"tags":[]},{"ancestorTitles":["getCleoDirAbsolute from worktree paths (T11034)"],"fullName":"getCleoDirAbsolute from worktree paths (T11034) resolves to parent project .cleo/ when called from a worktree","status":"passed","title":"resolves to parent project .cleo/ when called from a worktree","duration":85.95684999999958,"failureMessages":[],"meta":{},"tags":[]},{"ancestorTitles":["getCleoDirAbsolute from worktree paths (T11034)"],"fullName":"getCleoDirAbsolute from worktree paths (T11034) resolves to parent .cleo/ from a subdirectory of the worktree","status":"passed","title":"resolves to parent .cleo/ from a subdirectory of the worktree","duration":90.93909499999972,"failureMessages":[],"meta":{},"tags":[]},{"ancestorTitles":["getCleoDirAbsolute from worktree paths (T11034)"],"fullName":"getCleoDirAbsolute from worktree paths (T11034) does NOT create an orphan .cleo/ inside the worktree","status":"passed","title":"does NOT create an orphan .cleo/ inside the worktree","duration":80.73135000000002,"failureMessages":[],"meta":{},"tags":[]},{"ancestorTitles":["getCleoDirAbsolute from worktree paths (T11034)"],"fullName":"getCleoDirAbsolute from worktree paths (T11034) throws when worktree has no parent project (git repo without .cleo/)","status":"passed","title":"throws when worktree has no parent project (git repo without .cleo/)","duration":59.20834300000024,"failureMessages":[],"meta":{},"tags":[]},{"ancestorTitles":["spawn identity verification (T11035)"],"fullName":"spawn identity verification (T11035) accepts spawn when worktree project-info.json matches parent projectId","status":"passed","title":"accepts spawn when worktree project-info.json matches parent projectId","duration":87.27186299999994,"failureMessages":[],"meta":{},"tags":[]},{"ancestorTitles":["spawn identity verification (T11035)"],"fullName":"spawn identity verification (T11035) rejects spawn when worktree project-info.json has mismatched projectId","status":"passed","title":"rejects spawn when worktree project-info.json has mismatched projectId","duration":74.77206900000056,"failureMessages":[],"meta":{},"tags":[]},{"ancestorTitles":["spawn identity verification (T11035)"],"fullName":"spawn identity verification (T11035) accepts spawn when parent has no project-info.json (legacy mode)","status":"passed","title":"accepts spawn when parent has no project-info.json (legacy mode)","duration":128.09135100000003,"failureMessages":[],"meta":{},"tags":[]},{"ancestorTitles":["spawn identity verification (T11035)"],"fullName":"spawn identity verification (T11035) handles corrupt project-info.json in worktree gracefully","status":"passed","title":"handles corrupt project-info.json in worktree gracefully","duration":77.92777300000034,"failureMessages":[],"meta":{},"tags":[]},{"ancestorTitles":["migration: backfill project-info.json for existing worktrees (T11036)"],"fullName":"migration: backfill project-info.json for existing worktrees (T11036) backfills project-info.json into a worktree that lacks it","status":"passed","title":"backfills project-info.json into a worktree that lacks it","duration":63.06485200000043,"failureMessages":[],"meta":{},"tags":[]},{"ancestorTitles":["migration: backfill project-info.json for existing worktrees (T11036)"],"fullName":"migration: backfill project-info.json for existing worktrees (T11036) skips backfill when project-info.json already exists","status":"passed","title":"skips backfill when project-info.json already exists","duration":83.48747900000035,"failureMessages":[],"meta":{},"tags":[]},{"ancestorTitles":["migration: backfill project-info.json for existing worktrees (T11036)"],"fullName":"migration: backfill project-info.json for existing worktrees (T11036) migration handles worktree with .cleo/ dir but no project-info.json","status":"passed","title":"migration handles worktree with .cleo/ dir but no project-info.json","duration":78.3026719999998,"failureMessages":[],"meta":{},"tags":[]},{"ancestorTitles":["migration: backfill project-info.json for existing worktrees (T11036)"],"fullName":"migration: backfill project-info.json for existing worktrees (T11036) migration is idempotent — running twice produces same result","status":"passed","title":"migration is idempotent — running twice produces same result","duration":88.61716399999932,"failureMessages":[],"meta":{},"tags":[]},{"ancestorTitles":["worktree identity edge cases"],"fullName":"worktree identity edge cases handles bare repository as parent project","status":"passed","title":"handles bare repository as parent project","duration":36.3793969999997,"failureMessages":[],"meta":{},"tags":[]},{"ancestorTitles":["worktree identity edge cases"],"fullName":"worktree identity edge cases getCleoDirAbsolute resolves from detached worktree","status":"passed","title":"getCleoDirAbsolute resolves from detached worktree","duration":109.386571,"failureMessages":[],"meta":{},"tags":[]},{"ancestorTitles":["worktree identity edge cases"],"fullName":"worktree identity edge cases getCleoDirAbsolute from nested worktree resolves to parent project","status":"passed","title":"getCleoDirAbsolute from nested worktree resolves to parent project","duration":110.14341299999978,"failureMessages":[],"meta":{},"tags":[]},{"ancestorTitles":["worktree identity edge cases"],"fullName":"worktree identity edge cases handles parent project without project-info.json","status":"passed","title":"handles parent project without project-info.json","duration":130.7711650000001,"failureMessages":[],"meta":{},"tags":[]},{"ancestorTitles":["worktree identity edge cases"],"fullName":"worktree identity edge cases handles empty project-info.json in parent","status":"passed","title":"handles empty project-info.json in parent","duration":121.34437000000071,"failureMessages":[],"meta":{},"tags":[]},{"ancestorTitles":["worktree identity edge cases"],"fullName":"worktree identity edge cases handles pre-T5333 project-info.json (no projectId)","status":"passed","title":"handles pre-T5333 project-info.json (no projectId)","duration":107.30356099999972,"failureMessages":[],"meta":{},"tags":[]},{"ancestorTitles":["worktree identity edge cases"],"fullName":"worktree identity edge cases handles worktree that has no .cleo/ directory","status":"passed","title":"handles worktree that has no .cleo/ directory","duration":72.07553199999984,"failureMessages":[],"meta":{},"tags":[]},{"ancestorTitles":["worktree identity edge cases"],"fullName":"worktree identity edge cases all worktrees inherit the same parent identity","status":"passed","title":"all worktrees inherit the same parent identity","duration":202.33994100000018,"failureMessages":[],"meta":{},"tags":[]}],"startTime":1779848888895,"endTime":1779848891825.3398,"status":"passed","message":"","name":"/mnt/projects/cleocode/packages/core/src/__tests__/worktree-identity.test.ts"}]}
