{"numTotalTestSuites":2,"numPassedTestSuites":2,"numFailedTestSuites":0,"numPendingTestSuites":0,"numTotalTests":4,"numPassedTests":4,"numFailedTests":0,"numPendingTests":0,"numTodoTests":0,"snapshot":{"added":0,"failure":false,"filesAdded":0,"filesRemoved":0,"filesRemovedList":[],"filesUnmatched":0,"filesUpdated":0,"matched":0,"total":0,"unchecked":0,"uncheckedKeysByFile":[],"unmatched":0,"updated":0,"didUpdate":false},"startTime":1779773567367,"success":true,"testResults":[{"assertionResults":[{"ancestorTitles":["validateWorkGraphHierarchy"],"fullName":"validateWorkGraphHierarchy accepts the canonical saga -> epic -> task -> subtask hierarchy shape","status":"passed","title":"accepts the canonical saga -> epic -> task -> subtask hierarchy shape","duration":1.202922000000001,"failureMessages":[],"meta":{},"tags":[]},{"ancestorTitles":["validateWorkGraphHierarchy"],"fullName":"validateWorkGraphHierarchy rejects saga parent_id so Saga membership stays relation-backed","status":"passed","title":"rejects saga parent_id so Saga membership stays relation-backed","duration":0.31075699999996687,"failureMessages":[],"meta":{},"tags":[]},{"ancestorTitles":["validateWorkGraphHierarchy"],"fullName":"validateWorkGraphHierarchy rejects epic parents, task-under-task, and child-under-subtask matrix breaches","status":"passed","title":"rejects epic parents, task-under-task, and child-under-subtask matrix breaches","duration":0.2010630000000333,"failureMessages":[],"meta":{},"tags":[]},{"ancestorTitles":["validateWorkGraphHierarchy"],"fullName":"validateWorkGraphHierarchy can throw with stable diagnostics for callers that need fail-fast enforcement","status":"passed","title":"can throw with stable diagnostics for callers that need fail-fast enforcement","duration":0.5008300000000077,"failureMessages":[],"meta":{},"tags":[]}],"startTime":1779773569142,"endTime":1779773569143.5007,"status":"passed","message":"","name":"/home/keatonhoskins/.local/share/cleo/worktrees/1e3146b7352ba279/T10576/packages/core/src/workgraph/__tests__/hierarchy-invariants.test.ts"}]}