{"numTotalTestSuites":6,"numPassedTestSuites":6,"numFailedTestSuites":0,"numPendingTestSuites":0,"numTotalTests":23,"numPassedTests":23,"numFailedTests":0,"numPendingTests":0,"numTodoTests":0,"snapshot":{"added":0,"failure":false,"filesAdded":0,"filesRemoved":0,"filesRemovedList":[],"filesUnmatched":0,"filesUpdated":0,"matched":0,"total":0,"unchecked":0,"uncheckedKeysByFile":[],"unmatched":0,"updated":0,"didUpdate":false},"startTime":1779859372582,"success":true,"testResults":[{"assertionResults":[{"ancestorTitles":["project-lifecycle","moveProject"],"fullName":"project-lifecycle moveProject AC3: copies project files to new location and updates project-info.json","status":"passed","title":"AC3: copies project files to new location and updates project-info.json","duration":116.56414499999983,"failureMessages":[],"meta":{},"tags":[]},{"ancestorTitles":["project-lifecycle","moveProject"],"fullName":"project-lifecycle moveProject AC2: returns EngineResult with proper shape","status":"passed","title":"AC2: returns EngineResult with proper shape","duration":10.589849999999842,"failureMessages":[],"meta":{},"tags":[]},{"ancestorTitles":["project-lifecycle","moveProject"],"fullName":"project-lifecycle moveProject AC7: rejects non-absolute newPath","status":"passed","title":"AC7: rejects non-absolute newPath","duration":5.445078000000194,"failureMessages":[],"meta":{},"tags":[]},{"ancestorTitles":["project-lifecycle","moveProject"],"fullName":"project-lifecycle moveProject AC7: rejects non-absolute projectRoot","status":"passed","title":"AC7: rejects non-absolute projectRoot","duration":6.313846000000012,"failureMessages":[],"meta":{},"tags":[]},{"ancestorTitles":["project-lifecycle","moveProject"],"fullName":"project-lifecycle moveProject rejects missing project-info.json","status":"passed","title":"rejects missing project-info.json","duration":5.002818000000389,"failureMessages":[],"meta":{},"tags":[]},{"ancestorTitles":["project-lifecycle","moveProject"],"fullName":"project-lifecycle moveProject AC3: rejects move to same resolved path","status":"passed","title":"AC3: rejects move to same resolved path","duration":3.9779669999998077,"failureMessages":[],"meta":{},"tags":[]},{"ancestorTitles":["project-lifecycle","moveProject"],"fullName":"project-lifecycle moveProject AC5: handles Unicode paths","status":"passed","title":"AC5: handles Unicode paths","duration":9.612266999999974,"failureMessages":[],"meta":{},"tags":[]},{"ancestorTitles":["project-lifecycle","moveProject"],"fullName":"project-lifecycle moveProject AC5: normalizes paths with trailing slash","status":"passed","title":"AC5: normalizes paths with trailing slash","duration":6.355173999999806,"failureMessages":[],"meta":{},"tags":[]},{"ancestorTitles":["project-lifecycle","moveProject"],"fullName":"project-lifecycle moveProject AC7: copy-based move avoids cross-filesystem rename issues","status":"passed","title":"AC7: copy-based move avoids cross-filesystem rename issues","duration":12.060169999999744,"failureMessages":[],"meta":{},"tags":[]},{"ancestorTitles":["project-lifecycle","moveProject"],"fullName":"project-lifecycle moveProject rejects corrupt project-info.json","status":"passed","title":"rejects corrupt project-info.json","duration":5.561001000000033,"failureMessages":[],"meta":{},"tags":[]},{"ancestorTitles":["project-lifecycle","moveProject"],"fullName":"project-lifecycle moveProject AC3: preserves projectId across moves","status":"passed","title":"AC3: preserves projectId across moves","duration":18.187496999999894,"failureMessages":[],"meta":{},"tags":[]},{"ancestorTitles":["project-lifecycle","renameProject"],"fullName":"project-lifecycle renameProject AC4: updates project name and recomputes projectHash","status":"passed","title":"AC4: updates project name and recomputes projectHash","duration":5.899945000000116,"failureMessages":[],"meta":{},"tags":[]},{"ancestorTitles":["project-lifecycle","renameProject"],"fullName":"project-lifecycle renameProject AC2: returns renameProjectResult with all typed fields","status":"passed","title":"AC2: returns renameProjectResult with all typed fields","duration":5.143330999999762,"failureMessages":[],"meta":{},"tags":[]},{"ancestorTitles":["project-lifecycle","renameProject"],"fullName":"project-lifecycle renameProject AC7: rejects non-absolute projectRoot","status":"passed","title":"AC7: rejects non-absolute projectRoot","duration":4.693751999999677,"failureMessages":[],"meta":{},"tags":[]},{"ancestorTitles":["project-lifecycle","renameProject"],"fullName":"project-lifecycle renameProject rejects empty newName","status":"passed","title":"rejects empty newName","duration":4.553584000000228,"failureMessages":[],"meta":{},"tags":[]},{"ancestorTitles":["project-lifecycle","renameProject"],"fullName":"project-lifecycle renameProject rejects whitespace-only newName","status":"passed","title":"rejects whitespace-only newName","duration":4.841526000000158,"failureMessages":[],"meta":{},"tags":[]},{"ancestorTitles":["project-lifecycle","reregisterProject"],"fullName":"project-lifecycle reregisterProject AC5: reads project-info.json and calls nexusReconcile","status":"passed","title":"AC5: reads project-info.json and calls nexusReconcile","duration":8.636607999999796,"failureMessages":[],"meta":{},"tags":[]},{"ancestorTitles":["project-lifecycle","reregisterProject"],"fullName":"project-lifecycle reregisterProject AC5: returns EngineResult even when nexus is unavailable","status":"passed","title":"AC5: returns EngineResult even when nexus is unavailable","duration":8.054098999999951,"failureMessages":[],"meta":{},"tags":[]},{"ancestorTitles":["project-lifecycle","reregisterProject"],"fullName":"project-lifecycle reregisterProject AC7: rejects non-absolute projectRoot","status":"passed","title":"AC7: rejects non-absolute projectRoot","duration":4.1989489999996295,"failureMessages":[],"meta":{},"tags":[]},{"ancestorTitles":["project-lifecycle","reregisterProject"],"fullName":"project-lifecycle reregisterProject rejects missing project-info.json","status":"passed","title":"rejects missing project-info.json","duration":5.563050000000203,"failureMessages":[],"meta":{},"tags":[]},{"ancestorTitles":["project-lifecycle","AC6: EngineResult<T> pattern"],"fullName":"project-lifecycle AC6: EngineResult<T> pattern moveProject returns EngineResult discriminated union","status":"passed","title":"moveProject returns EngineResult discriminated union","duration":12.92213000000038,"failureMessages":[],"meta":{},"tags":[]},{"ancestorTitles":["project-lifecycle","AC6: EngineResult<T> pattern"],"fullName":"project-lifecycle AC6: EngineResult<T> pattern renameProject returns EngineResult(true) on valid input","status":"passed","title":"renameProject returns EngineResult(true) on valid input","duration":5.217239999999947,"failureMessages":[],"meta":{},"tags":[]},{"ancestorTitles":["project-lifecycle","AC6: EngineResult<T> pattern"],"fullName":"project-lifecycle AC6: EngineResult<T> pattern reregisterProject returns EngineResult (never throws)","status":"passed","title":"reregisterProject returns EngineResult (never throws)","duration":9.31392199999982,"failureMessages":[],"meta":{},"tags":[]}],"startTime":1779859376799,"endTime":1779859377078.314,"status":"passed","message":"","name":"/mnt/projects/cleocode/packages/core/src/__tests__/project-lifecycle.test.ts"}]}
