{"numTotalTestSuites":2,"numPassedTestSuites":2,"numFailedTestSuites":0,"numPendingTestSuites":0,"numTotalTests":3,"numPassedTests":3,"numFailedTests":0,"numPendingTests":0,"numTodoTests":0,"snapshot":{"added":0,"failure":false,"filesAdded":0,"filesRemoved":0,"filesRemovedList":[],"filesUnmatched":0,"filesUpdated":0,"matched":0,"total":0,"unchecked":0,"uncheckedKeysByFile":[],"unmatched":0,"updated":0,"didUpdate":false},"startTime":1779775648761,"success":true,"testResults":[{"assertionResults":[{"ancestorTitles":["preflightWorkGraphReparent"],"fullName":"preflightWorkGraphReparent rejects moves that would create a parent_id containment cycle","status":"passed","title":"rejects moves that would create a parent_id containment cycle","duration":1.536546000000044,"failureMessages":[],"meta":{},"tags":[]},{"ancestorTitles":["preflightWorkGraphReparent"],"fullName":"preflightWorkGraphReparent rejects moves that would exceed the configured containment depth","status":"passed","title":"rejects moves that would exceed the configured containment depth","duration":0.24716899999998532,"failureMessages":[],"meta":{},"tags":[]},{"ancestorTitles":["preflightWorkGraphReparent"],"fullName":"preflightWorkGraphReparent returns typed findings while allowing structurally safe reparent proposals","status":"passed","title":"returns typed findings while allowing structurally safe reparent proposals","duration":0.15246000000001914,"failureMessages":[],"meta":{},"tags":[]}],"startTime":1779775650487,"endTime":1779775650489.247,"status":"passed","message":"","name":"/home/keatonhoskins/.local/share/cleo/worktrees/1e3146b7352ba279/T10578/packages/core/src/workgraph/__tests__/reparent-preflight.test.ts"}]}