{"numTotalTestSuites":8,"numPassedTestSuites":8,"numFailedTestSuites":0,"numPendingTestSuites":0,"numTotalTests":13,"numPassedTests":13,"numFailedTests":0,"numPendingTests":0,"numTodoTests":0,"snapshot":{"added":0,"failure":false,"filesAdded":0,"filesRemoved":0,"filesRemovedList":[],"filesUnmatched":0,"filesUpdated":0,"matched":0,"total":0,"unchecked":0,"uncheckedKeysByFile":[],"unmatched":0,"updated":0,"didUpdate":false},"startTime":1779775389198,"success":true,"testResults":[{"assertionResults":[{"ancestorTitles":["PM-Core V2 WorkGraph architecture"],"fullName":"PM-Core V2 WorkGraph architecture exposes WorkGraph public types from contracts and core without exposing storage","status":"passed","title":"exposes WorkGraph public types from contracts and core without exposing storage","duration":1.5628960000000092,"failureMessages":[],"meta":{},"tags":[]},{"ancestorTitles":["PM-Core V2 WorkGraph architecture"],"fullName":"PM-Core V2 WorkGraph architecture keeps recursive task hierarchy SQL inside core-owned storage/traversal modules","status":"passed","title":"keeps recursive task hierarchy SQL inside core-owned storage/traversal modules","duration":111.585986,"failureMessages":[],"meta":{},"tags":[]},{"ancestorTitles":["PM-Core V2 WorkGraph architecture"],"fullName":"PM-Core V2 WorkGraph architecture forbids legacy task_relations.groups from being used as a hierarchy traversal source","status":"passed","title":"forbids legacy task_relations.groups from being used as a hierarchy traversal source","duration":115.64629299999999,"failureMessages":[],"meta":{},"tags":[]},{"ancestorTitles":["PM-Core V2 WorkGraph architecture"],"fullName":"PM-Core V2 WorkGraph architecture ignores legacy groups fixtures while still catching production traversal shortcuts","status":"passed","title":"ignores legacy groups fixtures while still catching production traversal shortcuts","duration":0.26101899999997613,"failureMessages":[],"meta":{},"tags":[]}],"startTime":1779775390718,"endTime":1779775390947.6462,"status":"passed","message":"","name":"/home/keatonhoskins/.local/share/cleo/worktrees/1e3146b7352ba279/T10578/packages/core/src/tasks/__tests__/workgraph-architecture.test.ts"},{"assertionResults":[{"ancestorTitles":["SqliteWorkGraphContainmentQueryService"],"fullName":"SqliteWorkGraphContainmentQueryService loads ancestor chains for multiple roots with one parent_id-only recursive query","status":"passed","title":"loads ancestor chains for multiple roots with one parent_id-only recursive query","duration":2.675245000000018,"failureMessages":[],"meta":{},"tags":[]},{"ancestorTitles":["SqliteWorkGraphContainmentQueryService"],"fullName":"SqliteWorkGraphContainmentQueryService loads direct children for multiple parents with one parent_id batch query","status":"passed","title":"loads direct children for multiple parents with one parent_id batch query","duration":0.36122800000003963,"failureMessages":[],"meta":{},"tags":[]}],"startTime":1779775391012,"endTime":1779775391015.3613,"status":"passed","message":"","name":"/home/keatonhoskins/.local/share/cleo/worktrees/1e3146b7352ba279/T10578/packages/core/src/workgraph/__tests__/containment.test.ts"},{"assertionResults":[{"ancestorTitles":["validateWorkGraphHierarchy"],"fullName":"validateWorkGraphHierarchy accepts the canonical saga -> epic -> task -> subtask hierarchy shape","status":"passed","title":"accepts the canonical saga -> epic -> task -> subtask hierarchy shape","duration":2.195315999999991,"failureMessages":[],"meta":{},"tags":[]},{"ancestorTitles":["validateWorkGraphHierarchy"],"fullName":"validateWorkGraphHierarchy rejects saga parent_id so Saga membership stays relation-backed","status":"passed","title":"rejects saga parent_id so Saga membership stays relation-backed","duration":0.5124440000000163,"failureMessages":[],"meta":{},"tags":[]},{"ancestorTitles":["validateWorkGraphHierarchy"],"fullName":"validateWorkGraphHierarchy rejects epic parents, task-under-task, and child-under-subtask matrix breaches","status":"passed","title":"rejects epic parents, task-under-task, and child-under-subtask matrix breaches","duration":0.22953400000000101,"failureMessages":[],"meta":{},"tags":[]},{"ancestorTitles":["validateWorkGraphHierarchy"],"fullName":"validateWorkGraphHierarchy can throw with stable diagnostics for callers that need fail-fast enforcement","status":"passed","title":"can throw with stable diagnostics for callers that need fail-fast enforcement","duration":0.5308699999999931,"failureMessages":[],"meta":{},"tags":[]}],"startTime":1779775391012,"endTime":1779775391015.5308,"status":"passed","message":"","name":"/home/keatonhoskins/.local/share/cleo/worktrees/1e3146b7352ba279/T10578/packages/core/src/workgraph/__tests__/hierarchy-invariants.test.ts"},{"assertionResults":[{"ancestorTitles":["preflightWorkGraphReparent"],"fullName":"preflightWorkGraphReparent rejects moves that would create a parent_id containment cycle","status":"passed","title":"rejects moves that would create a parent_id containment cycle","duration":2.848452000000009,"failureMessages":[],"meta":{},"tags":[]},{"ancestorTitles":["preflightWorkGraphReparent"],"fullName":"preflightWorkGraphReparent rejects moves that would exceed the configured containment depth","status":"passed","title":"rejects moves that would exceed the configured containment depth","duration":0.4631039999999871,"failureMessages":[],"meta":{},"tags":[]},{"ancestorTitles":["preflightWorkGraphReparent"],"fullName":"preflightWorkGraphReparent returns typed findings while allowing structurally safe reparent proposals","status":"passed","title":"returns typed findings while allowing structurally safe reparent proposals","duration":0.3159390000000144,"failureMessages":[],"meta":{},"tags":[]}],"startTime":1779775391012,"endTime":1779775391016.316,"status":"passed","message":"","name":"/home/keatonhoskins/.local/share/cleo/worktrees/1e3146b7352ba279/T10578/packages/core/src/workgraph/__tests__/reparent-preflight.test.ts"}]}