{"numTotalTestSuites":6,"numPassedTestSuites":6,"numFailedTestSuites":0,"numPendingTestSuites":0,"numTotalTests":15,"numPassedTests":15,"numFailedTests":0,"numPendingTests":0,"numTodoTests":0,"snapshot":{"added":0,"failure":false,"filesAdded":0,"filesRemoved":0,"filesRemovedList":[],"filesUnmatched":0,"filesUpdated":0,"matched":0,"total":0,"unchecked":0,"uncheckedKeysByFile":[],"unmatched":0,"updated":0,"didUpdate":false},"startTime":1779787773780,"success":true,"testResults":[{"assertionResults":[{"ancestorTitles":["PM-Core V2 WorkGraph architecture"],"fullName":"PM-Core V2 WorkGraph architecture exposes WorkGraph public types from contracts and core without exposing storage","status":"passed","title":"exposes WorkGraph public types from contracts and core without exposing storage","duration":1.8652150000000063,"failureMessages":[],"meta":{},"tags":[]},{"ancestorTitles":["PM-Core V2 WorkGraph architecture"],"fullName":"PM-Core V2 WorkGraph architecture keeps recursive task hierarchy SQL inside core-owned storage/traversal modules","status":"passed","title":"keeps recursive task hierarchy SQL inside core-owned storage/traversal modules","duration":332.443931,"failureMessages":[],"meta":{},"tags":[]},{"ancestorTitles":["PM-Core V2 WorkGraph architecture"],"fullName":"PM-Core V2 WorkGraph architecture forbids legacy task_relations.groups from being used as a hierarchy traversal source","status":"passed","title":"forbids legacy task_relations.groups from being used as a hierarchy traversal source","duration":293.81855599999994,"failureMessages":[],"meta":{},"tags":[]},{"ancestorTitles":["PM-Core V2 WorkGraph architecture"],"fullName":"PM-Core V2 WorkGraph architecture ignores legacy groups fixtures while still catching production traversal shortcuts","status":"passed","title":"ignores legacy groups fixtures while still catching production traversal shortcuts","duration":0.2721280000000661,"failureMessages":[],"meta":{},"tags":[]}],"startTime":1779787774780,"endTime":1779787775409.2722,"status":"passed","message":"","name":"/mnt/projects/cleocode/packages/core/src/tasks/__tests__/workgraph-architecture.test.ts"},{"assertionResults":[{"ancestorTitles":["SqliteWorkGraphContainmentQueryService"],"fullName":"SqliteWorkGraphContainmentQueryService loads ancestor chains for multiple roots with one parent_id-only recursive query","status":"passed","title":"loads ancestor chains for multiple roots with one parent_id-only recursive query","duration":1.8680040000000417,"failureMessages":[],"meta":{},"tags":[]},{"ancestorTitles":["SqliteWorkGraphContainmentQueryService"],"fullName":"SqliteWorkGraphContainmentQueryService loads direct children for multiple parents with one parent_id batch query","status":"passed","title":"loads direct children for multiple parents with one parent_id batch query","duration":0.3683700000000272,"failureMessages":[],"meta":{},"tags":[]},{"ancestorTitles":["SqliteWorkGraphContainmentQueryService"],"fullName":"SqliteWorkGraphContainmentQueryService projects a descendant tree with cursor pagination and max depth using one recursive query","status":"passed","title":"projects a descendant tree with cursor pagination and max depth using one recursive query","duration":0.44288700000004155,"failureMessages":[],"meta":{},"tags":[]},{"ancestorTitles":["SqliteWorkGraphContainmentQueryService"],"fullName":"SqliteWorkGraphContainmentQueryService uses the paginated tree projection for descendant traversal","status":"passed","title":"uses the paginated tree projection for descendant traversal","duration":0.22512099999994462,"failureMessages":[],"meta":{},"tags":[]},{"ancestorTitles":["SqliteWorkGraphContainmentQueryService"],"fullName":"SqliteWorkGraphContainmentQueryService summarizes direct and subtree rollup counts with explicit percent denominator rules","status":"passed","title":"summarizes direct and subtree rollup counts with explicit percent denominator rules","duration":0.48422499999992397,"failureMessages":[],"meta":{},"tags":[]},{"ancestorTitles":["SqliteWorkGraphContainmentQueryService"],"fullName":"SqliteWorkGraphContainmentQueryService flags stale direct-child projections when expected rollup counts disagree with storage","status":"passed","title":"flags stale direct-child projections when expected rollup counts disagree with storage","duration":0.15993600000001607,"failureMessages":[],"meta":{},"tags":[]},{"ancestorTitles":["SqliteWorkGraphContainmentQueryService"],"fullName":"SqliteWorkGraphContainmentQueryService groups role-filtered ready frontier tasks and separates dependency blockers from gate blockers","status":"passed","title":"groups role-filtered ready frontier tasks and separates dependency blockers from gate blockers","duration":4.872524999999996,"failureMessages":[],"meta":{},"tags":[]}],"startTime":1779787775146,"endTime":1779787775153.8726,"status":"passed","message":"","name":"/mnt/projects/cleocode/packages/core/src/workgraph/__tests__/containment.test.ts"},{"assertionResults":[{"ancestorTitles":["SqliteWorkGraphRelationQueryService"],"fullName":"SqliteWorkGraphRelationQueryService lists outgoing task_relations with stored reasons and without dependencies by default","status":"passed","title":"lists outgoing task_relations with stored reasons and without dependencies by default","duration":1.806459000000018,"failureMessages":[],"meta":{},"tags":[]},{"ancestorTitles":["SqliteWorkGraphRelationQueryService"],"fullName":"SqliteWorkGraphRelationQueryService lists incoming relation edges and maps null reasons to undefined","status":"passed","title":"lists incoming relation edges and maps null reasons to undefined","duration":0.26011800000003404,"failureMessages":[],"meta":{},"tags":[]},{"ancestorTitles":["SqliteWorkGraphRelationQueryService"],"fullName":"SqliteWorkGraphRelationQueryService defaults to both directions and preserves advisory relation semantics","status":"passed","title":"defaults to both directions and preserves advisory relation semantics","duration":0.2717020000000048,"failureMessages":[],"meta":{},"tags":[]},{"ancestorTitles":["SqliteWorkGraphRelationQueryService"],"fullName":"SqliteWorkGraphRelationQueryService keeps dependencies opt-in and tags them separately from relation rows","status":"passed","title":"keeps dependencies opt-in and tags them separately from relation rows","duration":0.23923000000002048,"failureMessages":[],"meta":{},"tags":[]}],"startTime":1779787775146,"endTime":1779787775148.2717,"status":"passed","message":"","name":"/mnt/projects/cleocode/packages/core/src/workgraph/__tests__/relations.test.ts"}]}