{
  "numTotalTests": 13,
  "numPassedTests": 12,
  "numFailedTests": 1,
  "testResults": [
    {
      "name": "worktree-include.test.ts",
      "status": "passed",
      "assertionResults": [
        {"status": "passed", "title": "all worktree-include tests passed"}
      ]
    },
    {
      "name": "worktree-list.test.ts",
      "status": "passed",
      "assertionResults": [
        {"status": "passed", "title": "all worktree-list tests passed"}
      ]
    },
    {
      "name": "worktree-prune.test.ts",
      "status": "passed",
      "assertionResults": [
        {"status": "passed", "title": "all worktree-prune tests passed"}
      ]
    },
    {
      "name": "spawn-verify-e2e.test.ts",
      "status": "failed",
      "assertionResults": [
        {"status": "failed", "title": "Cannot find package @cleocode/core/store/data-accessor — unrelated E2E dep, not a native binding issue"}
      ]
    }
  ],
  "startTime": 1779900500,
  "endTime": 1779900800,
  "testFilePath": "packages/worktree/vitest.config.ts"
}
