{"numTotalTestSuites":16,"numPassedTestSuites":16,"numFailedTestSuites":0,"numPendingTestSuites":0,"numTotalTests":46,"numPassedTests":46,"numFailedTests":0,"numPendingTests":0,"numTodoTests":0,"snapshot":{"added":0,"failure":false,"filesAdded":0,"filesRemoved":0,"filesRemovedList":[],"filesUnmatched":0,"filesUpdated":0,"matched":0,"total":0,"unchecked":0,"uncheckedKeysByFile":[],"unmatched":0,"updated":0,"didUpdate":false},"startTime":1779780443631,"success":true,"testResults":[{"assertionResults":[{"ancestorTitles":["acItemToText"],"fullName":"acItemToText passes strings through unchanged (trimmed)","status":"passed","title":"passes strings through unchanged (trimmed)","duration":0.9177710000000161,"failureMessages":[],"meta":{},"tags":[]},{"ancestorTitles":["acItemToText"],"fullName":"acItemToText canonical JSON-serialises structured acceptance gates with stable key order","status":"passed","title":"canonical JSON-serialises structured acceptance gates with stable key order","duration":4.834879999999998,"failureMessages":[],"meta":{},"tags":[]},{"ancestorTitles":["buildFreshAcRows"],"fullName":"buildFreshAcRows returns empty array for undefined / empty input","status":"passed","title":"returns empty array for undefined / empty input","duration":0.14904599999999846,"failureMessages":[],"meta":{},"tags":[]},{"ancestorTitles":["buildFreshAcRows"],"fullName":"buildFreshAcRows assigns deterministic UUID-shaped IDs + source keys and 1-based ordinals","status":"passed","title":"assigns deterministic UUID-shaped IDs + source keys and 1-based ordinals","duration":1.5971920000000637,"failureMessages":[],"meta":{},"tags":[]},{"ancestorTitles":["buildFreshAcRows"],"fullName":"buildFreshAcRows keeps AC ids independent from ordinal while source keys retain ordinal provenance","status":"passed","title":"keeps AC ids independent from ordinal while source keys retain ordinal provenance","duration":0.29782000000000153,"failureMessages":[],"meta":{},"tags":[]},{"ancestorTitles":["buildFreshAcRows"],"fullName":"buildFreshAcRows fails loudly before DB write when duplicate canonical AC bodies collide","status":"passed","title":"fails loudly before DB write when duplicate canonical AC bodies collide","duration":0.48964599999999336,"failureMessages":[],"meta":{},"tags":[]},{"ancestorTitles":["buildFreshAcRows"],"fullName":"buildFreshAcRows preserves AC text via acItemToText","status":"passed","title":"preserves AC text via acItemToText","duration":0.13486100000000079,"failureMessages":[],"meta":{},"tags":[]},{"ancestorTitles":["buildFreshAcRows"],"fullName":"buildFreshAcRows projects structured gates as evidence_bound AC rows with canonical hashes","status":"passed","title":"projects structured gates as evidence_bound AC rows with canonical hashes","duration":0.5300189999999247,"failureMessages":[],"meta":{},"tags":[]},{"ancestorTitles":["planAcUpdate — create from empty (extend semantic)"],"fullName":"planAcUpdate — create from empty (extend semantic) inserts all rows when task has no existing AC rows","status":"passed","title":"inserts all rows when task has no existing AC rows","duration":0.23862300000007508,"failureMessages":[],"meta":{},"tags":[]},{"ancestorTitles":["planAcUpdate — extend (was N, now N+M with prefix match)"],"fullName":"planAcUpdate — extend (was N, now N+M with prefix match) appends new rows at maxOrdinal+1 and leaves existing rows untouched","status":"passed","title":"appends new rows at maxOrdinal+1 and leaves existing rows untouched","duration":0.2184260000000222,"failureMessages":[],"meta":{},"tags":[]},{"ancestorTitles":["planAcUpdate — extend (was N, now N+M with prefix match)"],"fullName":"planAcUpdate — extend (was N, now N+M with prefix match) continues from highest existing ordinal even when ordinals have gaps","status":"passed","title":"continues from highest existing ordinal even when ordinals have gaps","duration":0.17976800000008097,"failureMessages":[],"meta":{},"tags":[]},{"ancestorTitles":["planAcUpdate — shrink (was N, now M < N with strict prefix)"],"fullName":"planAcUpdate — shrink (was N, now M < N with strict prefix) moves trailing rows to history and re-inserts the kept prefix","status":"passed","title":"moves trailing rows to history and re-inserts the kept prefix","duration":0.28313200000002325,"failureMessages":[],"meta":{},"tags":[]},{"ancestorTitles":["planAcUpdate — replace-all (mid-edit / reorder / mixed)"],"fullName":"planAcUpdate — replace-all (mid-edit / reorder / mixed) treats text drift as wholesale rewrite — all existing → history, all new inserted from ordinal=1","status":"passed","title":"treats text drift as wholesale rewrite — all existing → history, all new inserted from ordinal=1","duration":0.39107000000001335,"failureMessages":[],"meta":{},"tags":[]},{"ancestorTitles":["planAcUpdate — replace-all (mid-edit / reorder / mixed)"],"fullName":"planAcUpdate — replace-all (mid-edit / reorder / mixed) reorder counts as replace-all (no prefix match → full rewrite)","status":"passed","title":"reorder counts as replace-all (no prefix match → full rewrite)","duration":0.19741499999997814,"failureMessages":[],"meta":{},"tags":[]},{"ancestorTitles":["planAcUpdate — idempotency (no-op when input equals existing)"],"fullName":"planAcUpdate — idempotency (no-op when input equals existing) extend-with-zero-tail emits empty plan when texts match exactly","status":"passed","title":"extend-with-zero-tail emits empty plan when texts match exactly","duration":0.11164500000006683,"failureMessages":[],"meta":{},"tags":[]},{"ancestorTitles":["planAcUpdate — edge cases"],"fullName":"planAcUpdate — edge cases handles empty incoming (shrink to zero) by moving all rows to history","status":"passed","title":"handles empty incoming (shrink to zero) by moving all rows to history","duration":0.12738799999999628,"failureMessages":[],"meta":{},"tags":[]},{"ancestorTitles":["child_task AC projection audit"],"fullName":"child_task AC projection audit returns typed clean output with a stable freshness fingerprint","status":"passed","title":"returns typed clean output with a stable freshness fingerprint","duration":0.39036399999997684,"failureMessages":[],"meta":{},"tags":[]},{"ancestorTitles":["child_task AC projection audit"],"fullName":"child_task AC projection audit detects missing and extra child_task rows","status":"passed","title":"detects missing and extra child_task rows","duration":0.3157660000000533,"failureMessages":[],"meta":{},"tags":[]},{"ancestorTitles":["child_task AC projection audit"],"fullName":"child_task AC projection audit detects mismatched row identity fields separately from stale projection text","status":"passed","title":"detects mismatched row identity fields separately from stale projection text","duration":0.19383099999993192,"failureMessages":[],"meta":{},"tags":[]},{"ancestorTitles":["planChildProjectionRebuild"],"fullName":"planChildProjectionRebuild is idempotent when parent-owned child projections are clean","status":"passed","title":"is idempotent when parent-owned child projections are clean","duration":0.23745599999995193,"failureMessages":[],"meta":{},"tags":[]},{"ancestorTitles":["planChildProjectionRebuild"],"fullName":"planChildProjectionRebuild rebuilds old parent projection by removing reparented child rows","status":"passed","title":"rebuilds old parent projection by removing reparented child rows","duration":0.26204299999994873,"failureMessages":[],"meta":{},"tags":[]},{"ancestorTitles":["planChildProjectionRebuild"],"fullName":"planChildProjectionRebuild rebuilds new parent projection by adding deterministic child_task rows","status":"passed","title":"rebuilds new parent projection by adding deterministic child_task rows","duration":0.2298040000000583,"failureMessages":[],"meta":{},"tags":[]}],"startTime":1779780445023,"endTime":1779780445035.262,"status":"passed","message":"","name":"/mnt/projects/cleocode/packages/core/src/tasks/__tests__/ac-table.test.ts"},{"assertionResults":[{"ancestorTitles":["updateTask"],"fullName":"updateTask updates task title","status":"passed","title":"updates task title","duration":102.61649199999988,"failureMessages":[],"meta":{},"tags":[]},{"ancestorTitles":["updateTask"],"fullName":"updateTask updates task status","status":"passed","title":"updates task status","duration":78.29922300000021,"failureMessages":[],"meta":{},"tags":[]},{"ancestorTitles":["updateTask"],"fullName":"updateTask adds labels","status":"passed","title":"adds labels","duration":73.42206899999996,"failureMessages":[],"meta":{},"tags":[]},{"ancestorTitles":["updateTask"],"fullName":"updateTask removes labels","status":"passed","title":"removes labels","duration":77.7710320000001,"failureMessages":[],"meta":{},"tags":[]},{"ancestorTitles":["updateTask"],"fullName":"updateTask adds notes","status":"passed","title":"adds notes","duration":73.84484500000008,"failureMessages":[],"meta":{},"tags":[]},{"ancestorTitles":["updateTask"],"fullName":"updateTask throws if no changes specified","status":"passed","title":"throws if no changes specified","duration":74.15662299999985,"failureMessages":[],"meta":{},"tags":[]},{"ancestorTitles":["updateTask"],"fullName":"updateTask throws if task not found","status":"passed","title":"throws if task not found","duration":66.72590100000025,"failureMessages":[],"meta":{},"tags":[]},{"ancestorTitles":["updateTask"],"fullName":"updateTask sets completedAt when marking done","status":"passed","title":"sets completedAt when marking done","duration":350.4724839999999,"failureMessages":[],"meta":{},"tags":[]},{"ancestorTitles":["updateTask"],"fullName":"updateTask status=done path enforces dependency checks via complete flow","status":"passed","title":"status=done path enforces dependency checks via complete flow","duration":70.57994899999994,"failureMessages":[],"meta":{},"tags":[]},{"ancestorTitles":["updateTask"],"fullName":"updateTask rejects mixed status=done updates with other fields","status":"passed","title":"rejects mixed status=done updates with other fields","duration":78.86529100000007,"failureMessages":[],"meta":{},"tags":[]},{"ancestorTitles":["updateTask","parentId (reparent via update)"],"fullName":"updateTask parentId (reparent via update) sets parent on a root task","status":"passed","title":"sets parent on a root task","duration":82.27943300000015,"failureMessages":[],"meta":{},"tags":[]},{"ancestorTitles":["updateTask","parentId (reparent via update)"],"fullName":"updateTask parentId (reparent via update) promotes child to root with parentId=null","status":"passed","title":"promotes child to root with parentId=null","duration":75.41658999999981,"failureMessages":[],"meta":{},"tags":[]},{"ancestorTitles":["updateTask","parentId (reparent via update)"],"fullName":"updateTask parentId (reparent via update) promotes child to root with parentId=\"\"","status":"passed","title":"promotes child to root with parentId=\"\"","duration":114.11967600000025,"failureMessages":[],"meta":{},"tags":[]},{"ancestorTitles":["updateTask","parentId (reparent via update)"],"fullName":"updateTask parentId (reparent via update) does not change when parentId is same as current","status":"passed","title":"does not change when parentId is same as current","duration":71.31446400000004,"failureMessages":[],"meta":{},"tags":[]},{"ancestorTitles":["updateTask","parentId (reparent via update)"],"fullName":"updateTask parentId (reparent via update) can set parent and other fields simultaneously","status":"passed","title":"can set parent and other fields simultaneously","duration":70.99692300000015,"failureMessages":[],"meta":{},"tags":[]},{"ancestorTitles":["updateTask","blockedBy set/clear (T9241)"],"fullName":"updateTask blockedBy set/clear (T9241) sets blockedBy reason text","status":"passed","title":"sets blockedBy reason text","duration":70.73516999999993,"failureMessages":[],"meta":{},"tags":[]},{"ancestorTitles":["updateTask","blockedBy set/clear (T9241)"],"fullName":"updateTask blockedBy set/clear (T9241) clears blockedBy via --clear-blocked-by flag","status":"passed","title":"clears blockedBy via --clear-blocked-by flag","duration":87.6732179999999,"failureMessages":[],"meta":{},"tags":[]},{"ancestorTitles":["updateTask","blockedBy set/clear (T9241)"],"fullName":"updateTask blockedBy set/clear (T9241) auto-clears blockedBy when set to empty string","status":"passed","title":"auto-clears blockedBy when set to empty string","duration":71.09012699999994,"failureMessages":[],"meta":{},"tags":[]},{"ancestorTitles":["updateTask","blockedBy set/clear (T9241)"],"fullName":"updateTask blockedBy set/clear (T9241) stale text does not persist in cleo show after clear","status":"passed","title":"stale text does not persist in cleo show after clear","duration":64.28104600000006,"failureMessages":[],"meta":{},"tags":[]},{"ancestorTitles":["updateTask","files add/remove (T9242)"],"fullName":"updateTask files add/remove (T9242) sets files via --files (replace)","status":"passed","title":"sets files via --files (replace)","duration":64.89906500000006,"failureMessages":[],"meta":{},"tags":[]},{"ancestorTitles":["updateTask","files add/remove (T9242)"],"fullName":"updateTask files add/remove (T9242) adds files without replacing existing via addFiles","status":"passed","title":"adds files without replacing existing via addFiles","duration":70.81643299999996,"failureMessages":[],"meta":{},"tags":[]},{"ancestorTitles":["updateTask","files add/remove (T9242)"],"fullName":"updateTask files add/remove (T9242) addFiles deduplicates — does not add already-present files twice","status":"passed","title":"addFiles deduplicates — does not add already-present files twice","duration":191.98736699999972,"failureMessages":[],"meta":{},"tags":[]},{"ancestorTitles":["updateTask","files add/remove (T9242)"],"fullName":"updateTask files add/remove (T9242) removes specific files via removeFiles","status":"passed","title":"removes specific files via removeFiles","duration":198.00888399999985,"failureMessages":[],"meta":{},"tags":[]},{"ancestorTitles":["updateTask","files add/remove (T9242)"],"fullName":"updateTask files add/remove (T9242) removeFiles on empty files list is a no-op","status":"passed","title":"removeFiles on empty files list is a no-op","duration":148.9597600000002,"failureMessages":[],"meta":{},"tags":[]}],"startTime":1779780446242,"endTime":1779780448671.9597,"status":"passed","message":"","name":"/mnt/projects/cleocode/packages/core/src/tasks/__tests__/update.test.ts"}]}