{"numTotalTestSuites":2,"numPassedTestSuites":2,"numFailedTestSuites":0,"numPendingTestSuites":0,"numTotalTests":7,"numPassedTests":7,"numFailedTests":0,"numPendingTests":0,"numTodoTests":0,"snapshot":{"added":0,"failure":false,"filesAdded":0,"filesRemoved":0,"filesRemovedList":[],"filesUnmatched":0,"filesUpdated":0,"matched":0,"total":0,"unchecked":0,"uncheckedKeysByFile":[],"unmatched":0,"updated":0,"didUpdate":false},"startTime":1779778913889,"success":true,"testResults":[{"assertionResults":[{"ancestorTitles":["SqliteWorkGraphContainmentQueryService"],"fullName":"SqliteWorkGraphContainmentQueryService loads ancestor chains for multiple roots with one parent_id-only recursive query","status":"passed","title":"loads ancestor chains for multiple roots with one parent_id-only recursive query","duration":1.8792900000000259,"failureMessages":[],"meta":{},"tags":[]},{"ancestorTitles":["SqliteWorkGraphContainmentQueryService"],"fullName":"SqliteWorkGraphContainmentQueryService loads direct children for multiple parents with one parent_id batch query","status":"passed","title":"loads direct children for multiple parents with one parent_id batch query","duration":0.35604500000005146,"failureMessages":[],"meta":{},"tags":[]},{"ancestorTitles":["SqliteWorkGraphContainmentQueryService"],"fullName":"SqliteWorkGraphContainmentQueryService projects a descendant tree with cursor pagination and max depth using one recursive query","status":"passed","title":"projects a descendant tree with cursor pagination and max depth using one recursive query","duration":0.4327589999999759,"failureMessages":[],"meta":{},"tags":[]},{"ancestorTitles":["SqliteWorkGraphContainmentQueryService"],"fullName":"SqliteWorkGraphContainmentQueryService uses the paginated tree projection for descendant traversal","status":"passed","title":"uses the paginated tree projection for descendant traversal","duration":0.232578999999987,"failureMessages":[],"meta":{},"tags":[]},{"ancestorTitles":["SqliteWorkGraphContainmentQueryService"],"fullName":"SqliteWorkGraphContainmentQueryService summarizes direct and subtree rollup counts with explicit percent denominator rules","status":"passed","title":"summarizes direct and subtree rollup counts with explicit percent denominator rules","duration":0.47053399999998646,"failureMessages":[],"meta":{},"tags":[]},{"ancestorTitles":["SqliteWorkGraphContainmentQueryService"],"fullName":"SqliteWorkGraphContainmentQueryService flags stale direct-child projections when expected rollup counts disagree with storage","status":"passed","title":"flags stale direct-child projections when expected rollup counts disagree with storage","duration":0.15127100000000837,"failureMessages":[],"meta":{},"tags":[]},{"ancestorTitles":["SqliteWorkGraphContainmentQueryService"],"fullName":"SqliteWorkGraphContainmentQueryService groups role-filtered ready frontier tasks and separates dependency blockers from gate blockers","status":"passed","title":"groups role-filtered ready frontier tasks and separates dependency blockers from gate blockers","duration":4.746393000000012,"failureMessages":[],"meta":{},"tags":[]}],"startTime":1779778915648,"endTime":1779778915656.7463,"status":"passed","message":"","name":"/home/keatonhoskins/.local/share/cleo/worktrees/1e3146b7352ba279/T10581/packages/core/src/workgraph/__tests__/containment.test.ts"}]}