{
  "numTotalTests": 7,
  "numPassedTests": 7,
  "numFailedTests": 0,
  "testResults": [
    {"name": "orchestrateReport classifies ready tasks correctly", "status": "passed"},
    {"name": "orchestrateReport classifies blockedBy tasks with unmet dependencies", "status": "passed"},
    {"name": "orchestrateReport gate-blocked group exists with count 0 when no gates persisted", "status": "passed"},
    {"name": "orchestrateReport skips done and cancelled tasks", "status": "passed"},
    {"name": "orchestrateReport handles pagination", "status": "passed"},
    {"name": "orchestrateReport returns error for nonexistent epic", "status": "passed"},
    {"name": "orchestrateReport all groups have correct labels and shapes", "status": "passed"}
  ]
}
