{"numTotalTestSuites":6,"numPassedTestSuites":6,"numFailedTestSuites":0,"numPendingTestSuites":0,"numTotalTests":22,"numPassedTests":22,"numFailedTests":0,"numPendingTests":0,"numTodoTests":0,"snapshot":{"added":0,"failure":false,"filesAdded":0,"filesRemoved":0,"filesRemovedList":[],"filesUnmatched":0,"filesUpdated":0,"matched":0,"total":0,"unchecked":0,"uncheckedKeysByFile":[],"unmatched":0,"updated":0,"didUpdate":false},"startTime":1779748099717,"success":true,"testResults":[{"assertionResults":[{"ancestorTitles":["nexus clusters — human renderer"],"fullName":"nexus clusters — human renderer renders empty communities with a hint to run analyze","status":"passed","title":"renders empty communities with a hint to run analyze","duration":0.9099439999999959,"failureMessages":[],"meta":{},"tags":[]},{"ancestorTitles":["nexus clusters — human renderer"],"fullName":"nexus clusters — human renderer renders communities with id, label, symbolCount, cohesion","status":"passed","title":"renders communities with id, label, symbolCount, cohesion","duration":0.21222399999999197,"failureMessages":[],"meta":{},"tags":[]},{"ancestorTitles":["nexus clusters — human renderer"],"fullName":"nexus clusters — human renderer returns empty string in quiet mode","status":"passed","title":"returns empty string in quiet mode","duration":0.13421299999998837,"failureMessages":[],"meta":{},"tags":[]},{"ancestorTitles":["nexus context — human renderer"],"fullName":"nexus context — human renderer renders \"not found\" message when matchCount is 0","status":"passed","title":"renders \"not found\" message when matchCount is 0","duration":0.19048700000001872,"failureMessages":[],"meta":{},"tags":[]},{"ancestorTitles":["nexus context — human renderer"],"fullName":"nexus context — human renderer renders symbol details with callers and callees","status":"passed","title":"renders symbol details with callers and callees","duration":0.24067300000001524,"failureMessages":[],"meta":{},"tags":[]},{"ancestorTitles":["nexus context — human renderer"],"fullName":"nexus context — human renderer renders single-match header without \"es\" suffix","status":"passed","title":"renders single-match header without \"es\" suffix","duration":0.16641799999999307,"failureMessages":[],"meta":{},"tags":[]},{"ancestorTitles":["nexus context — human renderer"],"fullName":"nexus context — human renderer returns empty string in quiet mode","status":"passed","title":"returns empty string in quiet mode","duration":0.0881949999999847,"failureMessages":[],"meta":{},"tags":[]},{"ancestorTitles":["nexus graph/context — token budget and performance fixtures"],"fullName":"nexus graph/context — token budget and performance fixtures keeps 'small' graph context output inside recorded token/query/latency thresholds","status":"passed","title":"keeps 'small' graph context output inside recorded token/query/latency thresholds","duration":0.2207300000000032,"failureMessages":[],"meta":{},"tags":[]},{"ancestorTitles":["nexus graph/context — token budget and performance fixtures"],"fullName":"nexus graph/context — token budget and performance fixtures keeps 'medium' graph context output inside recorded token/query/latency thresholds","status":"passed","title":"keeps 'medium' graph context output inside recorded token/query/latency thresholds","duration":0.1408710000000042,"failureMessages":[],"meta":{},"tags":[]},{"ancestorTitles":["nexus graph/context — token budget and performance fixtures"],"fullName":"nexus graph/context — token budget and performance fixtures keeps 'large' graph context output inside recorded token/query/latency thresholds","status":"passed","title":"keeps 'large' graph context output inside recorded token/query/latency thresholds","duration":0.14229600000001597,"failureMessages":[],"meta":{},"tags":[]},{"ancestorTitles":["nexus graph/context — token budget and performance fixtures"],"fullName":"nexus graph/context — token budget and performance fixtures keeps 'small' full-context output inside recorded token/query/latency thresholds","status":"passed","title":"keeps 'small' full-context output inside recorded token/query/latency thresholds","duration":0.24545799999998508,"failureMessages":[],"meta":{},"tags":[]},{"ancestorTitles":["nexus graph/context — token budget and performance fixtures"],"fullName":"nexus graph/context — token budget and performance fixtures keeps 'medium' full-context output inside recorded token/query/latency thresholds","status":"passed","title":"keeps 'medium' full-context output inside recorded token/query/latency thresholds","duration":0.07798800000000483,"failureMessages":[],"meta":{},"tags":[]},{"ancestorTitles":["nexus graph/context — token budget and performance fixtures"],"fullName":"nexus graph/context — token budget and performance fixtures keeps 'large' full-context output inside recorded token/query/latency thresholds","status":"passed","title":"keeps 'large' full-context output inside recorded token/query/latency thresholds","duration":0.06318199999998342,"failureMessages":[],"meta":{},"tags":[]},{"ancestorTitles":["nexus graph/context — token budget and performance fixtures"],"fullName":"nexus graph/context — token budget and performance fixtures reports omitted matches for medium/large context fixtures","status":"passed","title":"reports omitted matches for medium/large context fixtures","duration":0.3956190000000106,"failureMessages":[],"meta":{},"tags":[]},{"ancestorTitles":["nexus hot-paths — human renderer"],"fullName":"nexus hot-paths — human renderer renders \"no hot paths\" when paths array is empty","status":"passed","title":"renders \"no hot paths\" when paths array is empty","duration":0.10083099999999945,"failureMessages":[],"meta":{},"tags":[]},{"ancestorTitles":["nexus hot-paths — human renderer"],"fullName":"nexus hot-paths — human renderer renders markdown table header and edge rows","status":"passed","title":"renders markdown table header and edge rows","duration":0.08419299999999907,"failureMessages":[],"meta":{},"tags":[]},{"ancestorTitles":["nexus hot-paths — human renderer"],"fullName":"nexus hot-paths — human renderer includes note when present","status":"passed","title":"includes note when present","duration":0.044098999999988564,"failureMessages":[],"meta":{},"tags":[]},{"ancestorTitles":["nexus hot-paths — human renderer"],"fullName":"nexus hot-paths — human renderer returns empty string in quiet mode","status":"passed","title":"returns empty string in quiet mode","duration":0.035368000000005395,"failureMessages":[],"meta":{},"tags":[]},{"ancestorTitles":["nexus status — human renderer"],"fullName":"nexus status — human renderer renders NOT INDEXED when indexed is false","status":"passed","title":"renders NOT INDEXED when indexed is false","duration":0.09483299999999417,"failureMessages":[],"meta":{},"tags":[]},{"ancestorTitles":["nexus status — human renderer"],"fullName":"nexus status — human renderer renders full stats when indexed is true","status":"passed","title":"renders full stats when indexed is true","duration":0.07200399999999263,"failureMessages":[],"meta":{},"tags":[]},{"ancestorTitles":["nexus status — human renderer"],"fullName":"nexus status — human renderer shows \"up to date\" when staleFileCount is 0","status":"passed","title":"shows \"up to date\" when staleFileCount is 0","duration":0.035186000000010154,"failureMessages":[],"meta":{},"tags":[]},{"ancestorTitles":["nexus status — human renderer"],"fullName":"nexus status — human renderer returns empty string in quiet mode","status":"passed","title":"returns empty string in quiet mode","duration":0.03055499999999256,"failureMessages":[],"meta":{},"tags":[]}],"startTime":1779748101362,"endTime":1779748101366.1008,"status":"passed","message":"","name":"/mnt/projects/cleocode/packages/core/src/render/nexus/__tests__/renderers.test.ts"}]}