{"numTotalTestSuites":4,"numPassedTestSuites":4,"numFailedTestSuites":0,"numPendingTestSuites":0,"numTotalTests":21,"numPassedTests":21,"numFailedTests":0,"numPendingTests":0,"numTodoTests":0,"snapshot":{"added":0,"failure":false,"filesAdded":0,"filesRemoved":0,"filesRemovedList":[],"filesUnmatched":0,"filesUpdated":0,"matched":0,"total":0,"unchecked":0,"uncheckedKeysByFile":[],"unmatched":0,"updated":0,"didUpdate":false},"startTime":1779758698072,"success":true,"testResults":[{"assertionResults":[{"ancestorTitles":["archiveTasks"],"fullName":"archiveTasks archives completed tasks","status":"passed","title":"archives completed tasks","duration":102.18532699999992,"failureMessages":[],"meta":{},"tags":[]},{"ancestorTitles":["archiveTasks"],"fullName":"archiveTasks includes cancelled tasks by default","status":"passed","title":"includes cancelled tasks by default","duration":60.708769000000075,"failureMessages":[],"meta":{},"tags":[]},{"ancestorTitles":["archiveTasks"],"fullName":"archiveTasks excludes cancelled tasks when includeCancelled is false","status":"passed","title":"excludes cancelled tasks when includeCancelled is false","duration":60.346492000000126,"failureMessages":[],"meta":{},"tags":[]},{"ancestorTitles":["archiveTasks"],"fullName":"archiveTasks filters by date with before option","status":"passed","title":"filters by date with before option","duration":61.37480800000003,"failureMessages":[],"meta":{},"tags":[]},{"ancestorTitles":["archiveTasks"],"fullName":"archiveTasks archives specific tasks by ID","status":"passed","title":"archives specific tasks by ID","duration":61.82605600000011,"failureMessages":[],"meta":{},"tags":[]},{"ancestorTitles":["archiveTasks"],"fullName":"archiveTasks supports dry run mode","status":"passed","title":"supports dry run mode","duration":61.72908099999995,"failureMessages":[],"meta":{},"tags":[]},{"ancestorTitles":["archiveTasks"],"fullName":"archiveTasks removes parent child_task AC projection and records history when archiving a child task","status":"passed","title":"removes parent child_task AC projection and records history when archiving a child task","duration":135.1188639999998,"failureMessages":[],"meta":{},"tags":[]},{"ancestorTitles":["archiveTasks"],"fullName":"archiveTasks skips epics with active children","status":"passed","title":"skips epics with active children","duration":63.11418800000001,"failureMessages":[],"meta":{},"tags":[]},{"ancestorTitles":["archiveTasks"],"fullName":"archiveTasks returns empty when nothing to archive","status":"passed","title":"returns empty when nothing to archive","duration":58.468458000000055,"failureMessages":[],"meta":{},"tags":[]},{"ancestorTitles":["archiveTasks"],"fullName":"archiveTasks appends to existing archive","status":"passed","title":"appends to existing archive","duration":65.27689299999997,"failureMessages":[],"meta":{},"tags":[]},{"ancestorTitles":["archiveTasks"],"fullName":"archiveTasks stamps archiveReason=\"completed-unverified\" when status=done but verification is missing","status":"passed","title":"stamps archiveReason=\"completed-unverified\" when status=done but verification is missing","duration":61.26781199999982,"failureMessages":[],"meta":{},"tags":[]},{"ancestorTitles":["archiveTasks"],"fullName":"archiveTasks stamps archiveReason=\"verified\" when status=done and verification.passed=true","status":"passed","title":"stamps archiveReason=\"verified\" when status=done and verification.passed=true","duration":64.00402599999984,"failureMessages":[],"meta":{},"tags":[]},{"ancestorTitles":["archiveTasks"],"fullName":"archiveTasks stamps archiveReason=\"cancelled\" when status=cancelled regardless of verification","status":"passed","title":"stamps archiveReason=\"cancelled\" when status=cancelled regardless of verification","duration":61.40083999999979,"failureMessages":[],"meta":{},"tags":[]}],"startTime":1779758700721,"endTime":1779758701637.401,"status":"passed","message":"","name":"/home/keatonhoskins/.local/share/cleo/worktrees/1e3146b7352ba279/T10603/packages/core/src/tasks/__tests__/archive.test.ts"},{"assertionResults":[{"ancestorTitles":["deleteTask"],"fullName":"deleteTask deletes a leaf task (moves to archive)","status":"passed","title":"deletes a leaf task (moves to archive)","duration":88.73922199999993,"failureMessages":[],"meta":{},"tags":[]},{"ancestorTitles":["deleteTask"],"fullName":"deleteTask throws for nonexistent task","status":"passed","title":"throws for nonexistent task","duration":62.06728799999996,"failureMessages":[],"meta":{},"tags":[]},{"ancestorTitles":["deleteTask"],"fullName":"deleteTask throws when task has children without cascade/force","status":"passed","title":"throws when task has children without cascade/force","duration":60.61804499999994,"failureMessages":[],"meta":{},"tags":[]},{"ancestorTitles":["deleteTask"],"fullName":"deleteTask cascade deletes children","status":"passed","title":"cascade deletes children","duration":73.05502999999999,"failureMessages":[],"meta":{},"tags":[]},{"ancestorTitles":["deleteTask"],"fullName":"deleteTask force deletes by orphaning children","status":"passed","title":"force deletes by orphaning children","duration":62.92440499999998,"failureMessages":[],"meta":{},"tags":[]},{"ancestorTitles":["deleteTask"],"fullName":"deleteTask throws when task has dependents without force","status":"passed","title":"throws when task has dependents without force","duration":62.17698900000005,"failureMessages":[],"meta":{},"tags":[]},{"ancestorTitles":["deleteTask"],"fullName":"deleteTask cleans up dependency references after deletion","status":"passed","title":"cleans up dependency references after deletion","duration":62.894101999999975,"failureMessages":[],"meta":{},"tags":[]},{"ancestorTitles":["deleteTask"],"fullName":"deleteTask removes parent child_task AC projection and records history when deleting a child task","status":"passed","title":"removes parent child_task AC projection and records history when deleting a child task","duration":122.23513899999989,"failureMessages":[],"meta":{},"tags":[]}],"startTime":1779758700710,"endTime":1779758701305.235,"status":"passed","message":"","name":"/home/keatonhoskins/.local/share/cleo/worktrees/1e3146b7352ba279/T10603/packages/core/src/tasks/__tests__/delete.test.ts"}]}