{"numTotalTestSuites":2,"numPassedTestSuites":2,"numFailedTestSuites":0,"numPendingTestSuites":0,"numTotalTests":3,"numPassedTests":3,"numFailedTests":0,"numPendingTests":0,"numTodoTests":0,"snapshot":{"added":0,"failure":false,"filesAdded":0,"filesRemoved":0,"filesRemovedList":[],"filesUnmatched":0,"filesUpdated":0,"matched":0,"total":0,"unchecked":0,"uncheckedKeysByFile":[],"unmatched":0,"updated":0,"didUpdate":false},"startTime":1779747320969,"success":true,"testResults":[{"assertionResults":[{"ancestorTitles":["PM-Core V2 WorkGraph architecture"],"fullName":"PM-Core V2 WorkGraph architecture keeps recursive task hierarchy SQL inside core-owned storage/traversal modules","status":"passed","title":"keeps recursive task hierarchy SQL inside core-owned storage/traversal modules","duration":325.399207,"failureMessages":[],"meta":{},"tags":[]},{"ancestorTitles":["PM-Core V2 WorkGraph architecture"],"fullName":"PM-Core V2 WorkGraph architecture forbids legacy task_relations.groups from being used as a hierarchy traversal source","status":"passed","title":"forbids legacy task_relations.groups from being used as a hierarchy traversal source","duration":258.064117,"failureMessages":[],"meta":{},"tags":[]},{"ancestorTitles":["PM-Core V2 WorkGraph architecture"],"fullName":"PM-Core V2 WorkGraph architecture ignores legacy groups fixtures while still catching production traversal shortcuts","status":"passed","title":"ignores legacy groups fixtures while still catching production traversal shortcuts","duration":0.2995109999999386,"failureMessages":[],"meta":{},"tags":[]}],"startTime":1779747322593,"endTime":1779747323177.2996,"status":"passed","message":"","name":"/mnt/projects/cleocode/packages/core/src/tasks/__tests__/workgraph-architecture.test.ts"}]}