{"numTotalTestSuites":2,"numPassedTestSuites":2,"numFailedTestSuites":0,"numPendingTestSuites":0,"numTotalTests":4,"numPassedTests":4,"numFailedTests":0,"numPendingTests":0,"numTodoTests":0,"snapshot":{"added":0,"failure":false,"filesAdded":0,"filesRemoved":0,"filesRemovedList":[],"filesUnmatched":0,"filesUpdated":0,"matched":0,"total":0,"unchecked":0,"uncheckedKeysByFile":[],"unmatched":0,"updated":0,"didUpdate":false},"startTime":1779783493163,"success":true,"testResults":[{"assertionResults":[{"ancestorTitles":["completion evaluation (T10591)"],"fullName":"completion evaluation (T10591) returns unsatisfied text, evidence, and child criteria","status":"passed","title":"returns unsatisfied text, evidence, and child criteria","duration":97.53790700000002,"failureMessages":[],"meta":{},"tags":[]},{"ancestorTitles":["completion evaluation (T10591)"],"fullName":"completion evaluation (T10591) requires criterion-scoped waiver metadata before waiving a cancelled child","status":"passed","title":"requires criterion-scoped waiver metadata before waiving a cancelled child","duration":73.67288900000005,"failureMessages":[],"meta":{},"tags":[]},{"ancestorTitles":["completion evaluation (T10591)"],"fullName":"completion evaluation (T10591) distinguishes replaced child criteria from satisfied and waived rollup buckets","status":"passed","title":"distinguishes replaced child criteria from satisfied and waived rollup buckets","duration":70.03199599999994,"failureMessages":[],"meta":{},"tags":[]},{"ancestorTitles":["completion evaluation (T10591)"],"fullName":"completion evaluation (T10591) detects stale completion when an already-done parent has unsatisfied criteria","status":"passed","title":"detects stale completion when an already-done parent has unsatisfied criteria","duration":64.30076900000017,"failureMessages":[],"meta":{},"tags":[]}],"startTime":1779783494848,"endTime":1779783495154.3008,"status":"passed","message":"","name":"/home/keatonhoskins/.local/share/cleo/worktrees/1e3146b7352ba279/T10592/packages/core/src/tasks/__tests__/completion-evaluation.test.ts"}]}