{"numTotalTestSuites":2,"numPassedTestSuites":2,"numFailedTestSuites":0,"numPendingTestSuites":0,"numTotalTests":2,"numPassedTests":2,"numFailedTests":0,"numPendingTests":0,"numTodoTests":0,"snapshot":{"added":0,"failure":false,"filesAdded":0,"filesRemoved":0,"filesRemovedList":[],"filesUnmatched":0,"filesUpdated":0,"matched":0,"total":0,"unchecked":0,"uncheckedKeysByFile":[],"unmatched":0,"updated":0,"didUpdate":false},"startTime":1779800341563,"success":true,"testResults":[{"assertionResults":[{"ancestorTitles":["docs.update registry flags (T10617)"],"fullName":"docs.update registry flags (T10617) exposes registry-driven dry-run and strict preflight CLI params","status":"passed","title":"exposes registry-driven dry-run and strict preflight CLI params","duration":1.4054710000000057,"failureMessages":[],"meta":{},"tags":[]},{"ancestorTitles":["docs.update registry flags (T10617)"],"fullName":"docs.update registry flags (T10617) derives lifecycle help and enum from the runtime docs.update status SSoT","status":"passed","title":"derives lifecycle help and enum from the runtime docs.update status SSoT","duration":0.1963049999999953,"failureMessages":[],"meta":{},"tags":[]}],"startTime":1779800342539,"endTime":1779800342540.4055,"status":"passed","message":"","name":"/home/keatonhoskins/.local/share/cleo/worktrees/1e3146b7352ba279/T10618/packages/contracts/src/dispatch/__tests__/docs-update-registry.test.ts"}]}