{"numTotalTestSuites":4,"numPassedTestSuites":4,"numFailedTestSuites":0,"numPendingTestSuites":0,"numTotalTests":5,"numPassedTests":5,"numFailedTests":0,"numPendingTests":0,"numTodoTests":0,"snapshot":{"added":0,"failure":false,"filesAdded":0,"filesRemoved":0,"filesRemovedList":[],"filesUnmatched":0,"filesUpdated":0,"matched":0,"total":0,"unchecked":0,"uncheckedKeysByFile":[],"unmatched":0,"updated":0,"didUpdate":false},"startTime":1779759548311,"success":true,"testResults":[{"assertionResults":[{"ancestorTitles":["T10571 task_relations migration SQL"],"fullName":"T10571 task_relations migration SQL makes relation_type part of row identity","status":"passed","title":"makes relation_type part of row identity","duration":1.0004310000000487,"failureMessages":[],"meta":{},"tags":[]},{"ancestorTitles":["T10571 task_relations migration SQL"],"fullName":"T10571 task_relations migration SQL preserves reason and relation_type check semantics","status":"passed","title":"preserves reason and relation_type check semantics","duration":0.20745899999997164,"failureMessages":[],"meta":{},"tags":[]},{"ancestorTitles":["T10571 task_relations migration SQL"],"fullName":"T10571 task_relations migration SQL adds source/type, target/type, and type lookup indexes","status":"passed","title":"adds source/type, target/type, and type lookup indexes","duration":0.17451699999992343,"failureMessages":[],"meta":{},"tags":[]},{"ancestorTitles":["T10571 Drizzle schema parity"],"fullName":"T10571 Drizzle schema parity exposes non-containment edge graph columns","status":"passed","title":"exposes non-containment edge graph columns","duration":0.2568350000000237,"failureMessages":[],"meta":{},"tags":[]},{"ancestorTitles":["T10571 fresh migration apply"],"fullName":"T10571 fresh migration apply applies all tasks migrations with typed relation identity and indexes","status":"passed","title":"applies all tasks migrations with typed relation identity and indexes","duration":231.240413,"failureMessages":[],"meta":{},"tags":[]}],"startTime":1779759550461,"endTime":1779759550694.2405,"status":"passed","message":"","name":"/home/keatonhoskins/.local/share/cleo/worktrees/1e3146b7352ba279/T10571/packages/core/src/store/__tests__/task-relations-schema.test.ts"}]}