{"numTotalTestSuites": 5, "numPassedTestSuites": 5, "numFailedTestSuites": 0, "numPendingTestSuites": 0, "numTotalTests": 12, "numPassedTests": 12, "numFailedTests": 0, "numPendingTests": 0, "numTodoTests": 0, "snapshot": {"added": 0, "failure": false, "filesAdded": 0, "filesRemoved": 0, "filesRemovedList": [], "filesUnmatched": 0, "filesUpdated": 0, "matched": 0, "total": 0, "unchecked": 0, "uncheckedKeysByFile": [], "unmatched": 0, "updated": 0, "didUpdate": false}, "startTime": 1779821446753, "success": true, "testResults": [{"assertionResults": [{"ancestorTitles": ["WorkGraph scaffold apply engine", "AC1 \u2014 apply is transactional"], "fullName": "WorkGraph scaffold apply engine AC1 \u2014 apply is transactional returns applied:false when validation fails (invalid type)", "status": "passed", "title": "returns applied:false when validation fails (invalid type)", "duration": 1134.590355, "failureMessages": [], "meta": {}, "tags": []}, {"ancestorTitles": ["WorkGraph scaffold apply engine", "AC1 \u2014 apply is transactional"], "fullName": "WorkGraph scaffold apply engine AC1 \u2014 apply is transactional returns applied:false when apply flag is false (dry-run preview)", "status": "passed", "title": "returns applied:false when apply flag is false (dry-run preview)", "duration": 51.455715000000055, "failureMessages": [], "meta": {}, "tags": []}, {"ancestorTitles": ["WorkGraph scaffold apply engine", "AC1 \u2014 apply is transactional"], "fullName": "WorkGraph scaffold apply engine AC1 \u2014 apply is transactional returns applied:true only when all node and edge writes succeed", "status": "passed", "title": "returns applied:true only when all node and edge writes succeed", "duration": 145.68323499999997, "failureMessages": [], "meta": {}, "tags": []}, {"ancestorTitles": ["WorkGraph scaffold apply engine", "AC2 \u2014 idempotency prevents duplicates"], "fullName": "WorkGraph scaffold apply engine AC2 \u2014 idempotency prevents duplicates skips nodes that already exist", "status": "passed", "title": "skips nodes that already exist", "duration": 282.106632, "failureMessages": [], "meta": {}, "tags": []}, {"ancestorTitles": ["WorkGraph scaffold apply engine", "AC2 \u2014 idempotency prevents duplicates"], "fullName": "WorkGraph scaffold apply engine AC2 \u2014 idempotency prevents duplicates edges are idempotent \u2014 duplicate depends_on does not throw", "status": "passed", "title": "edges are idempotent \u2014 duplicate depends_on does not throw", "duration": 181.83663899999988, "failureMessages": [], "meta": {}, "tags": []}, {"ancestorTitles": ["WorkGraph scaffold apply engine", "AC2 \u2014 idempotency prevents duplicates"], "fullName": "WorkGraph scaffold apply engine AC2 \u2014 idempotency prevents duplicates relation edges are idempotent \u2014 duplicate blocks does not throw", "status": "passed", "title": "relation edges are idempotent \u2014 duplicate blocks does not throw", "duration": 224.635765, "failureMessages": [], "meta": {}, "tags": []}, {"ancestorTitles": ["WorkGraph scaffold apply engine", "AC3 \u2014 docs and relations created consistently"], "fullName": "WorkGraph scaffold apply engine AC3 \u2014 docs and relations created consistently depends_on edge creates a task_dependencies row", "status": "passed", "title": "depends_on edge creates a task_dependencies row", "duration": 216.36566099999982, "failureMessages": [], "meta": {}, "tags": []}, {"ancestorTitles": ["WorkGraph scaffold apply engine", "AC3 \u2014 docs and relations created consistently"], "fullName": "WorkGraph scaffold apply engine AC3 \u2014 docs and relations created consistently blocks edge creates a task_relations row", "status": "passed", "title": "blocks edge creates a task_relations row", "duration": 210.8764409999999, "failureMessages": [], "meta": {}, "tags": []}, {"ancestorTitles": ["WorkGraph scaffold apply engine", "AC3 \u2014 docs and relations created consistently"], "fullName": "WorkGraph scaffold apply engine AC3 \u2014 docs and relations created consistently relates_to edge creates a task_relations row", "status": "passed", "title": "relates_to edge creates a task_relations row", "duration": 214.0848960000003, "failureMessages": [], "meta": {}, "tags": []}, {"ancestorTitles": ["WorkGraph scaffold apply engine", "AC3 \u2014 docs and relations created consistently"], "fullName": "WorkGraph scaffold apply engine AC3 \u2014 docs and relations created consistently groups edge creates a task_relations row", "status": "passed", "title": "groups edge creates a task_relations row", "duration": 206.65707199999997, "failureMessages": [], "meta": {}, "tags": []}, {"ancestorTitles": ["WorkGraph scaffold apply engine", "AC3 \u2014 docs and relations created consistently"], "fullName": "WorkGraph scaffold apply engine AC3 \u2014 docs and relations created consistently parentId on node sets task parent_id (containment)", "status": "passed", "title": "parentId on node sets task parent_id (containment)", "duration": 116.10688199999959, "failureMessages": [], "meta": {}, "tags": []}, {"ancestorTitles": ["WorkGraph scaffold apply engine", "AC3 \u2014 docs and relations created consistently"], "fullName": "WorkGraph scaffold apply engine AC3 \u2014 docs and relations created consistently mixed nodes + edges: all three ACs exercised end-to-end", "status": "passed", "title": "mixed nodes + edges: all three ACs exercised end-to-end", "duration": 132.13324899999998, "failureMessages": [], "meta": {}, "tags": []}], "startTime": 1779821448503, "endTime": 1779821451620.1333, "status": "passed", "message": "", "name": "/mnt/projects/cleocode/packages/core/src/workgraph/__tests__/scaffold-apply.test.ts"}]}