{
  "numTotalTests": 55,
  "numPassedTests": 55,
  "numFailedTests": 0,
  "testResults": [
    {
      "name": "SqliteWorkGraphContainmentQueryService loads ancestor chains for multiple roots with one parent_id-only recursive query",
      "status": "passed"
    },
    {
      "name": "SqliteWorkGraphContainmentQueryService loads direct children for multiple parents with one parent_id batch query",
      "status": "passed"
    },
    {
      "name": "SqliteWorkGraphContainmentQueryService projects a descendant tree with cursor pagination and max depth using one recursive query",
      "status": "passed"
    },
    {
      "name": "SqliteWorkGraphContainmentQueryService uses the paginated tree projection for descendant traversal",
      "status": "passed"
    },
    {
      "name": "SqliteWorkGraphContainmentQueryService summarizes direct and subtree rollup counts with explicit percent denominator rules",
      "status": "passed"
    },
    {
      "name": "SqliteWorkGraphContainmentQueryService flags stale direct-child projections when expected rollup counts disagree with storage",
      "status": "passed"
    },
    {
      "name": "SqliteWorkGraphContainmentQueryService groups role-filtered ready frontier tasks and separates dependency blockers from gate blockers",
      "status": "passed"
    },
    {
      "name": "validateWorkGraphHierarchy accepts the canonical saga -> epic -> task -> subtask hierarchy shape",
      "status": "passed"
    },
    {
      "name": "validateWorkGraphHierarchy rejects saga parent_id so Saga membership stays relation-backed",
      "status": "passed"
    },
    {
      "name": "validateWorkGraphHierarchy rejects epic parents, task-under-task, and child-under-subtask matrix breaches",
      "status": "passed"
    },
    {
      "name": "validateWorkGraphHierarchy can throw with stable diagnostics for callers that need fail-fast enforcement",
      "status": "passed"
    },
    {
      "name": "SqliteWorkGraphRelationQueryService lists outgoing task_relations with stored reasons and without dependencies by default",
      "status": "passed"
    },
    {
      "name": "SqliteWorkGraphRelationQueryService lists incoming relation edges and maps null reasons to undefined",
      "status": "passed"
    },
    {
      "name": "SqliteWorkGraphRelationQueryService defaults to both directions and preserves advisory relation semantics",
      "status": "passed"
    },
    {
      "name": "SqliteWorkGraphRelationQueryService keeps dependencies opt-in and tags them separately from relation rows",
      "status": "passed"
    },
    {
      "name": "validateWorkGraphRelationQuality flags groups-as-hierarchy misuse, missing reasons, and depends-vs-relates ambiguity",
      "status": "passed"
    },
    {
      "name": "validateWorkGraphRelationQuality flags groups-as-hierarchy in either direction across parent_id containment",
      "status": "passed"
    },
    {
      "name": "validateWorkGraphRelationQuality accepts reasoned advisory relations that stay distinct from containment and dependencies",
      "status": "passed"
    },
    {
      "name": "preflightWorkGraphReparent rejects moves that would create a parent_id containment cycle",
      "status": "passed"
    },
    {
      "name": "preflightWorkGraphReparent rejects moves that would exceed the configured containment depth",
      "status": "passed"
    },
    {
      "name": "preflightWorkGraphReparent returns typed findings while allowing structurally safe reparent proposals",
      "status": "passed"
    },
    {
      "name": "WorkGraph scaffold apply engine AC1 \u2014 apply is transactional returns applied:false when validation fails (invalid type)",
      "status": "passed"
    },
    {
      "name": "WorkGraph scaffold apply engine AC1 \u2014 apply is transactional returns applied:false when apply flag is false (dry-run preview)",
      "status": "passed"
    },
    {
      "name": "WorkGraph scaffold apply engine AC1 \u2014 apply is transactional returns applied:true only when all node and edge writes succeed",
      "status": "passed"
    },
    {
      "name": "WorkGraph scaffold apply engine AC2 \u2014 idempotency prevents duplicates skips nodes that already exist",
      "status": "passed"
    },
    {
      "name": "WorkGraph scaffold apply engine AC2 \u2014 idempotency prevents duplicates edges are idempotent \u2014 duplicate depends_on does not throw",
      "status": "passed"
    },
    {
      "name": "WorkGraph scaffold apply engine AC2 \u2014 idempotency prevents duplicates relation edges are idempotent \u2014 duplicate blocks does not throw",
      "status": "passed"
    },
    {
      "name": "WorkGraph scaffold apply engine AC3 \u2014 docs and relations created consistently depends_on edge creates a task_dependencies row",
      "status": "passed"
    },
    {
      "name": "WorkGraph scaffold apply engine AC3 \u2014 docs and relations created consistently blocks edge creates a task_relations row",
      "status": "passed"
    },
    {
      "name": "WorkGraph scaffold apply engine AC3 \u2014 docs and relations created consistently relates_to edge creates a task_relations row",
      "status": "passed"
    },
    {
      "name": "WorkGraph scaffold apply engine AC3 \u2014 docs and relations created consistently groups edge creates a task_relations row",
      "status": "passed"
    },
    {
      "name": "WorkGraph scaffold apply engine AC3 \u2014 docs and relations created consistently parentId on node sets task parent_id (containment)",
      "status": "passed"
    },
    {
      "name": "WorkGraph scaffold apply engine AC3 \u2014 docs and relations created consistently mixed nodes + edges: all three ACs exercised end-to-end",
      "status": "passed"
    },
    {
      "name": "AC1: scaffold validates saga/epic/task/subtask nodes and edges accepts a valid saga with epics and tasks",
      "status": "passed"
    },
    {
      "name": "AC1: scaffold validates saga/epic/task/subtask nodes and edges accepts a valid epic\u2192task\u2192subtask hierarchy",
      "status": "passed"
    },
    {
      "name": "AC1: scaffold validates saga/epic/task/subtask nodes and edges accepts edges between valid nodes",
      "status": "passed"
    },
    {
      "name": "AC1: scaffold validates saga/epic/task/subtask nodes and edges rejects a task whose parent is a subtask (hierarchy violation)",
      "status": "passed"
    },
    {
      "name": "AC2: IDs, edges, and fanout checks rejects nodes with empty or missing IDs",
      "status": "passed"
    },
    {
      "name": "AC2: IDs, edges, and fanout checks rejects duplicate node IDs",
      "status": "passed"
    },
    {
      "name": "AC2: IDs, edges, and fanout checks rejects nodes with invalid types",
      "status": "passed"
    },
    {
      "name": "AC2: IDs, edges, and fanout checks rejects edges referencing non-existent source nodes",
      "status": "passed"
    },
    {
      "name": "AC2: IDs, edges, and fanout checks rejects edges referencing non-existent target nodes",
      "status": "passed"
    },
    {
      "name": "AC2: IDs, edges, and fanout checks rejects self-loop edges",
      "status": "passed"
    },
    {
      "name": "AC2: IDs, edges, and fanout checks rejects edges with invalid kind",
      "status": "passed"
    },
    {
      "name": "AC2: IDs, edges, and fanout checks flags fanout exceeding the configured maxFanout",
      "status": "passed"
    },
    {
      "name": "AC2: IDs, edges, and fanout checks does not flag fanout at or under the configured limit",
      "status": "passed"
    },
    {
      "name": "AC3: dry-run default is true defaults dryRun to true when not specified",
      "status": "passed"
    },
    {
      "name": "AC3: dry-run default is true echoes explicit dryRun: true",
      "status": "passed"
    },
    {
      "name": "AC3: dry-run default is true echoes explicit dryRun: false",
      "status": "passed"
    },
    {
      "name": "edge cases accepts empty nodes array (root-only scope)",
      "status": "passed"
    },
    {
      "name": "edge cases accepts undefined edges",
      "status": "passed"
    },
    {
      "name": "edge cases accepts all four valid types",
      "status": "passed"
    },
    {
      "name": "edge cases returns multiple issues when scaffold has several problems",
      "status": "passed"
    },
    {
      "name": "validateWorkGraphStructure returns typed cycle, orphan, depth, fanout, and missing Wave 0 findings",
      "status": "passed"
    },
    {
      "name": "validateWorkGraphStructure paginates large structural finding sets with stable next cursors",
      "status": "passed"
    }
  ]
}