{"numTotalTestSuites":2,"numPassedTestSuites":2,"numFailedTestSuites":0,"numPendingTestSuites":0,"numTotalTests":2,"numPassedTests":2,"numFailedTests":0,"numPendingTests":0,"numTodoTests":0,"snapshot":{"added":0,"failure":false,"filesAdded":0,"filesRemoved":0,"filesRemovedList":[],"filesUnmatched":0,"filesUpdated":0,"matched":0,"total":0,"unchecked":0,"uncheckedKeysByFile":[],"unmatched":0,"updated":0,"didUpdate":false},"startTime":1779788403703,"success":true,"testResults":[{"assertionResults":[{"ancestorTitles":["WorkGraph operation contract schemas"],"fullName":"WorkGraph operation contract schemas validates params and results for every WorkGraph read operation","status":"passed","title":"validates params and results for every WorkGraph read operation","duration":4.776152000000025,"failureMessages":[],"meta":{},"tags":[]},{"ancestorTitles":["WorkGraph operation contract schemas"],"fullName":"WorkGraph operation contract schemas publishes operation metadata with explicit pagination params","status":"passed","title":"publishes operation metadata with explicit pagination params","duration":1.214441000000022,"failureMessages":[],"meta":{},"tags":[]}],"startTime":1779788404673,"endTime":1779788404678.2144,"status":"passed","message":"","name":"/home/keatonhoskins/.local/share/cleo/worktrees/1e3146b7352ba279/T10606/packages/contracts/src/__tests__/workgraph-operation-contracts.test.ts"}]}