{"numTotalTestSuites":25,"numPassedTestSuites":25,"numFailedTestSuites":0,"numPendingTestSuites":0,"numTotalTests":58,"numPassedTests":58,"numFailedTests":0,"numPendingTests":0,"numTodoTests":0,"snapshot":{"added":0,"failure":false,"filesAdded":0,"filesRemoved":0,"filesRemovedList":[],"filesUnmatched":0,"filesUpdated":0,"matched":0,"total":0,"unchecked":0,"uncheckedKeysByFile":[],"unmatched":0,"updated":0,"didUpdate":false},"startTime":1779779036210,"success":true,"testResults":[{"assertionResults":[{"ancestorTitles":["acItemToText"],"fullName":"acItemToText passes strings through unchanged (trimmed)","status":"passed","title":"passes strings through unchanged (trimmed)","duration":1.3008449999999812,"failureMessages":[],"meta":{},"tags":[]},{"ancestorTitles":["acItemToText"],"fullName":"acItemToText canonical JSON-serialises structured acceptance gates with stable key order","status":"passed","title":"canonical JSON-serialises structured acceptance gates with stable key order","duration":8.61344900000006,"failureMessages":[],"meta":{},"tags":[]},{"ancestorTitles":["buildFreshAcRows"],"fullName":"buildFreshAcRows returns empty array for undefined / empty input","status":"passed","title":"returns empty array for undefined / empty input","duration":0.31965299999990293,"failureMessages":[],"meta":{},"tags":[]},{"ancestorTitles":["buildFreshAcRows"],"fullName":"buildFreshAcRows assigns deterministic UUID-shaped IDs + source keys and 1-based ordinals","status":"passed","title":"assigns deterministic UUID-shaped IDs + source keys and 1-based ordinals","duration":2.769500999999991,"failureMessages":[],"meta":{},"tags":[]},{"ancestorTitles":["buildFreshAcRows"],"fullName":"buildFreshAcRows keeps AC ids independent from ordinal while source keys retain ordinal provenance","status":"passed","title":"keeps AC ids independent from ordinal while source keys retain ordinal provenance","duration":0.6079489999999623,"failureMessages":[],"meta":{},"tags":[]},{"ancestorTitles":["buildFreshAcRows"],"fullName":"buildFreshAcRows fails loudly before DB write when duplicate canonical AC bodies collide","status":"passed","title":"fails loudly before DB write when duplicate canonical AC bodies collide","duration":0.8303169999999227,"failureMessages":[],"meta":{},"tags":[]},{"ancestorTitles":["buildFreshAcRows"],"fullName":"buildFreshAcRows preserves AC text via acItemToText","status":"passed","title":"preserves AC text via acItemToText","duration":0.19895099999996546,"failureMessages":[],"meta":{},"tags":[]},{"ancestorTitles":["buildFreshAcRows"],"fullName":"buildFreshAcRows projects structured gates as evidence_bound AC rows with canonical hashes","status":"passed","title":"projects structured gates as evidence_bound AC rows with canonical hashes","duration":0.8066119999999728,"failureMessages":[],"meta":{},"tags":[]},{"ancestorTitles":["planAcUpdate — create from empty (extend semantic)"],"fullName":"planAcUpdate — create from empty (extend semantic) inserts all rows when task has no existing AC rows","status":"passed","title":"inserts all rows when task has no existing AC rows","duration":0.4094199999999546,"failureMessages":[],"meta":{},"tags":[]},{"ancestorTitles":["planAcUpdate — extend (was N, now N+M with prefix match)"],"fullName":"planAcUpdate — extend (was N, now N+M with prefix match) appends new rows at maxOrdinal+1 and leaves existing rows untouched","status":"passed","title":"appends new rows at maxOrdinal+1 and leaves existing rows untouched","duration":0.35385299999995823,"failureMessages":[],"meta":{},"tags":[]},{"ancestorTitles":["planAcUpdate — extend (was N, now N+M with prefix match)"],"fullName":"planAcUpdate — extend (was N, now N+M with prefix match) continues from highest existing ordinal even when ordinals have gaps","status":"passed","title":"continues from highest existing ordinal even when ordinals have gaps","duration":0.2914939999999433,"failureMessages":[],"meta":{},"tags":[]},{"ancestorTitles":["planAcUpdate — shrink (was N, now M < N with strict prefix)"],"fullName":"planAcUpdate — shrink (was N, now M < N with strict prefix) moves trailing rows to history and re-inserts the kept prefix","status":"passed","title":"moves trailing rows to history and re-inserts the kept prefix","duration":0.4468620000000101,"failureMessages":[],"meta":{},"tags":[]},{"ancestorTitles":["planAcUpdate — replace-all (mid-edit / reorder / mixed)"],"fullName":"planAcUpdate — replace-all (mid-edit / reorder / mixed) treats text drift as wholesale rewrite — all existing → history, all new inserted from ordinal=1","status":"passed","title":"treats text drift as wholesale rewrite — all existing → history, all new inserted from ordinal=1","duration":0.4754530000000159,"failureMessages":[],"meta":{},"tags":[]},{"ancestorTitles":["planAcUpdate — replace-all (mid-edit / reorder / mixed)"],"fullName":"planAcUpdate — replace-all (mid-edit / reorder / mixed) reorder counts as replace-all (no prefix match → full rewrite)","status":"passed","title":"reorder counts as replace-all (no prefix match → full rewrite)","duration":0.20476399999995465,"failureMessages":[],"meta":{},"tags":[]},{"ancestorTitles":["planAcUpdate — idempotency (no-op when input equals existing)"],"fullName":"planAcUpdate — idempotency (no-op when input equals existing) extend-with-zero-tail emits empty plan when texts match exactly","status":"passed","title":"extend-with-zero-tail emits empty plan when texts match exactly","duration":0.11121000000002823,"failureMessages":[],"meta":{},"tags":[]},{"ancestorTitles":["planAcUpdate — edge cases"],"fullName":"planAcUpdate — edge cases handles empty incoming (shrink to zero) by moving all rows to history","status":"passed","title":"handles empty incoming (shrink to zero) by moving all rows to history","duration":0.13279099999999744,"failureMessages":[],"meta":{},"tags":[]},{"ancestorTitles":["child_task AC projection audit"],"fullName":"child_task AC projection audit returns typed clean output with a stable freshness fingerprint","status":"passed","title":"returns typed clean output with a stable freshness fingerprint","duration":0.4313710000000128,"failureMessages":[],"meta":{},"tags":[]},{"ancestorTitles":["child_task AC projection audit"],"fullName":"child_task AC projection audit detects missing and extra child_task rows","status":"passed","title":"detects missing and extra child_task rows","duration":0.34097400000007383,"failureMessages":[],"meta":{},"tags":[]},{"ancestorTitles":["child_task AC projection audit"],"fullName":"child_task AC projection audit detects mismatched row identity fields separately from stale projection text","status":"passed","title":"detects mismatched row identity fields separately from stale projection text","duration":0.22049200000003566,"failureMessages":[],"meta":{},"tags":[]}],"startTime":1779779037620,"endTime":1779779037639.341,"status":"passed","message":"","name":"/home/keatonhoskins/.local/share/cleo/worktrees/1e3146b7352ba279/T10589/packages/core/src/tasks/__tests__/ac-table.test.ts"},{"assertionResults":[{"ancestorTitles":["normalizeAcceptance"],"fullName":"normalizeAcceptance trims acceptance arrays and drops empty entries","status":"passed","title":"trims acceptance arrays and drops empty entries","duration":1.3805429999999888,"failureMessages":[],"meta":{},"tags":[]},{"ancestorTitles":["validateTitle — tasks/add"],"fullName":"validateTitle — tasks/add accepts valid titles","status":"passed","title":"accepts valid titles","duration":0.574596000000156,"failureMessages":[],"meta":{},"tags":[]},{"ancestorTitles":["validateTitle — tasks/add"],"fullName":"validateTitle — tasks/add rejects empty titles","status":"passed","title":"rejects empty titles","duration":0.32487700000001496,"failureMessages":[],"meta":{},"tags":[]},{"ancestorTitles":["validateTitle — tasks/add"],"fullName":"validateTitle — tasks/add rejects titles over 200 characters","status":"passed","title":"rejects titles over 200 characters","duration":0.1301499999999578,"failureMessages":[],"meta":{},"tags":[]},{"ancestorTitles":["validateStatus"],"fullName":"validateStatus accepts valid statuses","status":"passed","title":"accepts valid statuses","duration":0.23155500000007123,"failureMessages":[],"meta":{},"tags":[]},{"ancestorTitles":["validateStatus"],"fullName":"validateStatus rejects invalid statuses","status":"passed","title":"rejects invalid statuses","duration":0.15670599999998558,"failureMessages":[],"meta":{},"tags":[]},{"ancestorTitles":["validatePriority — tasks/add"],"fullName":"validatePriority — tasks/add accepts valid priorities","status":"passed","title":"accepts valid priorities","duration":0.20175000000017462,"failureMessages":[],"meta":{},"tags":[]},{"ancestorTitles":["validatePriority — tasks/add"],"fullName":"validatePriority — tasks/add rejects invalid priorities","status":"passed","title":"rejects invalid priorities","duration":0.11482900000009977,"failureMessages":[],"meta":{},"tags":[]},{"ancestorTitles":["validateTaskType"],"fullName":"validateTaskType accepts saga, epic, task, subtask","status":"passed","title":"accepts saga, epic, task, subtask","duration":0.21174599999994825,"failureMessages":[],"meta":{},"tags":[]},{"ancestorTitles":["validateTaskType"],"fullName":"validateTaskType rejects invalid types","status":"passed","title":"rejects invalid types","duration":0.13270799999986593,"failureMessages":[],"meta":{},"tags":[]},{"ancestorTitles":["validateSize"],"fullName":"validateSize accepts small, medium, large","status":"passed","title":"accepts small, medium, large","duration":0.19466000000011263,"failureMessages":[],"meta":{},"tags":[]},{"ancestorTitles":["validateSize"],"fullName":"validateSize rejects invalid sizes","status":"passed","title":"rejects invalid sizes","duration":0.08293400000002293,"failureMessages":[],"meta":{},"tags":[]},{"ancestorTitles":["validateLabels"],"fullName":"validateLabels accepts valid labels","status":"passed","title":"accepts valid labels","duration":0.1774519999999029,"failureMessages":[],"meta":{},"tags":[]},{"ancestorTitles":["validateLabels"],"fullName":"validateLabels rejects invalid label format","status":"passed","title":"rejects invalid label format","duration":0.13209299999994073,"failureMessages":[],"meta":{},"tags":[]},{"ancestorTitles":["validateLabels"],"fullName":"validateLabels accepts uppercase task-ID-shaped labels (T9824 / ADR-073)","status":"passed","title":"accepts uppercase task-ID-shaped labels (T9824 / ADR-073)","duration":0.18769199999997,"failureMessages":[],"meta":{},"tags":[]},{"ancestorTitles":["validateLabels"],"fullName":"validateLabels still rejects malformed task-ID-like labels (T9824)","status":"passed","title":"still rejects malformed task-ID-like labels (T9824)","duration":0.22496799999998984,"failureMessages":[],"meta":{},"tags":[]},{"ancestorTitles":["validatePhaseFormat"],"fullName":"validatePhaseFormat accepts valid phase slugs","status":"passed","title":"accepts valid phase slugs","duration":0.18267800000012357,"failureMessages":[],"meta":{},"tags":[]},{"ancestorTitles":["validatePhaseFormat"],"fullName":"validatePhaseFormat rejects invalid formats","status":"passed","title":"rejects invalid formats","duration":0.11066299999993134,"failureMessages":[],"meta":{},"tags":[]},{"ancestorTitles":["inferTaskType"],"fullName":"inferTaskType returns task for root level","status":"passed","title":"returns task for root level","duration":0.1168800000000374,"failureMessages":[],"meta":{},"tags":[]},{"ancestorTitles":["inferTaskType"],"fullName":"inferTaskType returns task for epic parent","status":"passed","title":"returns task for epic parent","duration":0.0470869999999195,"failureMessages":[],"meta":{},"tags":[]},{"ancestorTitles":["inferTaskType"],"fullName":"inferTaskType returns subtask for task parent","status":"passed","title":"returns subtask for task parent","duration":0.03228799999988041,"failureMessages":[],"meta":{},"tags":[]},{"ancestorTitles":["getTaskDepth"],"fullName":"getTaskDepth returns 0 for root tasks","status":"passed","title":"returns 0 for root tasks","duration":0.07396399999993264,"failureMessages":[],"meta":{},"tags":[]},{"ancestorTitles":["getTaskDepth"],"fullName":"getTaskDepth returns correct depth for nested tasks","status":"passed","title":"returns correct depth for nested tasks","duration":0.03873999999996158,"failureMessages":[],"meta":{},"tags":[]},{"ancestorTitles":["getNextPosition"],"fullName":"getNextPosition returns 1 for empty parent","status":"passed","title":"returns 1 for empty parent","duration":0.06533500000000458,"failureMessages":[],"meta":{},"tags":[]},{"ancestorTitles":["getNextPosition"],"fullName":"getNextPosition returns max + 1","status":"passed","title":"returns max + 1","duration":0.044674999999870124,"failureMessages":[],"meta":{},"tags":[]},{"ancestorTitles":["validateParent"],"fullName":"validateParent throws if parent not found","status":"passed","title":"throws if parent not found","duration":0.13364200000000892,"failureMessages":[],"meta":{},"tags":[]},{"ancestorTitles":["validateParent"],"fullName":"validateParent throws if parent is subtask","status":"passed","title":"throws if parent is subtask","duration":0.08861499999989064,"failureMessages":[],"meta":{},"tags":[]},{"ancestorTitles":["findRecentDuplicate"],"fullName":"findRecentDuplicate returns null when no duplicate","status":"passed","title":"returns null when no duplicate","duration":0.09877099999994243,"failureMessages":[],"meta":{},"tags":[]},{"ancestorTitles":["findRecentDuplicate"],"fullName":"findRecentDuplicate detects recent duplicate by title","status":"passed","title":"detects recent duplicate by title","duration":0.3838060000000496,"failureMessages":[],"meta":{},"tags":[]},{"ancestorTitles":["findRecentDuplicate"],"fullName":"findRecentDuplicate ignores old tasks outside window","status":"passed","title":"ignores old tasks outside window","duration":0.07213200000001052,"failureMessages":[],"meta":{},"tags":[]},{"ancestorTitles":["addTask (integration)"],"fullName":"addTask (integration) creates a task with default values","status":"passed","title":"creates a task with default values","duration":108.13620900000001,"failureMessages":[],"meta":{},"tags":[]},{"ancestorTitles":["addTask (integration)"],"fullName":"addTask (integration) creates a task with all options","status":"passed","title":"creates a task with all options","duration":72.13453000000004,"failureMessages":[],"meta":{},"tags":[]},{"ancestorTitles":["addTask (integration)"],"fullName":"addTask (integration) generates sequential IDs","status":"passed","title":"generates sequential IDs","duration":115.54400200000009,"failureMessages":[],"meta":{},"tags":[]},{"ancestorTitles":["addTask (integration)"],"fullName":"addTask (integration) detects duplicates","status":"passed","title":"detects duplicates","duration":110.76539899999989,"failureMessages":[],"meta":{},"tags":[]},{"ancestorTitles":["addTask (integration)"],"fullName":"addTask (integration) handles dry run","status":"passed","title":"handles dry run","duration":104.2521240000001,"failureMessages":[],"meta":{},"tags":[]},{"ancestorTitles":["addTask (integration)"],"fullName":"addTask (integration) validates parent hierarchy","status":"passed","title":"validates parent hierarchy","duration":106.03438699999992,"failureMessages":[],"meta":{},"tags":[]},{"ancestorTitles":["addTask (integration)"],"fullName":"addTask (integration) normalizes child acceptance, creates parent child AC projection, and returns created IDs","status":"passed","title":"normalizes child acceptance, creates parent child AC projection, and returns created IDs","duration":123.67103300000008,"failureMessages":[],"meta":{},"tags":[]},{"ancestorTitles":["addTask (integration)"],"fullName":"addTask (integration) projects one typed child_task acceptance row per direct child with unique source keys","status":"passed","title":"projects one typed child_task acceptance row per direct child with unique source keys","duration":113.34901800000011,"failureMessages":[],"meta":{},"tags":[]},{"ancestorTitles":["addTask (integration)"],"fullName":"addTask (integration) rejects invalid parent","status":"passed","title":"rejects invalid parent","duration":94.70329300000003,"failureMessages":[],"meta":{},"tags":[]}],"startTime":1779779038274,"endTime":1779779039228.7034,"status":"passed","message":"","name":"/home/keatonhoskins/.local/share/cleo/worktrees/1e3146b7352ba279/T10589/packages/core/src/tasks/__tests__/add.test.ts"}]}