{"numTotalTestSuites":6,"numPassedTestSuites":6,"numFailedTestSuites":0,"numPendingTestSuites":0,"numTotalTests":23,"numPassedTests":23,"numFailedTests":0,"numPendingTests":0,"numTodoTests":0,"snapshot":{"added":0,"failure":false,"filesAdded":0,"filesRemoved":0,"filesRemovedList":[],"filesUnmatched":0,"filesUpdated":0,"matched":0,"total":0,"unchecked":0,"uncheckedKeysByFile":[],"unmatched":0,"updated":0,"didUpdate":false},"startTime":1779857921690,"success":true,"testResults":[{"assertionResults":[{"ancestorTitles":["project-lifecycle","moveProject"],"fullName":"project-lifecycle moveProject AC3: copies project files to new location and updates project-info.json","status":"passed","title":"AC3: copies project files to new location and updates project-info.json","duration":263.9290659999988,"failureMessages":[],"meta":{},"tags":[]},{"ancestorTitles":["project-lifecycle","moveProject"],"fullName":"project-lifecycle moveProject AC2: returns EngineResult with proper shape","status":"passed","title":"AC2: returns EngineResult with proper shape","duration":21.027283000001262,"failureMessages":[],"meta":{},"tags":[]},{"ancestorTitles":["project-lifecycle","moveProject"],"fullName":"project-lifecycle moveProject AC7: rejects non-absolute newPath","status":"passed","title":"AC7: rejects non-absolute newPath","duration":6.612095000000409,"failureMessages":[],"meta":{},"tags":[]},{"ancestorTitles":["project-lifecycle","moveProject"],"fullName":"project-lifecycle moveProject AC7: rejects non-absolute projectRoot","status":"passed","title":"AC7: rejects non-absolute projectRoot","duration":6.404634000000442,"failureMessages":[],"meta":{},"tags":[]},{"ancestorTitles":["project-lifecycle","moveProject"],"fullName":"project-lifecycle moveProject rejects missing project-info.json","status":"passed","title":"rejects missing project-info.json","duration":6.027801000000181,"failureMessages":[],"meta":{},"tags":[]},{"ancestorTitles":["project-lifecycle","moveProject"],"fullName":"project-lifecycle moveProject AC3: rejects move to same resolved path","status":"passed","title":"AC3: rejects move to same resolved path","duration":5.675296999999773,"failureMessages":[],"meta":{},"tags":[]},{"ancestorTitles":["project-lifecycle","moveProject"],"fullName":"project-lifecycle moveProject AC5: handles Unicode paths","status":"passed","title":"AC5: handles Unicode paths","duration":26.033513000000312,"failureMessages":[],"meta":{},"tags":[]},{"ancestorTitles":["project-lifecycle","moveProject"],"fullName":"project-lifecycle moveProject AC5: normalizes paths with trailing slash","status":"passed","title":"AC5: normalizes paths with trailing slash","duration":5.8983660000012605,"failureMessages":[],"meta":{},"tags":[]},{"ancestorTitles":["project-lifecycle","moveProject"],"fullName":"project-lifecycle moveProject AC7: copy-based move avoids cross-filesystem rename issues","status":"passed","title":"AC7: copy-based move avoids cross-filesystem rename issues","duration":19.659843000001274,"failureMessages":[],"meta":{},"tags":[]},{"ancestorTitles":["project-lifecycle","moveProject"],"fullName":"project-lifecycle moveProject rejects corrupt project-info.json","status":"passed","title":"rejects corrupt project-info.json","duration":8.775812000001679,"failureMessages":[],"meta":{},"tags":[]},{"ancestorTitles":["project-lifecycle","moveProject"],"fullName":"project-lifecycle moveProject AC3: preserves projectId across moves","status":"passed","title":"AC3: preserves projectId across moves","duration":21.9516509999994,"failureMessages":[],"meta":{},"tags":[]},{"ancestorTitles":["project-lifecycle","renameProject"],"fullName":"project-lifecycle renameProject AC4: updates project name and recomputes projectHash","status":"passed","title":"AC4: updates project name and recomputes projectHash","duration":8.470047000000704,"failureMessages":[],"meta":{},"tags":[]},{"ancestorTitles":["project-lifecycle","renameProject"],"fullName":"project-lifecycle renameProject AC2: returns renameProjectResult with all typed fields","status":"passed","title":"AC2: returns renameProjectResult with all typed fields","duration":5.42484499999955,"failureMessages":[],"meta":{},"tags":[]},{"ancestorTitles":["project-lifecycle","renameProject"],"fullName":"project-lifecycle renameProject AC7: rejects non-absolute projectRoot","status":"passed","title":"AC7: rejects non-absolute projectRoot","duration":5.548506999999518,"failureMessages":[],"meta":{},"tags":[]},{"ancestorTitles":["project-lifecycle","renameProject"],"fullName":"project-lifecycle renameProject rejects empty newName","status":"passed","title":"rejects empty newName","duration":7.249257999999827,"failureMessages":[],"meta":{},"tags":[]},{"ancestorTitles":["project-lifecycle","renameProject"],"fullName":"project-lifecycle renameProject rejects whitespace-only newName","status":"passed","title":"rejects whitespace-only newName","duration":7.071069999999963,"failureMessages":[],"meta":{},"tags":[]},{"ancestorTitles":["project-lifecycle","reregisterProject"],"fullName":"project-lifecycle reregisterProject AC5: reads project-info.json and calls nexusReconcile","status":"passed","title":"AC5: reads project-info.json and calls nexusReconcile","duration":20.03599700000086,"failureMessages":[],"meta":{},"tags":[]},{"ancestorTitles":["project-lifecycle","reregisterProject"],"fullName":"project-lifecycle reregisterProject AC5: returns EngineResult even when nexus is unavailable","status":"passed","title":"AC5: returns EngineResult even when nexus is unavailable","duration":19.1050490000016,"failureMessages":[],"meta":{},"tags":[]},{"ancestorTitles":["project-lifecycle","reregisterProject"],"fullName":"project-lifecycle reregisterProject AC7: rejects non-absolute projectRoot","status":"passed","title":"AC7: rejects non-absolute projectRoot","duration":5.763772000000245,"failureMessages":[],"meta":{},"tags":[]},{"ancestorTitles":["project-lifecycle","reregisterProject"],"fullName":"project-lifecycle reregisterProject rejects missing project-info.json","status":"passed","title":"rejects missing project-info.json","duration":5.359038999999029,"failureMessages":[],"meta":{},"tags":[]},{"ancestorTitles":["project-lifecycle","AC6: EngineResult<T> pattern"],"fullName":"project-lifecycle AC6: EngineResult<T> pattern moveProject returns EngineResult discriminated union","status":"passed","title":"moveProject returns EngineResult discriminated union","duration":15.894335000000865,"failureMessages":[],"meta":{},"tags":[]},{"ancestorTitles":["project-lifecycle","AC6: EngineResult<T> pattern"],"fullName":"project-lifecycle AC6: EngineResult<T> pattern renameProject returns EngineResult(true) on valid input","status":"passed","title":"renameProject returns EngineResult(true) on valid input","duration":10.349488999998357,"failureMessages":[],"meta":{},"tags":[]},{"ancestorTitles":["project-lifecycle","AC6: EngineResult<T> pattern"],"fullName":"project-lifecycle AC6: EngineResult<T> pattern reregisterProject returns EngineResult (never throws)","status":"passed","title":"reregisterProject returns EngineResult (never throws)","duration":12.953777999999147,"failureMessages":[],"meta":{},"tags":[]}],"startTime":1779857936390,"endTime":1779857936905.9539,"status":"passed","message":"","name":"/mnt/projects/cleocode/packages/core/src/__tests__/project-lifecycle.test.ts"}]}
