{"numTotalTestSuites":13,"numPassedTestSuites":13,"numFailedTestSuites":0,"numPendingTestSuites":0,"numTotalTests":38,"numPassedTests":38,"numFailedTests":0,"numPendingTests":0,"numTodoTests":0,"snapshot":{"added":0,"failure":false,"filesAdded":0,"filesRemoved":0,"filesRemovedList":[],"filesUnmatched":0,"filesUpdated":0,"matched":0,"total":0,"unchecked":0,"uncheckedKeysByFile":[],"unmatched":0,"updated":0,"didUpdate":false},"startTime":1779785070127,"success":true,"testResults":[{"assertionResults":[{"ancestorTitles":["completion evaluation (T10591)"],"fullName":"completion evaluation (T10591) returns unsatisfied text, evidence, and child criteria","status":"passed","title":"returns unsatisfied text, evidence, and child criteria","duration":127.29304300000013,"failureMessages":[],"meta":{},"tags":[]},{"ancestorTitles":["completion evaluation (T10591)"],"fullName":"completion evaluation (T10591) requires criterion-scoped waiver metadata before waiving a cancelled child","status":"passed","title":"requires criterion-scoped waiver metadata before waiving a cancelled child","duration":79.23562600000014,"failureMessages":[],"meta":{},"tags":[]},{"ancestorTitles":["completion evaluation (T10591)"],"fullName":"completion evaluation (T10591) distinguishes replaced child criteria from satisfied and waived rollup buckets","status":"passed","title":"distinguishes replaced child criteria from satisfied and waived rollup buckets","duration":73.78047900000001,"failureMessages":[],"meta":{},"tags":[]},{"ancestorTitles":["completion evaluation (T10591)"],"fullName":"completion evaluation (T10591) detects stale completion when an already-done parent has unsatisfied criteria","status":"passed","title":"detects stale completion when an already-done parent has unsatisfied criteria","duration":74.5569959999998,"failureMessages":[],"meta":{},"tags":[]}],"startTime":1779785072808,"endTime":1779785073162.557,"status":"passed","message":"","name":"/mnt/projects/cleocode/packages/core/src/tasks/__tests__/completion-evaluation.test.ts"},{"assertionResults":[{"ancestorTitles":["validateGateVerify — hint field (GH #94 / T919)"],"fullName":"validateGateVerify — hint field (GH #94 / T919) emits hint when setting the final gate drives verification.passed to true","status":"passed","title":"emits hint when setting the final gate drives verification.passed to true","duration":217.58213199999955,"failureMessages":[],"meta":{},"tags":[]},{"ancestorTitles":["validateGateVerify — hint field (GH #94 / T919)"],"fullName":"validateGateVerify — hint field (GH #94 / T919) does NOT emit hint when setting a gate but others are still missing","status":"passed","title":"does NOT emit hint when setting a gate but others are still missing","duration":144.18306900000061,"failureMessages":[],"meta":{},"tags":[]},{"ancestorTitles":["validateGateVerify — hint field (GH #94 / T919)"],"fullName":"validateGateVerify — hint field (GH #94 / T919) does NOT emit hint on view mode (no write)","status":"passed","title":"does NOT emit hint on view mode (no write)","duration":111.4628360000006,"failureMessages":[],"meta":{},"tags":[]},{"ancestorTitles":["validateGateVerify — hint field (GH #94 / T919)"],"fullName":"validateGateVerify — hint field (GH #94 / T919) does NOT emit hint on reset mode","status":"passed","title":"does NOT emit hint on reset mode","duration":229.52190000000064,"failureMessages":[],"meta":{},"tags":[]},{"ancestorTitles":["validateGateVerify — hint field (GH #94 / T919)"],"fullName":"validateGateVerify — hint field (GH #94 / T919) emits hint when --all is used and all gates become green","status":"passed","title":"emits hint when --all is used and all gates become green","duration":141.676563,"failureMessages":[],"meta":{},"tags":[]},{"ancestorTitles":["validateGateVerify — hint field (GH #94 / T919)"],"fullName":"validateGateVerify — hint field (GH #94 / T919) keeps task.status as pending after all gates green (GH #94 reproduction)","status":"passed","title":"keeps task.status as pending after all gates green (GH #94 reproduction)","duration":198.2961350000005,"failureMessages":[],"meta":{},"tags":[]},{"ancestorTitles":["validateGateVerify — hint field (GH #94 / T919)"],"fullName":"validateGateVerify — hint field (GH #94 / T919) persists satisfies evidence as an AC binding against the canonical AC UUID","status":"passed","title":"persists satisfies evidence as an AC binding against the canonical AC UUID","duration":179.24782699999923,"failureMessages":[],"meta":{},"tags":[]},{"ancestorTitles":["validateGateVerify — hint field (GH #94 / T919)"],"fullName":"validateGateVerify — hint field (GH #94 / T919) collapses duplicate satisfies bindings for the same atom/ac/type triple","status":"passed","title":"collapses duplicate satisfies bindings for the same atom/ac/type triple","duration":219.94964299999992,"failureMessages":[],"meta":{},"tags":[]}],"startTime":1779785077701,"endTime":1779785079142.9497,"status":"passed","message":"","name":"/mnt/projects/cleocode/packages/core/src/validation/__tests__/gate-verify-hint.test.ts"},{"assertionResults":[{"ancestorTitles":["validateSatisfiesAtom — 5-check pipeline (T10507 · ADR-079-r2 §2.4)","Check 1 — E_AC_BINDING_MALFORMED"],"fullName":"validateSatisfiesAtom — 5-check pipeline (T10507 · ADR-079-r2 §2.4) Check 1 — E_AC_BINDING_MALFORMED rejects a targetTaskId that does not match /^T[0-9]{1,7}$/","status":"passed","title":"rejects a targetTaskId that does not match /^T[0-9]{1,7}$/","duration":95.4443859999999,"failureMessages":[],"meta":{},"tags":[]},{"ancestorTitles":["validateSatisfiesAtom — 5-check pipeline (T10507 · ADR-079-r2 §2.4)","Check 1 — E_AC_BINDING_MALFORMED"],"fullName":"validateSatisfiesAtom — 5-check pipeline (T10507 · ADR-079-r2 §2.4) Check 1 — E_AC_BINDING_MALFORMED rejects when both UUID and alias are set","status":"passed","title":"rejects when both UUID and alias are set","duration":67.30743099999995,"failureMessages":[],"meta":{},"tags":[]},{"ancestorTitles":["validateSatisfiesAtom — 5-check pipeline (T10507 · ADR-079-r2 §2.4)","Check 1 — E_AC_BINDING_MALFORMED"],"fullName":"validateSatisfiesAtom — 5-check pipeline (T10507 · ADR-079-r2 §2.4) Check 1 — E_AC_BINDING_MALFORMED rejects when neither UUID nor alias is set","status":"passed","title":"rejects when neither UUID nor alias is set","duration":71.67534100000012,"failureMessages":[],"meta":{},"tags":[]},{"ancestorTitles":["validateSatisfiesAtom — 5-check pipeline (T10507 · ADR-079-r2 §2.4)","Check 1 — E_AC_BINDING_MALFORMED"],"fullName":"validateSatisfiesAtom — 5-check pipeline (T10507 · ADR-079-r2 §2.4) Check 1 — E_AC_BINDING_MALFORMED rejects mixed-case UUIDs (ADR-079-r2 §2.2)","status":"passed","title":"rejects mixed-case UUIDs (ADR-079-r2 §2.2)","duration":72.07085199999983,"failureMessages":[],"meta":{},"tags":[]},{"ancestorTitles":["validateSatisfiesAtom — 5-check pipeline (T10507 · ADR-079-r2 §2.4)","Check 1 — E_AC_BINDING_MALFORMED"],"fullName":"validateSatisfiesAtom — 5-check pipeline (T10507 · ADR-079-r2 §2.4) Check 1 — E_AC_BINDING_MALFORMED rejects malformed version-pin (not 14 digits)","status":"passed","title":"rejects malformed version-pin (not 14 digits)","duration":69.95377499999995,"failureMessages":[],"meta":{},"tags":[]},{"ancestorTitles":["validateSatisfiesAtom — 5-check pipeline (T10507 · ADR-079-r2 §2.4)","Check 1 — E_AC_BINDING_MALFORMED"],"fullName":"validateSatisfiesAtom — 5-check pipeline (T10507 · ADR-079-r2 §2.4) Check 1 — E_AC_BINDING_MALFORMED first-failure-wins — malformed atom does NOT escalate to target-not-found","status":"passed","title":"first-failure-wins — malformed atom does NOT escalate to target-not-found","duration":66.02169099999992,"failureMessages":[],"meta":{},"tags":[]},{"ancestorTitles":["validateSatisfiesAtom — 5-check pipeline (T10507 · ADR-079-r2 §2.4)","Check 2 — E_AC_BINDING_TARGET_NOT_FOUND"],"fullName":"validateSatisfiesAtom — 5-check pipeline (T10507 · ADR-079-r2 §2.4) Check 2 — E_AC_BINDING_TARGET_NOT_FOUND rejects when target task does not exist in tasks table","status":"passed","title":"rejects when target task does not exist in tasks table","duration":71.95947000000001,"failureMessages":[],"meta":{},"tags":[]},{"ancestorTitles":["validateSatisfiesAtom — 5-check pipeline (T10507 · ADR-079-r2 §2.4)","Check 3 — E_AC_BINDING_TARGET_TERMINAL"],"fullName":"validateSatisfiesAtom — 5-check pipeline (T10507 · ADR-079-r2 §2.4) Check 3 — E_AC_BINDING_TARGET_TERMINAL rejects when target task status is \"cancelled\"","status":"passed","title":"rejects when target task status is \"cancelled\"","duration":73.10252299999979,"failureMessages":[],"meta":{},"tags":[]},{"ancestorTitles":["validateSatisfiesAtom — 5-check pipeline (T10507 · ADR-079-r2 §2.4)","Check 3 — E_AC_BINDING_TARGET_TERMINAL"],"fullName":"validateSatisfiesAtom — 5-check pipeline (T10507 · ADR-079-r2 §2.4) Check 3 — E_AC_BINDING_TARGET_TERMINAL rejects when target task status is \"archived\"","status":"passed","title":"rejects when target task status is \"archived\"","duration":90.92657700000018,"failureMessages":[],"meta":{},"tags":[]},{"ancestorTitles":["validateSatisfiesAtom — 5-check pipeline (T10507 · ADR-079-r2 §2.4)","Check 3 — E_AC_BINDING_TARGET_TERMINAL"],"fullName":"validateSatisfiesAtom — 5-check pipeline (T10507 · ADR-079-r2 §2.4) Check 3 — E_AC_BINDING_TARGET_TERMINAL ACCEPTS targets with status \"done\" (ADR-079-r2 §2.4 row 3)","status":"passed","title":"ACCEPTS targets with status \"done\" (ADR-079-r2 §2.4 row 3)","duration":78.49984600000016,"failureMessages":[],"meta":{},"tags":[]},{"ancestorTitles":["validateSatisfiesAtom — 5-check pipeline (T10507 · ADR-079-r2 §2.4)","Check 4 — E_AC_BINDING_TARGET_AC_NOT_FOUND"],"fullName":"validateSatisfiesAtom — 5-check pipeline (T10507 · ADR-079-r2 §2.4) Check 4 — E_AC_BINDING_TARGET_AC_NOT_FOUND rejects when UUID does not exist on the target task","status":"passed","title":"rejects when UUID does not exist on the target task","duration":69.77132200000005,"failureMessages":[],"meta":{},"tags":[]},{"ancestorTitles":["validateSatisfiesAtom — 5-check pipeline (T10507 · ADR-079-r2 §2.4)","Check 4 — E_AC_BINDING_TARGET_AC_NOT_FOUND"],"fullName":"validateSatisfiesAtom — 5-check pipeline (T10507 · ADR-079-r2 §2.4) Check 4 — E_AC_BINDING_TARGET_AC_NOT_FOUND rejects when alias does not resolve on the target task","status":"passed","title":"rejects when alias does not resolve on the target task","duration":76.123513,"failureMessages":[],"meta":{},"tags":[]},{"ancestorTitles":["validateSatisfiesAtom — 5-check pipeline (T10507 · ADR-079-r2 §2.4)","Check 4 — E_AC_BINDING_TARGET_AC_NOT_FOUND"],"fullName":"validateSatisfiesAtom — 5-check pipeline (T10507 · ADR-079-r2 §2.4) Check 4 — E_AC_BINDING_TARGET_AC_NOT_FOUND rejects when UUID exists on a different task than the target","status":"passed","title":"rejects when UUID exists on a different task than the target","duration":71.12435199999982,"failureMessages":[],"meta":{},"tags":[]},{"ancestorTitles":["validateSatisfiesAtom — 5-check pipeline (T10507 · ADR-079-r2 §2.4)","Check 5 — E_AC_BINDING_OUT_OF_SCOPE"],"fullName":"validateSatisfiesAtom — 5-check pipeline (T10507 · ADR-079-r2 §2.4) Check 5 — E_AC_BINDING_OUT_OF_SCOPE rejects when source and target are not members of the same saga","status":"passed","title":"rejects when source and target are not members of the same saga","duration":75.11411100000032,"failureMessages":[],"meta":{},"tags":[]},{"ancestorTitles":["validateSatisfiesAtom — 5-check pipeline (T10507 · ADR-079-r2 §2.4)","Check 5 — E_AC_BINDING_OUT_OF_SCOPE"],"fullName":"validateSatisfiesAtom — 5-check pipeline (T10507 · ADR-079-r2 §2.4) Check 5 — E_AC_BINDING_OUT_OF_SCOPE rejects when neither task is in any saga AND their root epics differ","status":"passed","title":"rejects when neither task is in any saga AND their root epics differ","duration":71.52605500000027,"failureMessages":[],"meta":{},"tags":[]},{"ancestorTitles":["validateSatisfiesAtom — 5-check pipeline (T10507 · ADR-079-r2 §2.4)","Happy path"],"fullName":"validateSatisfiesAtom — 5-check pipeline (T10507 · ADR-079-r2 §2.4) Happy path accepts canonical UUID form when same-saga + AC exists + target non-terminal","status":"passed","title":"accepts canonical UUID form when same-saga + AC exists + target non-terminal","duration":70.3426199999999,"failureMessages":[],"meta":{},"tags":[]},{"ancestorTitles":["validateSatisfiesAtom — 5-check pipeline (T10507 · ADR-079-r2 §2.4)","Happy path"],"fullName":"validateSatisfiesAtom — 5-check pipeline (T10507 · ADR-079-r2 §2.4) Happy path accepts deterministic UUIDv5-shaped AC ids when same-saga + AC exists","status":"passed","title":"accepts deterministic UUIDv5-shaped AC ids when same-saga + AC exists","duration":70.37334499999997,"failureMessages":[],"meta":{},"tags":[]},{"ancestorTitles":["validateSatisfiesAtom — 5-check pipeline (T10507 · ADR-079-r2 §2.4)","Happy path"],"fullName":"validateSatisfiesAtom — 5-check pipeline (T10507 · ADR-079-r2 §2.4) Happy path accepts alias form and populates resolvedAcUuid from the alias lookup","status":"passed","title":"accepts alias form and populates resolvedAcUuid from the alias lookup","duration":75.68247100000008,"failureMessages":[],"meta":{},"tags":[]},{"ancestorTitles":["validateSatisfiesAtom — 5-check pipeline (T10507 · ADR-079-r2 §2.4)","Happy path"],"fullName":"validateSatisfiesAtom — 5-check pipeline (T10507 · ADR-079-r2 §2.4) Happy path accepts when sourceTaskId is undefined (scope check skipped)","status":"passed","title":"accepts when sourceTaskId is undefined (scope check skipped)","duration":67.021929,"failureMessages":[],"meta":{},"tags":[]},{"ancestorTitles":["validateSatisfiesAtom — 5-check pipeline (T10507 · ADR-079-r2 §2.4)","Happy path"],"fullName":"validateSatisfiesAtom — 5-check pipeline (T10507 · ADR-079-r2 §2.4) Happy path accepts self-binding (source == target) without scope check","status":"passed","title":"accepts self-binding (source == target) without scope check","duration":81.3749170000001,"failureMessages":[],"meta":{},"tags":[]},{"ancestorTitles":["validateSatisfiesAtom — 5-check pipeline (T10507 · ADR-079-r2 §2.4)","Happy path"],"fullName":"validateSatisfiesAtom — 5-check pipeline (T10507 · ADR-079-r2 §2.4) Happy path accepts cross-epic atoms when both tasks share the same root epic (fallback)","status":"passed","title":"accepts cross-epic atoms when both tasks share the same root epic (fallback)","duration":70.54359900000009,"failureMessages":[],"meta":{},"tags":[]},{"ancestorTitles":["validateSatisfiesAtom — 5-check pipeline (T10507 · ADR-079-r2 §2.4)","E_AC_ALIAS_DRIFTED"],"fullName":"validateSatisfiesAtom — 5-check pipeline (T10507 · ADR-079-r2 §2.4) E_AC_ALIAS_DRIFTED fires when alias resolves to a different UUID than the previously-persisted binding","status":"passed","title":"fires when alias resolves to a different UUID than the previously-persisted binding","duration":69.72764400000005,"failureMessages":[],"meta":{},"tags":[]},{"ancestorTitles":["validateSatisfiesAtom — 5-check pipeline (T10507 · ADR-079-r2 §2.4)","E_AC_ALIAS_DRIFTED"],"fullName":"validateSatisfiesAtom — 5-check pipeline (T10507 · ADR-079-r2 §2.4) E_AC_ALIAS_DRIFTED does NOT fire when previously-persisted binding matches the current resolution","status":"passed","title":"does NOT fire when previously-persisted binding matches the current resolution","duration":70.9431169999998,"failureMessages":[],"meta":{},"tags":[]},{"ancestorTitles":["validateSatisfiesAtom — 5-check pipeline (T10507 · ADR-079-r2 §2.4)","E_AC_ALIAS_DRIFTED"],"fullName":"validateSatisfiesAtom — 5-check pipeline (T10507 · ADR-079-r2 §2.4) E_AC_ALIAS_DRIFTED integration — validateAtom dispatch delegates to the satisfies validator (no PENDING placeholder)","status":"passed","title":"integration — validateAtom dispatch delegates to the satisfies validator (no PENDING placeholder)","duration":68.98921800000016,"failureMessages":[],"meta":{},"tags":[]},{"ancestorTitles":["validateSatisfiesAtom — 5-check pipeline (T10507 · ADR-079-r2 §2.4)","E_AC_ALIAS_DRIFTED"],"fullName":"validateSatisfiesAtom — 5-check pipeline (T10507 · ADR-079-r2 §2.4) E_AC_ALIAS_DRIFTED integration — validateAtom dispatch rejects out-of-scope cross-saga atom","status":"passed","title":"integration — validateAtom dispatch rejects out-of-scope cross-saga atom","duration":69.60097900000028,"failureMessages":[],"meta":{},"tags":[]},{"ancestorTitles":["validateSatisfiesAtom — 5-check pipeline (T10507 · ADR-079-r2 §2.4)","E_AC_ALIAS_DRIFTED"],"fullName":"validateSatisfiesAtom — 5-check pipeline (T10507 · ADR-079-r2 §2.4) E_AC_ALIAS_DRIFTED does NOT fire on UUID-form atoms (only alias form is drift-prone)","status":"passed","title":"does NOT fire on UUID-form atoms (only alias form is drift-prone)","duration":75.00219800000013,"failureMessages":[],"meta":{},"tags":[]}],"startTime":1779785073023,"endTime":1779785074934.0022,"status":"passed","message":"","name":"/mnt/projects/cleocode/packages/core/src/lifecycle/verification/__tests__/satisfies-validator.test.ts"}]}