{"numTotalTestSuites":11,"numPassedTestSuites":11,"numFailedTestSuites":0,"numPendingTestSuites":0,"numTotalTests":24,"numPassedTests":24,"numFailedTests":0,"numPendingTests":0,"numTodoTests":0,"snapshot":{"added":0,"failure":false,"filesAdded":0,"filesRemoved":0,"filesRemovedList":[],"filesUnmatched":0,"filesUpdated":0,"matched":0,"total":0,"unchecked":0,"uncheckedKeysByFile":[],"unmatched":0,"updated":0,"didUpdate":false},"startTime":1779900131860,"success":true,"testResults":[{"assertionResults":[{"ancestorTitles":["completeAgentWorktreeIntegration"],"fullName":"completeAgentWorktreeIntegration writes audit log and returns auditLogEntry path on successful merge","status":"passed","title":"writes audit log and returns auditLogEntry path on successful merge","duration":130.59936600000003,"failureMessages":[],"meta":{},"tags":[]},{"ancestorTitles":["completeAgentWorktreeIntegration"],"fullName":"completeAgentWorktreeIntegration still writes audit log when merge has no commits (empty branch)","status":"passed","title":"still writes audit log when merge has no commits (empty branch)","duration":103.13904200000002,"failureMessages":[],"meta":{},"tags":[]},{"ancestorTitles":["completeAgentWorktreeIntegration"],"fullName":"completeAgentWorktreeIntegration returns auditLogEntry = null when the audit dir cannot be written","status":"passed","title":"returns auditLogEntry = null when the audit dir cannot be written","duration":129.970321,"failureMessages":[],"meta":{},"tags":[]},{"ancestorTitles":["completeAgentWorktreeIntegration"],"fullName":"completeAgentWorktreeIntegration integration result extends WorktreeMergeResult with auditLogEntry","status":"passed","title":"integration result extends WorktreeMergeResult with auditLogEntry","duration":105.27775700000007,"failureMessages":[],"meta":{},"tags":[]}],"startTime":1779900134647,"endTime":1779900135115.2778,"status":"passed","message":"","name":"/mnt/projects/cleocode/packages/core/src/spawn/__tests__/worktree-audit.test.ts"},{"assertionResults":[{"ancestorTitles":["getDefaultBranch (project-agnostic resolution)"],"fullName":"getDefaultBranch (project-agnostic resolution) reads .cleo/config.json::git.defaultBranch when present","status":"passed","title":"reads .cleo/config.json::git.defaultBranch when present","duration":29.47317099999998,"failureMessages":[],"meta":{},"tags":[]},{"ancestorTitles":["getDefaultBranch (project-agnostic resolution)"],"fullName":"getDefaultBranch (project-agnostic resolution) falls back to local branch probing when no config + no remote","status":"passed","title":"falls back to local branch probing when no config + no remote","duration":48.088730000000055,"failureMessages":[],"meta":{},"tags":[]},{"ancestorTitles":["getDefaultBranch (project-agnostic resolution)"],"fullName":"getDefaultBranch (project-agnostic resolution) does not hardcode main — discovers `master` repos correctly","status":"passed","title":"does not hardcode main — discovers `master` repos correctly","duration":41.20042699999999,"failureMessages":[],"meta":{},"tags":[]},{"ancestorTitles":["getDefaultBranch (project-agnostic resolution)"],"fullName":"getDefaultBranch (project-agnostic resolution) returns \"main\" as last-resort fallback when nothing matches","status":"passed","title":"returns \"main\" as last-resort fallback when nothing matches","duration":40.371669,"failureMessages":[],"meta":{},"tags":[]},{"ancestorTitles":["completeAgentWorktreeViaMerge (ADR-062)"],"fullName":"completeAgentWorktreeViaMerge (ADR-062) preserves agent commit SHAs in target branch history (provenance contract)","status":"passed","title":"preserves agent commit SHAs in target branch history (provenance contract)","duration":181.93933400000003,"failureMessages":[],"meta":{},"tags":[]},{"ancestorTitles":["completeAgentWorktreeViaMerge (ADR-062)"],"fullName":"completeAgentWorktreeViaMerge (ADR-062) does not hardcode `main` — works against an arbitrary target branch","status":"passed","title":"does not hardcode `main` — works against an arbitrary target branch","duration":144.4105669999999,"failureMessages":[],"meta":{},"tags":[]},{"ancestorTitles":["completeAgentWorktreeViaMerge (ADR-062)"],"fullName":"completeAgentWorktreeViaMerge (ADR-062) returns merged: true with empty mergeCommit when no commits ahead","status":"passed","title":"returns merged: true with empty mergeCommit when no commits ahead","duration":76.910664,"failureMessages":[],"meta":{},"tags":[]},{"ancestorTitles":["completeAgentWorktreeViaMerge (ADR-062)"],"fullName":"completeAgentWorktreeViaMerge (ADR-062) returns error when the task branch does not exist","status":"passed","title":"returns error when the task branch does not exist","duration":35.39580599999999,"failureMessages":[],"meta":{},"tags":[]}],"startTime":1779900134646,"endTime":1779900135245.3958,"status":"passed","message":"","name":"/mnt/projects/cleocode/packages/core/src/spawn/__tests__/worktree-merge.test.ts"},{"assertionResults":[{"ancestorTitles":["pruneWorktree","when worktree directory does not exist"],"fullName":"pruneWorktree when worktree directory does not exist returns status=skipped and skips rmSync","status":"passed","title":"returns status=skipped and skips rmSync","duration":3.600812000000019,"failureMessages":[],"meta":{},"tags":[]},{"ancestorTitles":["pruneWorktree","when worktree directory does not exist"],"fullName":"pruneWorktree when worktree directory does not exist still deletes a stale branch when the directory is already gone","status":"passed","title":"still deletes a stale branch when the directory is already gone","duration":0.6757660000000669,"failureMessages":[],"meta":{},"tags":[]},{"ancestorTitles":["pruneWorktree","when worktree directory does not exist"],"fullName":"pruneWorktree when worktree directory does not exist marks branchDeleted=true even when there is no branch to delete","status":"passed","title":"marks branchDeleted=true even when there is no branch to delete","duration":0.38900300000000243,"failureMessages":[],"meta":{},"tags":[]},{"ancestorTitles":["pruneWorktree","when worktree exists and is clean"],"fullName":"pruneWorktree when worktree exists and is clean returns status=pruned after successful removal","status":"passed","title":"returns status=pruned after successful removal","duration":0.5262759999999389,"failureMessages":[],"meta":{},"tags":[]},{"ancestorTitles":["pruneWorktree","when worktree exists and is clean"],"fullName":"pruneWorktree when worktree exists and is clean deletes the branch when it has 0 commits ahead of HEAD","status":"passed","title":"deletes the branch when it has 0 commits ahead of HEAD","duration":0.374836000000073,"failureMessages":[],"meta":{},"tags":[]},{"ancestorTitles":["pruneWorktree","when worktree exists and is clean"],"fullName":"pruneWorktree when worktree exists and is clean leaves the branch when it has commits ahead of HEAD","status":"passed","title":"leaves the branch when it has commits ahead of HEAD","duration":0.2998539999999821,"failureMessages":[],"meta":{},"tags":[]},{"ancestorTitles":["pruneWorktree","when worktree exists and is clean"],"fullName":"pruneWorktree when worktree exists and is clean falls back to rmSync when git worktree remove fails","status":"passed","title":"falls back to rmSync when git worktree remove fails","duration":0.3264840000000504,"failureMessages":[],"meta":{},"tags":[]},{"ancestorTitles":["pruneWorktree","when worktree is dirty"],"fullName":"pruneWorktree when worktree is dirty marks wasDirty=true","status":"passed","title":"marks wasDirty=true","duration":0.5379190000001017,"failureMessages":[],"meta":{},"tags":[]},{"ancestorTitles":["pruneWorktree","when worktree is dirty"],"fullName":"pruneWorktree when worktree is dirty writes an audit log entry when dirty","status":"passed","title":"writes an audit log entry when dirty","duration":1.8219560000000001,"failureMessages":[],"meta":{},"tags":[]},{"ancestorTitles":["pruneWorktree","when worktree is dirty"],"fullName":"pruneWorktree when worktree is dirty does NOT write an audit log entry when clean","status":"passed","title":"does NOT write an audit log entry when clean","duration":0.43927099999996244,"failureMessages":[],"meta":{},"tags":[]},{"ancestorTitles":["pruneWorktree","error handling"],"fullName":"pruneWorktree error handling returns status=error when the directory is not a git repo","status":"passed","title":"returns status=error when the directory is not a git repo","duration":0.30735599999991337,"failureMessages":[],"meta":{},"tags":[]},{"ancestorTitles":["pruneWorktree","error handling"],"fullName":"pruneWorktree error handling returns status=error when both git remove and rmSync fail","status":"passed","title":"returns status=error when both git remove and rmSync fail","duration":0.32071400000006633,"failureMessages":[],"meta":{},"tags":[]}],"startTime":1779900134647,"endTime":1779900134657.3208,"status":"passed","message":"","name":"/mnt/projects/cleocode/packages/core/src/spawn/__tests__/worktree-prune.test.ts"}]}
