{"numTotalTestSuites":2,"numPassedTestSuites":2,"numFailedTestSuites":0,"numPendingTestSuites":0,"numTotalTests":4,"numPassedTests":4,"numFailedTests":0,"numPendingTests":0,"numTodoTests":0,"snapshot":{"added":0,"failure":false,"filesAdded":0,"filesRemoved":0,"filesRemovedList":[],"filesUnmatched":0,"filesUpdated":0,"matched":0,"total":0,"unchecked":0,"uncheckedKeysByFile":[],"unmatched":0,"updated":0,"didUpdate":false},"startTime":1779776964544,"success":true,"testResults":[{"assertionResults":[{"ancestorTitles":["SqliteWorkGraphContainmentQueryService"],"fullName":"SqliteWorkGraphContainmentQueryService loads ancestor chains for multiple roots with one parent_id-only recursive query","status":"passed","title":"loads ancestor chains for multiple roots with one parent_id-only recursive query","duration":1.870123000000035,"failureMessages":[],"meta":{},"tags":[]},{"ancestorTitles":["SqliteWorkGraphContainmentQueryService"],"fullName":"SqliteWorkGraphContainmentQueryService loads direct children for multiple parents with one parent_id batch query","status":"passed","title":"loads direct children for multiple parents with one parent_id batch query","duration":0.3602040000000102,"failureMessages":[],"meta":{},"tags":[]},{"ancestorTitles":["SqliteWorkGraphContainmentQueryService"],"fullName":"SqliteWorkGraphContainmentQueryService projects a descendant tree with cursor pagination and max depth using one recursive query","status":"passed","title":"projects a descendant tree with cursor pagination and max depth using one recursive query","duration":0.41426799999999275,"failureMessages":[],"meta":{},"tags":[]},{"ancestorTitles":["SqliteWorkGraphContainmentQueryService"],"fullName":"SqliteWorkGraphContainmentQueryService uses the paginated tree projection for descendant traversal","status":"passed","title":"uses the paginated tree projection for descendant traversal","duration":0.24303599999996095,"failureMessages":[],"meta":{},"tags":[]}],"startTime":1779776966442,"endTime":1779776966445.243,"status":"passed","message":"","name":"/mnt/projects/cleocode/packages/core/src/workgraph/__tests__/containment.test.ts"}]}