{"numTotalTestSuites":2,"numPassedTestSuites":2,"numFailedTestSuites":0,"numPendingTestSuites":0,"numTotalTests":6,"numPassedTests":6,"numFailedTests":0,"numPendingTests":0,"numTodoTests":0,"snapshot":{"added":0,"failure":false,"filesAdded":0,"filesRemoved":0,"filesRemovedList":[],"filesUnmatched":0,"filesUpdated":0,"matched":0,"total":0,"unchecked":0,"uncheckedKeysByFile":[],"unmatched":0,"updated":0,"didUpdate":false},"startTime":1779777499878,"success":true,"testResults":[{"assertionResults":[{"ancestorTitles":["SqliteWorkGraphContainmentQueryService"],"fullName":"SqliteWorkGraphContainmentQueryService loads ancestor chains for multiple roots with one parent_id-only recursive query","status":"passed","title":"loads ancestor chains for multiple roots with one parent_id-only recursive query","duration":3.8653130000000147,"failureMessages":[],"meta":{},"tags":[]},{"ancestorTitles":["SqliteWorkGraphContainmentQueryService"],"fullName":"SqliteWorkGraphContainmentQueryService loads direct children for multiple parents with one parent_id batch query","status":"passed","title":"loads direct children for multiple parents with one parent_id batch query","duration":0.8211959999999863,"failureMessages":[],"meta":{},"tags":[]},{"ancestorTitles":["SqliteWorkGraphContainmentQueryService"],"fullName":"SqliteWorkGraphContainmentQueryService projects a descendant tree with cursor pagination and max depth using one recursive query","status":"passed","title":"projects a descendant tree with cursor pagination and max depth using one recursive query","duration":0.9688360000000102,"failureMessages":[],"meta":{},"tags":[]},{"ancestorTitles":["SqliteWorkGraphContainmentQueryService"],"fullName":"SqliteWorkGraphContainmentQueryService uses the paginated tree projection for descendant traversal","status":"passed","title":"uses the paginated tree projection for descendant traversal","duration":0.46953499999995074,"failureMessages":[],"meta":{},"tags":[]},{"ancestorTitles":["SqliteWorkGraphContainmentQueryService"],"fullName":"SqliteWorkGraphContainmentQueryService summarizes direct and subtree rollup counts with explicit percent denominator rules","status":"passed","title":"summarizes direct and subtree rollup counts with explicit percent denominator rules","duration":1.0408419999999978,"failureMessages":[],"meta":{},"tags":[]},{"ancestorTitles":["SqliteWorkGraphContainmentQueryService"],"fullName":"SqliteWorkGraphContainmentQueryService flags stale direct-child projections when expected rollup counts disagree with storage","status":"passed","title":"flags stale direct-child projections when expected rollup counts disagree with storage","duration":0.3625160000000278,"failureMessages":[],"meta":{},"tags":[]}],"startTime":1779777503207,"endTime":1779777503215.3625,"status":"passed","message":"","name":"/home/keatonhoskins/.local/share/cleo/worktrees/1e3146b7352ba279/T10580/packages/core/src/workgraph/__tests__/containment.test.ts"}]}