{"numTotalTestSuites":16,"numPassedTestSuites":16,"numFailedTestSuites":0,"numPendingTestSuites":0,"numTotalTests":62,"numPassedTests":62,"numFailedTests":0,"numPendingTests":0,"numTodoTests":0,"snapshot":{"added":0,"failure":false,"filesAdded":0,"filesRemoved":0,"filesRemovedList":[],"filesUnmatched":0,"filesUpdated":0,"matched":0,"total":0,"unchecked":0,"uncheckedKeysByFile":[],"unmatched":0,"updated":0,"didUpdate":false},"startTime":1779857705945,"success":true,"testResults":[{"assertionResults":[{"ancestorTitles":["getCleoHome"],"fullName":"getCleoHome defaults to OS-appropriate env-paths data dir","status":"passed","title":"defaults to OS-appropriate env-paths data dir","duration":1.1070490000001882,"failureMessages":[],"meta":{},"tags":[]},{"ancestorTitles":["getCleoHome"],"fullName":"getCleoHome respects CLEO_HOME env var","status":"passed","title":"respects CLEO_HOME env var","duration":0.16217599999981758,"failureMessages":[],"meta":{},"tags":[]},{"ancestorTitles":["getCleoDir"],"fullName":"getCleoDir defaults to .cleo","status":"passed","title":"defaults to .cleo","duration":0.12667200000032608,"failureMessages":[],"meta":{},"tags":[]},{"ancestorTitles":["getCleoDir"],"fullName":"getCleoDir respects CLEO_DIR env var","status":"passed","title":"respects CLEO_DIR env var","duration":0.10462199999892619,"failureMessages":[],"meta":{},"tags":[]},{"ancestorTitles":["getCleoDirAbsolute"],"fullName":"getCleoDirAbsolute resolves relative path against cwd (bootstrap mode)","status":"passed","title":"resolves relative path against cwd (bootstrap mode)","duration":0.4919769999996788,"failureMessages":[],"meta":{},"tags":[]},{"ancestorTitles":["getCleoDirAbsolute"],"fullName":"getCleoDirAbsolute throws when called from inside a worktree without bootstrap (T9803)","status":"passed","title":"throws when called from inside a worktree without bootstrap (T9803)","duration":0.9701629999999568,"failureMessages":[],"meta":{},"tags":[]},{"ancestorTitles":["getCleoDirAbsolute"],"fullName":"getCleoDirAbsolute returns absolute CLEO_DIR as-is","status":"passed","title":"returns absolute CLEO_DIR as-is","duration":0.10883599999942817,"failureMessages":[],"meta":{},"tags":[]},{"ancestorTitles":["getProjectRoot"],"fullName":"getProjectRoot returns the directory containing .cleo/ when called with that directory","status":"passed","title":"returns the directory containing .cleo/ when called with that directory","duration":0.4720080000006419,"failureMessages":[],"meta":{},"tags":[]},{"ancestorTitles":["getProjectRoot"],"fullName":"getProjectRoot respects CLEO_ROOT env var — bypasses walk entirely","status":"passed","title":"respects CLEO_ROOT env var — bypasses walk entirely","duration":0.725693999998839,"failureMessages":[],"meta":{},"tags":[]},{"ancestorTitles":["getProjectRoot — worktree gitlink resolution (T11034)"],"fullName":"getProjectRoot — worktree gitlink resolution (T11034) resolves to main repo from worktree root (start-level gitlink)","status":"passed","title":"resolves to main repo from worktree root (start-level gitlink)","duration":0.552480000000287,"failureMessages":[],"meta":{},"tags":[]},{"ancestorTitles":["getProjectRoot — worktree gitlink resolution (T11034)"],"fullName":"getProjectRoot — worktree gitlink resolution (T11034) resolves to main repo from worktree subdirectory (ancestor-walk gitlink)","status":"passed","title":"resolves to main repo from worktree subdirectory (ancestor-walk gitlink)","duration":0.5509679999995569,"failureMessages":[],"meta":{},"tags":[]},{"ancestorTitles":["getProjectRoot — worktree gitlink resolution (T11034)"],"fullName":"getProjectRoot — worktree gitlink resolution (T11034) resolves to main repo from deeply nested worktree subdirectory","status":"passed","title":"resolves to main repo from deeply nested worktree subdirectory","duration":0.569590999999491,"failureMessages":[],"meta":{},"tags":[]},{"ancestorTitles":["getProjectRoot — worktree gitlink resolution (T11034)"],"fullName":"getProjectRoot — worktree gitlink resolution (T11034) getCleoDirAbsolute from worktree subdirectory returns parent project .cleo","status":"passed","title":"getCleoDirAbsolute from worktree subdirectory returns parent project .cleo","duration":0.462123999999676,"failureMessages":[],"meta":{},"tags":[]},{"ancestorTitles":["getProjectRoot — worktree gitlink resolution (T11034)"],"fullName":"getProjectRoot — worktree gitlink resolution (T11034) getCleoDirAbsolute from worktree root returns parent project .cleo","status":"passed","title":"getCleoDirAbsolute from worktree root returns parent project .cleo","duration":0.37990200000058394,"failureMessages":[],"meta":{},"tags":[]},{"ancestorTitles":["getProjectRoot — worktree gitlink resolution (T11034)"],"fullName":"getProjectRoot — worktree gitlink resolution (T11034) still throws for worktree whose gitlink points to non-existent main repo","status":"passed","title":"still throws for worktree whose gitlink points to non-existent main repo","duration":0.596426000000065,"failureMessages":[],"meta":{},"tags":[]},{"ancestorTitles":["getProjectRoot — worktree gitlink resolution (T11034)"],"fullName":"getProjectRoot — worktree gitlink resolution (T11034) still throws for worktree with unparseable gitlink content","status":"passed","title":"still throws for worktree with unparseable gitlink content","duration":0.5392379999993864,"failureMessages":[],"meta":{},"tags":[]},{"ancestorTitles":["getProjectRoot — worktree gitlink resolution (T11034)"],"fullName":"getProjectRoot — worktree gitlink resolution (T11034) does not create .cleo/ inside worktree during resolution","status":"passed","title":"does not create .cleo/ inside worktree during resolution","duration":0.8471010000012029,"failureMessages":[],"meta":{},"tags":[]},{"ancestorTitles":["resolveProjectPath"],"fullName":"resolveProjectPath returns absolute paths unchanged","status":"passed","title":"returns absolute paths unchanged","duration":0.30322699999851466,"failureMessages":[],"meta":{},"tags":[]},{"ancestorTitles":["resolveProjectPath"],"fullName":"resolveProjectPath resolves relative paths against project root","status":"passed","title":"resolves relative paths against project root","duration":0.26077299999997194,"failureMessages":[],"meta":{},"tags":[]},{"ancestorTitles":["resolveProjectPath"],"fullName":"resolveProjectPath expands tilde to home directory","status":"passed","title":"expands tilde to home directory","duration":0.1892489999991085,"failureMessages":[],"meta":{},"tags":[]},{"ancestorTitles":["path helper functions"],"fullName":"path helper functions getTodoPath returns correct path","status":"passed","title":"getTodoPath returns correct path","duration":0.11658600000009756,"failureMessages":[],"meta":{},"tags":[]},{"ancestorTitles":["path helper functions"],"fullName":"path helper functions getConfigPath returns correct path","status":"passed","title":"getConfigPath returns correct path","duration":0.07184400000005553,"failureMessages":[],"meta":{},"tags":[]},{"ancestorTitles":["path helper functions"],"fullName":"path helper functions getBackupDir returns correct path","status":"passed","title":"getBackupDir returns correct path","duration":0.05862700000034238,"failureMessages":[],"meta":{},"tags":[]},{"ancestorTitles":["path helper functions"],"fullName":"path helper functions getGlobalConfigPath returns correct path","status":"passed","title":"getGlobalConfigPath returns correct path","duration":0.11525699999947392,"failureMessages":[],"meta":{},"tags":[]},{"ancestorTitles":["getAgentOutputsDir"],"fullName":"getAgentOutputsDir returns default when no config exists","status":"passed","title":"returns default when no config exists","duration":0.29679099999884784,"failureMessages":[],"meta":{},"tags":[]},{"ancestorTitles":["getAgentOutputsDir"],"fullName":"getAgentOutputsDir reads agentOutputs.directory from config","status":"passed","title":"reads agentOutputs.directory from config","duration":0.30718999999953667,"failureMessages":[],"meta":{},"tags":[]},{"ancestorTitles":["getAgentOutputsDir"],"fullName":"getAgentOutputsDir reads agentOutputs as plain string from config","status":"passed","title":"reads agentOutputs as plain string from config","duration":0.2623760000005859,"failureMessages":[],"meta":{},"tags":[]},{"ancestorTitles":["getAgentOutputsDir"],"fullName":"getAgentOutputsDir falls back to research.outputDir (deprecated)","status":"passed","title":"falls back to research.outputDir (deprecated)","duration":0.24816500000088126,"failureMessages":[],"meta":{},"tags":[]},{"ancestorTitles":["getAgentOutputsDir"],"fullName":"getAgentOutputsDir falls back to directories.agentOutputs (deprecated)","status":"passed","title":"falls back to directories.agentOutputs (deprecated)","duration":0.26195199999892793,"failureMessages":[],"meta":{},"tags":[]},{"ancestorTitles":["getAgentOutputsDir"],"fullName":"getAgentOutputsDir uses priority order: agentOutputs > research > directories","status":"passed","title":"uses priority order: agentOutputs > research > directories","duration":0.2458070000011503,"failureMessages":[],"meta":{},"tags":[]},{"ancestorTitles":["getAgentOutputsDir"],"fullName":"getAgentOutputsDir falls back to default on invalid config JSON","status":"passed","title":"falls back to default on invalid config JSON","duration":0.24202000000150292,"failureMessages":[],"meta":{},"tags":[]},{"ancestorTitles":["getAgentOutputsAbsolute"],"fullName":"getAgentOutputsAbsolute resolves default to absolute path","status":"passed","title":"resolves default to absolute path","duration":0.307463999999527,"failureMessages":[],"meta":{},"tags":[]},{"ancestorTitles":["getAgentOutputsAbsolute"],"fullName":"getAgentOutputsAbsolute returns absolute config path as-is","status":"passed","title":"returns absolute config path as-is","duration":0.2780980000006821,"failureMessages":[],"meta":{},"tags":[]},{"ancestorTitles":["getManifestPath — core/paths"],"fullName":"getManifestPath — core/paths returns default manifest path","status":"passed","title":"returns default manifest path","duration":0.32352800000080606,"failureMessages":[],"meta":{},"tags":[]},{"ancestorTitles":["getManifestPath — core/paths"],"fullName":"getManifestPath — core/paths respects custom output directory","status":"passed","title":"respects custom output directory","duration":0.2771889999985433,"failureMessages":[],"meta":{},"tags":[]},{"ancestorTitles":["getManifestPath — core/paths"],"fullName":"getManifestPath — core/paths respects custom manifest filename","status":"passed","title":"respects custom manifest filename","duration":0.29335399999945366,"failureMessages":[],"meta":{},"tags":[]},{"ancestorTitles":["getManifestArchivePath"],"fullName":"getManifestArchivePath returns default archive path","status":"passed","title":"returns default archive path","duration":0.2988740000000689,"failureMessages":[],"meta":{},"tags":[]},{"ancestorTitles":["resolveCanonicalCleoDir"],"fullName":"resolveCanonicalCleoDir returns canonical .cleo/ path for a known projectId (AC3)","status":"passed","title":"returns canonical .cleo/ path for a known projectId (AC3)","duration":8.259532000000036,"failureMessages":[],"meta":{},"tags":[]},{"ancestorTitles":["resolveCanonicalCleoDir"],"fullName":"resolveCanonicalCleoDir looks up projectId in nexus registry (AC2)","status":"passed","title":"looks up projectId in nexus registry (AC2)","duration":10.51859400000103,"failureMessages":[],"meta":{},"tags":[]},{"ancestorTitles":["resolveCanonicalCleoDir"],"fullName":"resolveCanonicalCleoDir throws E_PROJECT_NOT_FOUND when projectId not in registry (AC4)","status":"passed","title":"throws E_PROJECT_NOT_FOUND when projectId not in registry (AC4)","duration":7.658298000000286,"failureMessages":[],"meta":{},"tags":[]},{"ancestorTitles":["resolveCanonicalCleoDir"],"fullName":"resolveCanonicalCleoDir throws E_PROJECT_NOT_FOUND when nexus.db does not exist","status":"passed","title":"throws E_PROJECT_NOT_FOUND when nexus.db does not exist","duration":0.5193529999996827,"failureMessages":[],"meta":{},"tags":[]},{"ancestorTitles":["resolveCanonicalCleoDir"],"fullName":"resolveCanonicalCleoDir returns same path for same projectId regardless of caller location (AC5)","status":"passed","title":"returns same path for same projectId regardless of caller location (AC5)","duration":7.401369999999588,"failureMessages":[],"meta":{},"tags":[]},{"ancestorTitles":["isAbsolutePath"],"fullName":"isAbsolutePath recognizes POSIX absolute paths","status":"passed","title":"recognizes POSIX absolute paths","duration":0.09989499999937834,"failureMessages":[],"meta":{},"tags":[]},{"ancestorTitles":["isAbsolutePath"],"fullName":"isAbsolutePath recognizes Windows drive letter paths","status":"passed","title":"recognizes Windows drive letter paths","duration":0.0657919999994192,"failureMessages":[],"meta":{},"tags":[]},{"ancestorTitles":["isAbsolutePath"],"fullName":"isAbsolutePath recognizes UNC paths","status":"passed","title":"recognizes UNC paths","duration":0.0354910000005475,"failureMessages":[],"meta":{},"tags":[]},{"ancestorTitles":["isAbsolutePath"],"fullName":"isAbsolutePath rejects relative paths","status":"passed","title":"rejects relative paths","duration":0.05522500000006403,"failureMessages":[],"meta":{},"tags":[]},{"ancestorTitles":["getCleoDirAbsolute — T11022 deprecation + strict mode"],"fullName":"getCleoDirAbsolute — T11022 deprecation + strict mode throws E_CWD_WALKUP_FORBIDDEN when CLEO_PATHS_STRICT=1 (AC2)","status":"passed","title":"throws E_CWD_WALKUP_FORBIDDEN when CLEO_PATHS_STRICT=1 (AC2)","duration":0.1892040000002453,"failureMessages":[],"meta":{},"tags":[]},{"ancestorTitles":["getCleoDirAbsolute — T11022 deprecation + strict mode"],"fullName":"getCleoDirAbsolute — T11022 deprecation + strict mode CLEO_PATHS_STRICT=1 error message includes resolveProjectByCwd + resolveCanonicalCleoDir (AC2)","status":"passed","title":"CLEO_PATHS_STRICT=1 error message includes resolveProjectByCwd + resolveCanonicalCleoDir (AC2)","duration":0.11598700000104145,"failureMessages":[],"meta":{},"tags":[]},{"ancestorTitles":["getCleoDirAbsolute — T11022 deprecation + strict mode"],"fullName":"getCleoDirAbsolute — T11022 deprecation + strict mode absolute CLEO_DIR passes through silently even with CLEO_PATHS_STRICT=1 (AC3)","status":"passed","title":"absolute CLEO_DIR passes through silently even with CLEO_PATHS_STRICT=1 (AC3)","duration":0.06807299999854877,"failureMessages":[],"meta":{},"tags":[]},{"ancestorTitles":["getCleoDirAbsolute — T11022 deprecation + strict mode"],"fullName":"getCleoDirAbsolute — T11022 deprecation + strict mode bootstrap=true skips deprecation and strict mode (AC3)","status":"passed","title":"bootstrap=true skips deprecation and strict mode (AC3)","duration":0.14753200000086508,"failureMessages":[],"meta":{},"tags":[]},{"ancestorTitles":["getCleoDirAbsolute — T11022 deprecation + strict mode"],"fullName":"getCleoDirAbsolute — T11022 deprecation + strict mode emits deprecation warning when CLEO_DEBUG is set, at most once per process (AC1/AC4)","status":"passed","title":"emits deprecation warning when CLEO_DEBUG is set, at most once per process (AC1/AC4)","duration":1.004507999999987,"failureMessages":[],"meta":{},"tags":[]},{"ancestorTitles":["getCleoDirAbsolute — T11022 deprecation + strict mode"],"fullName":"getCleoDirAbsolute — T11022 deprecation + strict mode does NOT emit deprecation warning when CLEO_DEBUG is not set (AC1)","status":"passed","title":"does NOT emit deprecation warning when CLEO_DEBUG is not set (AC1)","duration":0.37848400000075344,"failureMessages":[],"meta":{},"tags":[]},{"ancestorTitles":["getCleoDirAbsolute — T11022 deprecation + strict mode"],"fullName":"getCleoDirAbsolute — T11022 deprecation + strict mode CLEO_PATHS_STRICT=1 throws before any deprecation warning (AC2)","status":"passed","title":"CLEO_PATHS_STRICT=1 throws before any deprecation warning (AC2)","duration":0.24654499999996915,"failureMessages":[],"meta":{},"tags":[]},{"ancestorTitles":["getCleoDirAbsolute — T11022 deprecation + strict mode"],"fullName":"getCleoDirAbsolute — T11022 deprecation + strict mode bootstrap=true does NOT emit deprecation warning (AC3)","status":"passed","title":"bootstrap=true does NOT emit deprecation warning (AC3)","duration":0.1902379999992263,"failureMessages":[],"meta":{},"tags":[]},{"ancestorTitles":["resolveProjectByCwd"],"fullName":"resolveProjectByCwd reads project-info.json from CWD (AC2)","status":"passed","title":"reads project-info.json from CWD (AC2)","duration":8.358620999999403,"failureMessages":[],"meta":{},"tags":[]},{"ancestorTitles":["resolveProjectByCwd"],"fullName":"resolveProjectByCwd walks up ancestors to find project-info.json (AC2 + AC6)","status":"passed","title":"walks up ancestors to find project-info.json (AC2 + AC6)","duration":6.958499000000302,"failureMessages":[],"meta":{},"tags":[]},{"ancestorTitles":["resolveProjectByCwd"],"fullName":"resolveProjectByCwd stops at first .cleo/project-info.json hit (AC6)","status":"passed","title":"stops at first .cleo/project-info.json hit (AC6)","duration":6.794605999999476,"failureMessages":[],"meta":{},"tags":[]},{"ancestorTitles":["resolveProjectByCwd"],"fullName":"resolveProjectByCwd falls back to nexus registry when no local project-info.json (AC3)","status":"passed","title":"falls back to nexus registry when no local project-info.json (AC3)","duration":7.387727999999697,"failureMessages":[],"meta":{},"tags":[]},{"ancestorTitles":["resolveProjectByCwd"],"fullName":"resolveProjectByCwd nexus fallback walks up ancestors for path match (AC3)","status":"passed","title":"nexus fallback walks up ancestors for path match (AC3)","duration":7.02762199999961,"failureMessages":[],"meta":{},"tags":[]},{"ancestorTitles":["resolveProjectByCwd"],"fullName":"resolveProjectByCwd returns canonical projectId string (AC4)","status":"passed","title":"returns canonical projectId string (AC4)","duration":8.852750000000015,"failureMessages":[],"meta":{},"tags":[]},{"ancestorTitles":["resolveProjectByCwd"],"fullName":"resolveProjectByCwd throws with remediation hint when no project found (AC5)","status":"passed","title":"throws with remediation hint when no project found (AC5)","duration":0.45541899999989255,"failureMessages":[],"meta":{},"tags":[]},{"ancestorTitles":["resolveProjectByCwd"],"fullName":"resolveProjectByCwd throws CleoError with NEXUS_PROJECT_NOT_FOUND exit code (AC5)","status":"passed","title":"throws CleoError with NEXUS_PROJECT_NOT_FOUND exit code (AC5)","duration":0.2961509999986447,"failureMessages":[],"meta":{},"tags":[]}],"startTime":1779857715467,"endTime":1779857715564.4553,"status":"passed","message":"","name":"/mnt/projects/cleocode/packages/core/src/__tests__/paths.test.ts"}]}
