{"numTotalTestSuites":6,"numPassedTestSuites":6,"numFailedTestSuites":0,"numPendingTestSuites":0,"numTotalTests":20,"numPassedTests":20,"numFailedTests":0,"numPendingTests":0,"numTodoTests":0,"snapshot":{"added":0,"failure":false,"filesAdded":0,"filesRemoved":0,"filesRemovedList":[],"filesUnmatched":0,"filesUpdated":0,"matched":0,"total":0,"unchecked":0,"uncheckedKeysByFile":[],"unmatched":0,"updated":0,"didUpdate":false},"startTime":1779859733025,"success":true,"testResults":[{"assertionResults":[{"ancestorTitles":["nexusMoveProject"],"fullName":"nexusMoveProject AC1: updates projectPath, projectHash, lastSeen after move","status":"passed","title":"AC1: updates projectPath, projectHash, lastSeen after move","duration":47.9545599999999,"failureMessages":[],"meta":{},"tags":[]},{"ancestorTitles":["nexusMoveProject"],"fullName":"nexusMoveProject AC8: brainDbPath and tasksDbPath updated","status":"passed","title":"AC8: brainDbPath and tasksDbPath updated","duration":24.042159000000083,"failureMessages":[],"meta":{},"tags":[]},{"ancestorTitles":["nexusMoveProject"],"fullName":"nexusMoveProject AC3: nexusReconcile called as final step","status":"passed","title":"AC3: nexusReconcile called as final step","duration":24.952830000000176,"failureMessages":[],"meta":{},"tags":[]},{"ancestorTitles":["nexusMoveProject"],"fullName":"nexusMoveProject AC5: audit log entries written for move","status":"passed","title":"AC5: audit log entries written for move","duration":26.65990899999997,"failureMessages":[],"meta":{},"tags":[]},{"ancestorTitles":["nexusMoveProject"],"fullName":"nexusMoveProject throws on missing projectId","status":"passed","title":"throws on missing projectId","duration":28.098441999999977,"failureMessages":[],"meta":{},"tags":[]},{"ancestorTitles":["nexusMoveProject"],"fullName":"nexusMoveProject throws on unknown projectId","status":"passed","title":"throws on unknown projectId","duration":24.78457000000003,"failureMessages":[],"meta":{},"tags":[]},{"ancestorTitles":["nexusRenameProject"],"fullName":"nexusRenameProject AC4: updates name in registry","status":"passed","title":"AC4: updates name in registry","duration":27.76468399999999,"failureMessages":[],"meta":{},"tags":[]},{"ancestorTitles":["nexusRenameProject"],"fullName":"nexusRenameProject AC2: lookup uses projectId (stable)","status":"passed","title":"AC2: lookup uses projectId (stable)","duration":33.60804099999996,"failureMessages":[],"meta":{},"tags":[]},{"ancestorTitles":["nexusRenameProject"],"fullName":"nexusRenameProject AC5: audit log entries written for rename","status":"passed","title":"AC5: audit log entries written for rename","duration":20.057786999999962,"failureMessages":[],"meta":{},"tags":[]},{"ancestorTitles":["nexusRenameProject"],"fullName":"nexusRenameProject throws on missing projectId","status":"passed","title":"throws on missing projectId","duration":20.005629,"failureMessages":[],"meta":{},"tags":[]},{"ancestorTitles":["nexusRenameProject"],"fullName":"nexusRenameProject throws on unknown projectId","status":"passed","title":"throws on unknown projectId","duration":22.385543000000098,"failureMessages":[],"meta":{},"tags":[]},{"ancestorTitles":["nexusRenameProject — alias registration (T11025)"],"fullName":"nexusRenameProject — alias registration (T11025) AC1: inserts projectIdAliases row on rename (legacyId=canonicalId=projectId)","status":"passed","title":"AC1: inserts projectIdAliases row on rename (legacyId=canonicalId=projectId)","duration":22.87642700000015,"failureMessages":[],"meta":{},"tags":[]},{"ancestorTitles":["nexusRenameProject — alias registration (T11025)"],"fullName":"nexusRenameProject — alias registration (T11025) AC2: alias is queryable and maps to same projectId","status":"passed","title":"AC2: alias is queryable and maps to same projectId","duration":27.700446000000056,"failureMessages":[],"meta":{},"tags":[]},{"ancestorTitles":["nexusRenameProject — alias registration (T11025)"],"fullName":"nexusRenameProject — alias registration (T11025) AC3: idempotent — second rename with same projectId does not fail","status":"passed","title":"AC3: idempotent — second rename with same projectId does not fail","duration":26.678502999999864,"failureMessages":[],"meta":{},"tags":[]},{"ancestorTitles":["nexusRenameProject — alias registration (T11025)"],"fullName":"nexusRenameProject — alias registration (T11025) AC5: self-alias recorded even when projectId stays same","status":"passed","title":"AC5: self-alias recorded even when projectId stays same","duration":19.876060000000052,"failureMessages":[],"meta":{},"tags":[]},{"ancestorTitles":["nexusRenameProject — alias registration (T11025)"],"fullName":"nexusRenameProject — alias registration (T11025) AC6: nexusGetProject resolves project by projectId","status":"passed","title":"AC6: nexusGetProject resolves project by projectId","duration":21.307839999999942,"failureMessages":[],"meta":{},"tags":[]},{"ancestorTitles":["nexusRenameProject — alias registration (T11025)"],"fullName":"nexusRenameProject — alias registration (T11025) AC6: nexusGetProject resolves via alias when queried by legacy projectId","status":"passed","title":"AC6: nexusGetProject resolves via alias when queried by legacy projectId","duration":21.474541000000045,"failureMessages":[],"meta":{},"tags":[]},{"ancestorTitles":["nexusReconcile Scenario 2"],"fullName":"nexusReconcile Scenario 2 AC6: path_updated with brainDbPath/tasksDbPath","status":"passed","title":"AC6: path_updated with brainDbPath/tasksDbPath","duration":21.881214,"failureMessages":[],"meta":{},"tags":[]},{"ancestorTitles":["nexusReconcile Scenario 2"],"fullName":"nexusReconcile Scenario 2 idempotent","status":"passed","title":"idempotent","duration":27.075516000000334,"failureMessages":[],"meta":{},"tags":[]},{"ancestorTitles":["combined"],"fullName":"combined move then rename preserves projectId","status":"passed","title":"move then rename preserves projectId","duration":27.005642999999964,"failureMessages":[],"meta":{},"tags":[]}],"startTime":1779859736803,"endTime":1779859737320.0056,"status":"passed","message":"","name":"/mnt/projects/cleocode/packages/core/src/nexus/__tests__/t11024-move-rename.test.ts"}]}
