{"numTotalTestSuites":2,"numPassedTestSuites":2,"numFailedTestSuites":0,"numPendingTestSuites":0,"numTotalTests":4,"numPassedTests":4,"numFailedTests":0,"numPendingTests":0,"numTodoTests":0,"snapshot":{"added":0,"failure":false,"filesAdded":0,"filesRemoved":0,"filesRemovedList":[],"filesUnmatched":0,"filesUpdated":0,"matched":0,"total":0,"unchecked":0,"uncheckedKeysByFile":[],"unmatched":0,"updated":0,"didUpdate":false},"startTime":1779799459243,"success":true,"testResults":[{"assertionResults":[{"ancestorTitles":["T10614 docs/relations/context operation wrapper contracts"],"fullName":"T10614 docs/relations/context operation wrapper contracts routes relates query modes through the CLI operation wrapper instead of raw dispatch","status":"passed","title":"routes relates query modes through the CLI operation wrapper instead of raw dispatch","duration":1.0137440000000026,"failureMessages":[],"meta":{},"tags":[]},{"ancestorTitles":["T10614 docs/relations/context operation wrapper contracts"],"fullName":"T10614 docs/relations/context operation wrapper contracts keeps context commands behind admin.context operation wrappers","status":"passed","title":"keeps context commands behind admin.context operation wrappers","duration":0.21820600000000923,"failureMessages":[],"meta":{},"tags":[]},{"ancestorTitles":["T10614 docs/relations/context operation wrapper contracts"],"fullName":"T10614 docs/relations/context operation wrapper contracts keeps canonical docs attachment verbs routed through docs operations","status":"passed","title":"keeps canonical docs attachment verbs routed through docs operations","duration":0.48783000000000243,"failureMessages":[],"meta":{},"tags":[]},{"ancestorTitles":["T10614 docs/relations/context operation wrapper contracts"],"fullName":"T10614 docs/relations/context operation wrapper contracts keeps docs CLI domain actions behind dispatch wrappers instead of direct engine calls","status":"passed","title":"keeps docs CLI domain actions behind dispatch wrappers instead of direct engine calls","duration":0.7330760000000112,"failureMessages":[],"meta":{},"tags":[]}],"startTime":1779799459434,"endTime":1779799459436.7332,"status":"passed","message":"","name":"/mnt/projects/cleocode/packages/cleo/src/cli/commands/__tests__/operation-wrapper-contracts.test.ts"}]}