{"numTotalTestSuites":2,"numPassedTestSuites":2,"numFailedTestSuites":0,"numPendingTestSuites":0,"numTotalTests":26,"numPassedTests":26,"numFailedTests":0,"numPendingTests":0,"numTodoTests":0,"snapshot":{"added":0,"failure":false,"filesAdded":0,"filesRemoved":0,"filesRemovedList":[],"filesUnmatched":0,"filesUpdated":0,"matched":0,"total":0,"unchecked":0,"uncheckedKeysByFile":[],"unmatched":0,"updated":0,"didUpdate":false},"startTime":1779794112569,"success":true,"testResults":[{"assertionResults":[{"ancestorTitles":["describeOperation()"],"fullName":"describeOperation() returns correct operation key for tasks.add","status":"passed","title":"returns correct operation key for tasks.add","duration":1.0537860000000023,"failureMessages":[],"meta":{},"tags":[]},{"ancestorTitles":["describeOperation()"],"fullName":"describeOperation() returns correct gateway for mutate operation","status":"passed","title":"returns correct gateway for mutate operation","duration":0.14277799999999274,"failureMessages":[],"meta":{},"tags":[]},{"ancestorTitles":["describeOperation()"],"fullName":"describeOperation() returns correct gateway for query operation","status":"passed","title":"returns correct gateway for query operation","duration":0.09774199999999666,"failureMessages":[],"meta":{},"tags":[]},{"ancestorTitles":["describeOperation()"],"fullName":"describeOperation() returns description verbatim","status":"passed","title":"returns description verbatim","duration":0.09742699999999616,"failureMessages":[],"meta":{},"tags":[]},{"ancestorTitles":["describeOperation()"],"fullName":"describeOperation() tasks.add: falls back to static params table when def.params is absent","status":"passed","title":"tasks.add: falls back to static params table when def.params is absent","duration":0.12203000000000941,"failureMessages":[],"meta":{},"tags":[]},{"ancestorTitles":["describeOperation()"],"fullName":"describeOperation() tasks.add: params include title, parent, priority, type, size, description, acceptance","status":"passed","title":"tasks.add: params include title, parent, priority, type, size, description, acceptance","duration":0.6848969999999923,"failureMessages":[],"meta":{},"tags":[]},{"ancestorTitles":["describeOperation()"],"fullName":"describeOperation() tasks.add: priority param has enum [low, medium, high, critical]","status":"passed","title":"tasks.add: priority param has enum [low, medium, high, critical]","duration":0.42810199999999554,"failureMessages":[],"meta":{},"tags":[]},{"ancestorTitles":["describeOperation()"],"fullName":"describeOperation() tasks.add: title param is required","status":"passed","title":"tasks.add: title param is required","duration":0.12165500000000407,"failureMessages":[],"meta":{},"tags":[]},{"ancestorTitles":["describeOperation()"],"fullName":"describeOperation() tasks.add: parent param is optional","status":"passed","title":"tasks.add: parent param is optional","duration":0.12244300000000408,"failureMessages":[],"meta":{},"tags":[]},{"ancestorTitles":["describeOperation()"],"fullName":"describeOperation() uses registry params when present (tasks.list)","status":"passed","title":"uses registry params when present (tasks.list)","duration":0.1843110000000081,"failureMessages":[],"meta":{},"tags":[]},{"ancestorTitles":["describeOperation()"],"fullName":"describeOperation() strips hidden params from output","status":"passed","title":"strips hidden params from output","duration":0.167342000000005,"failureMessages":[],"meta":{},"tags":[]},{"ancestorTitles":["describeOperation()"],"fullName":"describeOperation() preserves enum on status param from registry","status":"passed","title":"preserves enum on status param from registry","duration":0.1294900000000041,"failureMessages":[],"meta":{},"tags":[]},{"ancestorTitles":["describeOperation()"],"fullName":"describeOperation() includes gates by default (includeGates=true)","status":"passed","title":"includes gates by default (includeGates=true)","duration":0.07990900000000067,"failureMessages":[],"meta":{},"tags":[]},{"ancestorTitles":["describeOperation()"],"fullName":"describeOperation() tasks.add gates include anti-hallucination","status":"passed","title":"tasks.add gates include anti-hallucination","duration":0.0879589999999979,"failureMessages":[],"meta":{},"tags":[]},{"ancestorTitles":["describeOperation()"],"fullName":"describeOperation() tasks.add gates include acceptance-criteria-format","status":"passed","title":"tasks.add gates include acceptance-criteria-format","duration":0.0671739999999943,"failureMessages":[],"meta":{},"tags":[]},{"ancestorTitles":["describeOperation()"],"fullName":"describeOperation() tasks.complete gates include dependency-check","status":"passed","title":"tasks.complete gates include dependency-check","duration":0.057839000000001306,"failureMessages":[],"meta":{},"tags":[]},{"ancestorTitles":["describeOperation()"],"fullName":"describeOperation() tasks.complete gates include verification-required","status":"passed","title":"tasks.complete gates include verification-required","duration":0.054057000000000244,"failureMessages":[],"meta":{},"tags":[]},{"ancestorTitles":["describeOperation()"],"fullName":"describeOperation() tasks.complete gates include children-completion","status":"passed","title":"tasks.complete gates include children-completion","duration":0.048344000000000165,"failureMessages":[],"meta":{},"tags":[]},{"ancestorTitles":["describeOperation()"],"fullName":"describeOperation() tasks.show gate is task-exists","status":"passed","title":"tasks.show gate is task-exists","duration":0.05248300000000938,"failureMessages":[],"meta":{},"tags":[]},{"ancestorTitles":["describeOperation()"],"fullName":"describeOperation() unknown operation returns empty gates array","status":"passed","title":"unknown operation returns empty gates array","duration":0.06072000000000344,"failureMessages":[],"meta":{},"tags":[]},{"ancestorTitles":["describeOperation()"],"fullName":"describeOperation() omits gates when includeGates=false","status":"passed","title":"omits gates when includeGates=false","duration":0.05494199999999694,"failureMessages":[],"meta":{},"tags":[]},{"ancestorTitles":["describeOperation()"],"fullName":"describeOperation() omits examples by default","status":"passed","title":"omits examples by default","duration":0.03508399999999767,"failureMessages":[],"meta":{},"tags":[]},{"ancestorTitles":["describeOperation()"],"fullName":"describeOperation() includes examples when includeExamples=true for tasks.add","status":"passed","title":"includes examples when includeExamples=true for tasks.add","duration":0.08635300000000257,"failureMessages":[],"meta":{},"tags":[]},{"ancestorTitles":["describeOperation()"],"fullName":"describeOperation() examples for unknown operation are empty array when includeExamples=true","status":"passed","title":"examples for unknown operation are empty array when includeExamples=true","duration":0.053425000000004275,"failureMessages":[],"meta":{},"tags":[]},{"ancestorTitles":["describeOperation()"],"fullName":"describeOperation() docs.update preserves CLI metadata, lifecycle enum, and examples from the operation contract","status":"passed","title":"docs.update preserves CLI metadata, lifecycle enum, and examples from the operation contract","duration":0.13437300000001073,"failureMessages":[],"meta":{},"tags":[]},{"ancestorTitles":["describeOperation()"],"fullName":"describeOperation() each gate has name, errorCode, description, and triggers","status":"passed","title":"each gate has name, errorCode, description, and triggers","duration":0.27117699999999445,"failureMessages":[],"meta":{},"tags":[]}],"startTime":1779794113424,"endTime":1779794113428.2712,"status":"passed","message":"","name":"/home/keatonhoskins/.local/share/cleo/worktrees/1e3146b7352ba279/T10611/packages/lafs/tests/operation-schema.test.ts"}]}