{"numTotalTestSuites":2,"numPassedTestSuites":2,"numFailedTestSuites":0,"numPendingTestSuites":0,"numTotalTests":14,"numPassedTests":14,"numFailedTests":0,"numPendingTests":0,"numTodoTests":0,"snapshot":{"added":0,"failure":false,"filesAdded":0,"filesRemoved":0,"filesRemovedList":[],"filesUnmatched":0,"filesUpdated":0,"matched":0,"total":0,"unchecked":0,"uncheckedKeysByFile":[],"unmatched":0,"updated":0,"didUpdate":false},"startTime":1779804228391,"success":true,"testResults":[{"assertionResults":[{"ancestorTitles":["relates.ts addRelation persistence (T5168)"],"fullName":"relates.ts addRelation persistence (T5168) should persist relation to task_relations table via accessor","status":"passed","title":"should persist relation to task_relations table via accessor","duration":94.82928500000003,"failureMessages":[],"meta":{},"tags":[]},{"ancestorTitles":["relates.ts addRelation persistence (T5168)"],"fullName":"relates.ts addRelation persistence (T5168) should survive accessor restart","status":"passed","title":"should survive accessor restart","duration":80.76069199999984,"failureMessages":[],"meta":{},"tags":[]},{"ancestorTitles":["relates.ts addRelation persistence (T5168)"],"fullName":"relates.ts addRelation persistence (T5168) should throw on non-existent source task","status":"passed","title":"should throw on non-existent source task","duration":64.0707460000001,"failureMessages":[],"meta":{},"tags":[]},{"ancestorTitles":["relates.ts addRelation persistence (T5168)"],"fullName":"relates.ts addRelation persistence (T5168) should throw on non-existent target task","status":"passed","title":"should throw on non-existent target task","duration":65.17069300000003,"failureMessages":[],"meta":{},"tags":[]},{"ancestorTitles":["relates.ts addRelation persistence (T5168)"],"fullName":"relates.ts addRelation persistence (T5168) listRelations should return relations from task_relations table","status":"passed","title":"listRelations should return relations from task_relations table","duration":64.85542299999997,"failureMessages":[],"meta":{},"tags":[]},{"ancestorTitles":["relates.ts addRelation persistence (T5168)"],"fullName":"relates.ts addRelation persistence (T5168) removeRelation round-trip (T10111): add → remove → empty","status":"passed","title":"removeRelation round-trip (T10111): add → remove → empty","duration":66.37546599999996,"failureMessages":[],"meta":{},"tags":[]},{"ancestorTitles":["relates.ts addRelation persistence (T5168)"],"fullName":"relates.ts addRelation persistence (T5168) removeRelation without type narrows to any (T10111)","status":"passed","title":"removeRelation without type narrows to any (T10111)","duration":64.70372199999997,"failureMessages":[],"meta":{},"tags":[]},{"ancestorTitles":["relates.ts addRelation persistence (T5168)"],"fullName":"relates.ts addRelation persistence (T5168) coreTaskRelates lists relation reasons plus dependency readiness with type/direction filters (T10626)","status":"passed","title":"coreTaskRelates lists relation reasons plus dependency readiness with type/direction filters (T10626)","duration":117.98584899999992,"failureMessages":[],"meta":{},"tags":[]},{"ancestorTitles":["relates.ts addRelation persistence (T5168)"],"fullName":"relates.ts addRelation persistence (T5168) addBatchRelations validates a dry-run without writing relation rows (T10627)","status":"passed","title":"addBatchRelations validates a dry-run without writing relation rows (T10627)","duration":66.53151700000012,"failureMessages":[],"meta":{},"tags":[]},{"ancestorTitles":["relates.ts addRelation persistence (T5168)"],"fullName":"relates.ts addRelation persistence (T5168) addBatchRelations writes all validated advisory edges and records explicit reason waivers (T10627)","status":"passed","title":"addBatchRelations writes all validated advisory edges and records explicit reason waivers (T10627)","duration":65.04640700000004,"failureMessages":[],"meta":{},"tags":[]},{"ancestorTitles":["relates.ts addRelation persistence (T5168)"],"fullName":"relates.ts addRelation persistence (T5168) addBatchRelations returns dependency and containment-cycle warnings (T10627)","status":"passed","title":"addBatchRelations returns dependency and containment-cycle warnings (T10627)","duration":65.9747890000001,"failureMessages":[],"meta":{},"tags":[]},{"ancestorTitles":["relates.ts addRelation persistence (T5168)"],"fullName":"relates.ts addRelation persistence (T5168) addBatchRelations rejects missing reasons before writing any edge (T10627)","status":"passed","title":"addBatchRelations rejects missing reasons before writing any edge (T10627)","duration":68.36542800000007,"failureMessages":[],"meta":{},"tags":[]},{"ancestorTitles":["relates.ts addRelation persistence (T5168)"],"fullName":"relates.ts addRelation persistence (T5168) removeRelation rejects non-existent source task (T10111)","status":"passed","title":"removeRelation rejects non-existent source task (T10111)","duration":64.16562199999998,"failureMessages":[],"meta":{},"tags":[]},{"ancestorTitles":["relates.ts addRelation persistence (T5168)"],"fullName":"relates.ts addRelation persistence (T5168) removeRelation rejects non-existent target task (T10111)","status":"passed","title":"removeRelation rejects non-existent target task (T10111)","duration":62.91517500000009,"failureMessages":[],"meta":{},"tags":[]}],"startTime":1779804230975,"endTime":1779804231986.9153,"status":"passed","message":"","name":"/home/keatonhoskins/.local/share/cleo/worktrees/1e3146b7352ba279/T10627/packages/core/src/tasks/__tests__/relates.test.ts"}]}