{"numTotalTestSuites":2,"numPassedTestSuites":2,"numFailedTestSuites":0,"numPendingTestSuites":0,"numTotalTests":13,"numPassedTests":13,"numFailedTests":0,"numPendingTests":0,"numTodoTests":0,"snapshot":{"added":0,"failure":false,"filesAdded":0,"filesRemoved":0,"filesRemovedList":[],"filesUnmatched":0,"filesUpdated":0,"matched":0,"total":0,"unchecked":0,"uncheckedKeysByFile":[],"unmatched":0,"updated":0,"didUpdate":false},"startTime":1779756356077,"success":true,"testResults":[{"assertionResults":[{"ancestorTitles":["createMutateMinimalEnvelope middleware"],"fullName":"createMutateMinimalEnvelope middleware tasks.add — returns {count, ids[], status} by default","status":"passed","title":"tasks.add — returns {count, ids[], status} by default","duration":3.860345999999936,"failureMessages":[],"meta":{},"tags":[]},{"ancestorTitles":["createMutateMinimalEnvelope middleware"],"fullName":"createMutateMinimalEnvelope middleware tasks.add-batch — returns {count, ids[]} for the entire batch","status":"passed","title":"tasks.add-batch — returns {count, ids[]} for the entire batch","duration":0.512369999999919,"failureMessages":[],"meta":{},"tags":[]},{"ancestorTitles":["createMutateMinimalEnvelope middleware"],"fullName":"createMutateMinimalEnvelope middleware tasks.update — returns {count, ids[], changes, status}","status":"passed","title":"tasks.update — returns {count, ids[], changes, status}","duration":0.44669599999997445,"failureMessages":[],"meta":{},"tags":[]},{"ancestorTitles":["createMutateMinimalEnvelope middleware"],"fullName":"createMutateMinimalEnvelope middleware tasks.complete — returns {count, ids[], status, completedAt}","status":"passed","title":"tasks.complete — returns {count, ids[], status, completedAt}","duration":0.4944580000001224,"failureMessages":[],"meta":{},"tags":[]},{"ancestorTitles":["createMutateMinimalEnvelope middleware"],"fullName":"createMutateMinimalEnvelope middleware tasks.delete — returns {count, ids[], status}","status":"passed","title":"tasks.delete — returns {count, ids[], status}","duration":0.4347969999998895,"failureMessages":[],"meta":{},"tags":[]},{"ancestorTitles":["createMutateMinimalEnvelope middleware"],"fullName":"createMutateMinimalEnvelope middleware --full opt-out (global) restores the full record for every mutate op","status":"passed","title":"--full opt-out (global) restores the full record for every mutate op","duration":0.47076600000036706,"failureMessages":[],"meta":{},"tags":[]},{"ancestorTitles":["createMutateMinimalEnvelope middleware"],"fullName":"createMutateMinimalEnvelope middleware honours a per-request _projection override even when the global flag is set","status":"passed","title":"honours a per-request _projection override even when the global flag is set","duration":0.3082960000001549,"failureMessages":[],"meta":{},"tags":[]},{"ancestorTitles":["createMutateMinimalEnvelope middleware"],"fullName":"createMutateMinimalEnvelope middleware prevalidates projected --field paths before invoking the mutation","status":"passed","title":"prevalidates projected --field paths before invoking the mutation","duration":0.6730619999998453,"failureMessages":[],"meta":{},"tags":[]},{"ancestorTitles":["createMutateMinimalEnvelope middleware"],"fullName":"createMutateMinimalEnvelope middleware allows deprecated /data/ids/0 field paths through to the projected envelope","status":"passed","title":"allows deprecated /data/ids/0 field paths through to the projected envelope","duration":0.38990899999998874,"failureMessages":[],"meta":{},"tags":[]},{"ancestorTitles":["createMutateMinimalEnvelope middleware"],"fullName":"createMutateMinimalEnvelope middleware returns partial success with created IDs when post-write projection fails","status":"passed","title":"returns partial success with created IDs when post-write projection fails","duration":0.6817590000000564,"failureMessages":[],"meta":{},"tags":[]},{"ancestorTitles":["createMutateMinimalEnvelope middleware"],"fullName":"createMutateMinimalEnvelope middleware preserves meta.suggestedNext set by the upstream handler (T9921)","status":"passed","title":"preserves meta.suggestedNext set by the upstream handler (T9921)","duration":0.16225600000007034,"failureMessages":[],"meta":{},"tags":[]},{"ancestorTitles":["createMutateMinimalEnvelope middleware"],"fullName":"createMutateMinimalEnvelope middleware does not project ops absent from MUTATE_PROJECTION_PLANS","status":"passed","title":"does not project ops absent from MUTATE_PROJECTION_PLANS","duration":0.09891900000002352,"failureMessages":[],"meta":{},"tags":[]},{"ancestorTitles":["createMutateMinimalEnvelope middleware"],"fullName":"createMutateMinimalEnvelope middleware stamps meta.mutateProjection on error envelopes too","status":"passed","title":"stamps meta.mutateProjection on error envelopes too","duration":0.09220000000004802,"failureMessages":[],"meta":{},"tags":[]}],"startTime":1779756360013,"endTime":1779756360022.1624,"status":"passed","message":"","name":"/home/keatonhoskins/.local/share/cleo/worktrees/1e3146b7352ba279/T10601/packages/cleo/src/dispatch/middleware/__tests__/mutate-minimal-envelope.test.ts"}]}