{"numTotalTestSuites":9,"numPassedTestSuites":9,"numFailedTestSuites":0,"numPendingTestSuites":0,"numTotalTests":16,"numPassedTests":16,"numFailedTests":0,"numPendingTests":0,"numTodoTests":0,"snapshot":{"added":0,"failure":false,"filesAdded":0,"filesRemoved":0,"filesRemovedList":[],"filesUnmatched":0,"filesUpdated":0,"matched":0,"total":0,"unchecked":0,"uncheckedKeysByFile":[],"unmatched":0,"updated":0,"didUpdate":false},"startTime":1779777673097,"success":true,"testResults":[{"assertionResults":[{"ancestorTitles":["acItemToText"],"fullName":"acItemToText passes strings through unchanged (trimmed)","status":"passed","title":"passes strings through unchanged (trimmed)","duration":0.879043999999908,"failureMessages":[],"meta":{},"tags":[]},{"ancestorTitles":["acItemToText"],"fullName":"acItemToText canonical JSON-serialises structured acceptance gates with stable key order","status":"passed","title":"canonical JSON-serialises structured acceptance gates with stable key order","duration":4.816606999999976,"failureMessages":[],"meta":{},"tags":[]},{"ancestorTitles":["buildFreshAcRows"],"fullName":"buildFreshAcRows returns empty array for undefined / empty input","status":"passed","title":"returns empty array for undefined / empty input","duration":0.1487369999999828,"failureMessages":[],"meta":{},"tags":[]},{"ancestorTitles":["buildFreshAcRows"],"fullName":"buildFreshAcRows assigns deterministic UUID-shaped IDs + source keys and 1-based ordinals","status":"passed","title":"assigns deterministic UUID-shaped IDs + source keys and 1-based ordinals","duration":1.4318630000000212,"failureMessages":[],"meta":{},"tags":[]},{"ancestorTitles":["buildFreshAcRows"],"fullName":"buildFreshAcRows keeps AC ids independent from ordinal while source keys retain ordinal provenance","status":"passed","title":"keeps AC ids independent from ordinal while source keys retain ordinal provenance","duration":0.29321600000002945,"failureMessages":[],"meta":{},"tags":[]},{"ancestorTitles":["buildFreshAcRows"],"fullName":"buildFreshAcRows fails loudly before DB write when duplicate canonical AC bodies collide","status":"passed","title":"fails loudly before DB write when duplicate canonical AC bodies collide","duration":0.48924700000009125,"failureMessages":[],"meta":{},"tags":[]},{"ancestorTitles":["buildFreshAcRows"],"fullName":"buildFreshAcRows preserves AC text via acItemToText","status":"passed","title":"preserves AC text via acItemToText","duration":0.13399300000003223,"failureMessages":[],"meta":{},"tags":[]},{"ancestorTitles":["buildFreshAcRows"],"fullName":"buildFreshAcRows projects structured gates as evidence_bound AC rows with canonical hashes","status":"passed","title":"projects structured gates as evidence_bound AC rows with canonical hashes","duration":0.5150039999999763,"failureMessages":[],"meta":{},"tags":[]},{"ancestorTitles":["planAcUpdate — create from empty (extend semantic)"],"fullName":"planAcUpdate — create from empty (extend semantic) inserts all rows when task has no existing AC rows","status":"passed","title":"inserts all rows when task has no existing AC rows","duration":0.24218499999994947,"failureMessages":[],"meta":{},"tags":[]},{"ancestorTitles":["planAcUpdate — extend (was N, now N+M with prefix match)"],"fullName":"planAcUpdate — extend (was N, now N+M with prefix match) appends new rows at maxOrdinal+1 and leaves existing rows untouched","status":"passed","title":"appends new rows at maxOrdinal+1 and leaves existing rows untouched","duration":0.21117999999989934,"failureMessages":[],"meta":{},"tags":[]},{"ancestorTitles":["planAcUpdate — extend (was N, now N+M with prefix match)"],"fullName":"planAcUpdate — extend (was N, now N+M with prefix match) continues from highest existing ordinal even when ordinals have gaps","status":"passed","title":"continues from highest existing ordinal even when ordinals have gaps","duration":0.16203700000005483,"failureMessages":[],"meta":{},"tags":[]},{"ancestorTitles":["planAcUpdate — shrink (was N, now M < N with strict prefix)"],"fullName":"planAcUpdate — shrink (was N, now M < N with strict prefix) moves trailing rows to history and re-inserts the kept prefix","status":"passed","title":"moves trailing rows to history and re-inserts the kept prefix","duration":0.25171499999999014,"failureMessages":[],"meta":{},"tags":[]},{"ancestorTitles":["planAcUpdate — replace-all (mid-edit / reorder / mixed)"],"fullName":"planAcUpdate — replace-all (mid-edit / reorder / mixed) treats text drift as wholesale rewrite — all existing → history, all new inserted from ordinal=1","status":"passed","title":"treats text drift as wholesale rewrite — all existing → history, all new inserted from ordinal=1","duration":0.3884049999999206,"failureMessages":[],"meta":{},"tags":[]},{"ancestorTitles":["planAcUpdate — replace-all (mid-edit / reorder / mixed)"],"fullName":"planAcUpdate — replace-all (mid-edit / reorder / mixed) reorder counts as replace-all (no prefix match → full rewrite)","status":"passed","title":"reorder counts as replace-all (no prefix match → full rewrite)","duration":0.19887899999991987,"failureMessages":[],"meta":{},"tags":[]},{"ancestorTitles":["planAcUpdate — idempotency (no-op when input equals existing)"],"fullName":"planAcUpdate — idempotency (no-op when input equals existing) extend-with-zero-tail emits empty plan when texts match exactly","status":"passed","title":"extend-with-zero-tail emits empty plan when texts match exactly","duration":0.10653200000001561,"failureMessages":[],"meta":{},"tags":[]},{"ancestorTitles":["planAcUpdate — edge cases"],"fullName":"planAcUpdate — edge cases handles empty incoming (shrink to zero) by moving all rows to history","status":"passed","title":"handles empty incoming (shrink to zero) by moving all rows to history","duration":0.12032999999996719,"failureMessages":[],"meta":{},"tags":[]}],"startTime":1779777674474,"endTime":1779777674484.3884,"status":"passed","message":"","name":"/home/keatonhoskins/.local/share/cleo/worktrees/1e3146b7352ba279/T10588/packages/core/src/tasks/__tests__/ac-table.test.ts"}]}