{"numTotalTestSuites":6,"numPassedTestSuites":6,"numFailedTestSuites":0,"numPendingTestSuites":0,"numTotalTests":13,"numPassedTests":13,"numFailedTests":0,"numPendingTests":0,"numTodoTests":0,"snapshot":{"added":0,"failure":false,"filesAdded":0,"filesRemoved":0,"filesRemovedList":[],"filesUnmatched":0,"filesUpdated":0,"matched":0,"total":0,"unchecked":0,"uncheckedKeysByFile":[],"unmatched":0,"updated":0,"didUpdate":false},"startTime":1779847000053,"success":true,"testResults":[{"assertionResults":[{"ancestorTitles":["createWorktree — branch provisioning (T1878)"],"fullName":"createWorktree — branch provisioning (T1878) creates a new branch and returns reused=false on first spawn","status":"passed","title":"creates a new branch and returns reused=false on first spawn","duration":40.033457,"failureMessages":[],"meta":{},"tags":[]},{"ancestorTitles":["createWorktree — branch provisioning (T1878)"],"fullName":"createWorktree — branch provisioning (T1878) reuses an existing task branch and returns reused=true","status":"passed","title":"reuses an existing task branch and returns reused=true","duration":39.16243799999995,"failureMessages":[],"meta":{},"tags":[]},{"ancestorTitles":["createWorktree — branch provisioning (T1878)"],"fullName":"createWorktree — branch provisioning (T1878) throws E_DIRTY_BRANCH when task branch has orphan commits not reachable from HEAD (T1927)","status":"passed","title":"throws E_DIRTY_BRANCH when task branch has orphan commits not reachable from HEAD (T1927)","duration":49.671363999999926,"failureMessages":[],"meta":{},"tags":[]},{"ancestorTitles":["createWorktree — branch provisioning (T1878)"],"fullName":"createWorktree — branch provisioning (T1878) deletes orphan branch and creates clean one when forceReset=true (T1927)","status":"passed","title":"deletes orphan branch and creates clean one when forceReset=true (T1927)","duration":69.187184,"failureMessages":[],"meta":{},"tags":[]}],"startTime":1779847000752,"endTime":1779847000950.1873,"status":"passed","message":"","name":"/mnt/projects/cleocode/packages/worktree/src/__tests__/worktree-branch-reuse.test.ts"},{"assertionResults":[{"ancestorTitles":["createWorktree — location guard (T9809)"],"fullName":"createWorktree — location guard (T9809) creates a worktree at the canonical XDG path when CLEO_HOME is set","status":"passed","title":"creates a worktree at the canonical XDG path when CLEO_HOME is set","duration":39.107173999999986,"failureMessages":[],"meta":{},"tags":[]},{"ancestorTitles":["createWorktree — location guard (T9809)"],"fullName":"createWorktree — location guard (T9809) throws E_WT_LOCATION_FORBIDDEN for a path outside canonical XDG root","status":"passed","title":"throws E_WT_LOCATION_FORBIDDEN for a path outside canonical XDG root","duration":18.618386999999984,"failureMessages":[],"meta":{},"tags":[]},{"ancestorTitles":["createWorktree — location guard (T9809)"],"fullName":"createWorktree — location guard (T9809) CLEO_FORCE_LOCATION env var does NOT disable the guard (no escape hatch)","status":"passed","title":"CLEO_FORCE_LOCATION env var does NOT disable the guard (no escape hatch)","duration":31.585110999999984,"failureMessages":[],"meta":{},"tags":[]},{"ancestorTitles":["createWorktree — location guard (T9809)"],"fullName":"createWorktree — location guard (T9809) guard error message includes the forbidden path and canonical root","status":"passed","title":"guard error message includes the forbidden path and canonical root","duration":19.292397999999935,"failureMessages":[],"meta":{},"tags":[]}],"startTime":1779847000753,"endTime":1779847000861.2925,"status":"passed","message":"","name":"/mnt/projects/cleocode/packages/worktree/src/__tests__/worktree-create-location-guard.test.ts"},{"assertionResults":[{"ancestorTitles":["installWorktreeDependencies (T9938)"],"fullName":"installWorktreeDependencies (T9938) returns false when pnpm-lock.yaml does not exist in worktree","status":"passed","title":"returns false when pnpm-lock.yaml does not exist in worktree","duration":1.2477969999999914,"failureMessages":[],"meta":{},"tags":[]},{"ancestorTitles":["installWorktreeDependencies (T9938)"],"fullName":"installWorktreeDependencies (T9938) returns true when node_modules already exists (idempotent)","status":"passed","title":"returns true when node_modules already exists (idempotent)","duration":0.3949339999999779,"failureMessages":[],"meta":{},"tags":[]},{"ancestorTitles":["installWorktreeDependencies (T9938)"],"fullName":"installWorktreeDependencies (T9938) acquires and releases the lock file after pnpm install attempt","status":"passed","title":"acquires and releases the lock file after pnpm install attempt","duration":759.2087200000001,"failureMessages":[],"meta":{},"tags":[]},{"ancestorTitles":["installWorktreeDependencies (T9938)"],"fullName":"installWorktreeDependencies (T9938) creates per-worktree .npmrc when lockfile exists","status":"passed","title":"creates per-worktree .npmrc when lockfile exists","duration":738.4273109999999,"failureMessages":[],"meta":{},"tags":[]},{"ancestorTitles":["installWorktreeDependencies (T9938)"],"fullName":"installWorktreeDependencies (T9938) does not run when node_modules already exists (skips install)","status":"passed","title":"does not run when node_modules already exists (skips install)","duration":0.5154720000000452,"failureMessages":[],"meta":{},"tags":[]}],"startTime":1779847000258,"endTime":1779847001757.5154,"status":"passed","message":"","name":"/mnt/projects/cleocode/packages/worktree/src/__tests__/worktree-pnpm.test.ts"}]}