{"numTotalTestSuites":6,"numPassedTestSuites":6,"numFailedTestSuites":0,"numPendingTestSuites":0,"numTotalTests":10,"numPassedTests":10,"numFailedTests":0,"numPendingTests":0,"numTodoTests":0,"snapshot":{"added":0,"failure":false,"filesAdded":0,"filesRemoved":0,"filesRemovedList":[],"filesUnmatched":0,"filesUpdated":0,"matched":0,"total":0,"unchecked":0,"uncheckedKeysByFile":[],"unmatched":0,"updated":0,"didUpdate":false},"startTime":1779774772617,"success":true,"testResults":[{"assertionResults":[{"ancestorTitles":["PM-Core V2 WorkGraph architecture"],"fullName":"PM-Core V2 WorkGraph architecture exposes WorkGraph public types from contracts and core without exposing storage","status":"passed","title":"exposes WorkGraph public types from contracts and core without exposing storage","duration":1.5196940000000012,"failureMessages":[],"meta":{},"tags":[]},{"ancestorTitles":["PM-Core V2 WorkGraph architecture"],"fullName":"PM-Core V2 WorkGraph architecture keeps recursive task hierarchy SQL inside core-owned storage/traversal modules","status":"passed","title":"keeps recursive task hierarchy SQL inside core-owned storage/traversal modules","duration":109.71433900000001,"failureMessages":[],"meta":{},"tags":[]},{"ancestorTitles":["PM-Core V2 WorkGraph architecture"],"fullName":"PM-Core V2 WorkGraph architecture forbids legacy task_relations.groups from being used as a hierarchy traversal source","status":"passed","title":"forbids legacy task_relations.groups from being used as a hierarchy traversal source","duration":112.65176500000001,"failureMessages":[],"meta":{},"tags":[]},{"ancestorTitles":["PM-Core V2 WorkGraph architecture"],"fullName":"PM-Core V2 WorkGraph architecture ignores legacy groups fixtures while still catching production traversal shortcuts","status":"passed","title":"ignores legacy groups fixtures while still catching production traversal shortcuts","duration":0.26950399999998353,"failureMessages":[],"meta":{},"tags":[]}],"startTime":1779774774190,"endTime":1779774774414.2695,"status":"passed","message":"","name":"/home/keatonhoskins/.local/share/cleo/worktrees/1e3146b7352ba279/T10577/packages/core/src/tasks/__tests__/workgraph-architecture.test.ts"},{"assertionResults":[{"ancestorTitles":["SqliteWorkGraphContainmentQueryService"],"fullName":"SqliteWorkGraphContainmentQueryService loads ancestor chains for multiple roots with one parent_id-only recursive query","status":"passed","title":"loads ancestor chains for multiple roots with one parent_id-only recursive query","duration":3.135351000000014,"failureMessages":[],"meta":{},"tags":[]},{"ancestorTitles":["SqliteWorkGraphContainmentQueryService"],"fullName":"SqliteWorkGraphContainmentQueryService loads direct children for multiple parents with one parent_id batch query","status":"passed","title":"loads direct children for multiple parents with one parent_id batch query","duration":0.3522429999999872,"failureMessages":[],"meta":{},"tags":[]}],"startTime":1779774774467,"endTime":1779774774470.3523,"status":"passed","message":"","name":"/home/keatonhoskins/.local/share/cleo/worktrees/1e3146b7352ba279/T10577/packages/core/src/workgraph/__tests__/containment.test.ts"},{"assertionResults":[{"ancestorTitles":["validateWorkGraphHierarchy"],"fullName":"validateWorkGraphHierarchy accepts the canonical saga -> epic -> task -> subtask hierarchy shape","status":"passed","title":"accepts the canonical saga -> epic -> task -> subtask hierarchy shape","duration":1.2040000000000077,"failureMessages":[],"meta":{},"tags":[]},{"ancestorTitles":["validateWorkGraphHierarchy"],"fullName":"validateWorkGraphHierarchy rejects saga parent_id so Saga membership stays relation-backed","status":"passed","title":"rejects saga parent_id so Saga membership stays relation-backed","duration":0.29964100000000826,"failureMessages":[],"meta":{},"tags":[]},{"ancestorTitles":["validateWorkGraphHierarchy"],"fullName":"validateWorkGraphHierarchy rejects epic parents, task-under-task, and child-under-subtask matrix breaches","status":"passed","title":"rejects epic parents, task-under-task, and child-under-subtask matrix breaches","duration":0.20872200000002294,"failureMessages":[],"meta":{},"tags":[]},{"ancestorTitles":["validateWorkGraphHierarchy"],"fullName":"validateWorkGraphHierarchy can throw with stable diagnostics for callers that need fail-fast enforcement","status":"passed","title":"can throw with stable diagnostics for callers that need fail-fast enforcement","duration":0.5036110000000349,"failureMessages":[],"meta":{},"tags":[]}],"startTime":1779774774466,"endTime":1779774774467.5037,"status":"passed","message":"","name":"/home/keatonhoskins/.local/share/cleo/worktrees/1e3146b7352ba279/T10577/packages/core/src/workgraph/__tests__/hierarchy-invariants.test.ts"}]}